[1.686s] Invoking command in '/home/eth/ros2_ws/build/autonomous_rov': PYTHONPATH=/home/eth/ros2_ws/build/autonomous_rov/prefix_override:/usr/lib/python3/dist-packages/colcon_core/task/python/colcon_distutils_commands:/home/eth/ros2_ws/install/autonomous_rov/lib/python3.10/site-packages:${PYTHONPATH} /usr/bin/python3 -W ignore:setup.py install is deprecated setup.py develop --editable --build-directory /home/eth/ros2_ws/build/autonomous_rov/build --no-deps symlink_data --force
[2.308s] running develop
[2.309s] /home/eth/.local/lib/python3.10/site-packages/setuptools/command/develop.py:42: EasyInstallDeprecationWarning: easy_install command is deprecated.
[2.309s] !!
[2.309s] 
[2.309s]         ********************************************************************************
[2.309s]         Please avoid running ``setup.py`` and ``easy_install``.
[2.309s]         Instead, use pypa/build, pypa/installer or other
[2.309s]         standards-based tools.
[2.309s] 
[2.310s]         See https://github.com/pypa/setuptools/issues/917 for details.
[2.310s]         ********************************************************************************
[2.310s] 
[2.310s] !!
[2.310s]   easy_install.initialize_options(self)
[2.794s] running egg_info
[2.830s] writing autonomous_rov.egg-info/PKG-INFO
[2.830s] writing dependency_links to autonomous_rov.egg-info/dependency_links.txt
[2.830s] writing entry points to autonomous_rov.egg-info/entry_points.txt
[2.831s] writing requirements to autonomous_rov.egg-info/requires.txt
[2.831s] writing top-level names to autonomous_rov.egg-info/top_level.txt
[2.900s] reading manifest file 'autonomous_rov.egg-info/SOURCES.txt'
[2.902s] writing manifest file 'autonomous_rov.egg-info/SOURCES.txt'
[2.932s] running build_ext
[2.932s] Creating /home/eth/ros2_ws/install/autonomous_rov/lib/python3.10/site-packages/autonomous-rov.egg-link (link to .)
[2.932s] Installing listenerMIR script to /home/eth/ros2_ws/install/autonomous_rov/lib/autonomous_rov
[2.932s] Installing video script to /home/eth/ros2_ws/install/autonomous_rov/lib/autonomous_rov
[2.933s] 
[2.933s] Installed /home/eth/ros2_ws/build/autonomous_rov
[2.933s] running symlink_data
[2.934s] symbolically linking /home/eth/ros2_ws/build/autonomous_rov/resource/autonomous_rov -> /home/eth/ros2_ws/install/autonomous_rov/share/ament_index/resource_index/packages
[2.934s] symbolically linking /home/eth/ros2_ws/build/autonomous_rov/package.xml -> /home/eth/ros2_ws/install/autonomous_rov/share/autonomous_rov
[2.934s] symbolically linking /home/eth/ros2_ws/build/autonomous_rov/launch/run_autonomous_rov.launch.py -> /home/eth/ros2_ws/install/autonomous_rov/share/autonomous_rov/launch
[2.935s] symbolically linking /home/eth/ros2_ws/build/autonomous_rov/launch/video.launch.py -> /home/eth/ros2_ws/install/autonomous_rov/share/autonomous_rov/launch
[2.935s] symbolically linking /home/eth/ros2_ws/build/autonomous_rov/launch/run_teleop.launch -> /home/eth/ros2_ws/install/autonomous_rov/share/autonomous_rov/launch
[2.935s] symbolically linking /home/eth/ros2_ws/build/autonomous_rov/launch/run_mavros_only.launch -> /home/eth/ros2_ws/install/autonomous_rov/share/autonomous_rov/launch
[2.935s] symbolically linking /home/eth/ros2_ws/build/autonomous_rov/launch/run_mavros_teleop.launch -> /home/eth/ros2_ws/install/autonomous_rov/share/autonomous_rov/launch
[2.935s] symbolically linking /home/eth/ros2_ws/build/autonomous_rov/launch/run_all.launch -> /home/eth/ros2_ws/install/autonomous_rov/share/autonomous_rov/launch
[2.936s] symbolically linking /home/eth/ros2_ws/build/autonomous_rov/config/xbox.config.yaml -> /home/eth/ros2_ws/install/autonomous_rov/share/autonomous_rov/config
[2.988s] Invoked command in '/home/eth/ros2_ws/build/autonomous_rov' returned '0': PYTHONPATH=/home/eth/ros2_ws/build/autonomous_rov/prefix_override:/usr/lib/python3/dist-packages/colcon_core/task/python/colcon_distutils_commands:/home/eth/ros2_ws/install/autonomous_rov/lib/python3.10/site-packages:${PYTHONPATH} /usr/bin/python3 -W ignore:setup.py install is deprecated setup.py develop --editable --build-directory /home/eth/ros2_ws/build/autonomous_rov/build --no-deps symlink_data --force
