running egg_info
creating ../../build/autonomous_rov/autonomous_rov.egg-info
writing ../../build/autonomous_rov/autonomous_rov.egg-info/PKG-INFO
writing dependency_links to ../../build/autonomous_rov/autonomous_rov.egg-info/dependency_links.txt
writing entry points to ../../build/autonomous_rov/autonomous_rov.egg-info/entry_points.txt
writing requirements to ../../build/autonomous_rov/autonomous_rov.egg-info/requires.txt
writing top-level names to ../../build/autonomous_rov/autonomous_rov.egg-info/top_level.txt
writing manifest file '../../build/autonomous_rov/autonomous_rov.egg-info/SOURCES.txt'
reading manifest file '../../build/autonomous_rov/autonomous_rov.egg-info/SOURCES.txt'
writing manifest file '../../build/autonomous_rov/autonomous_rov.egg-info/SOURCES.txt'
running build
running build_py
creating /home/eth/ros2_ws/build/autonomous_rov/build
creating /home/eth/ros2_ws/build/autonomous_rov/build/lib
creating /home/eth/ros2_ws/build/autonomous_rov/build/lib/autonomous_rov
copying autonomous_rov/listenerMIR.py -> /home/eth/ros2_ws/build/autonomous_rov/build/lib/autonomous_rov
copying autonomous_rov/__init__.py -> /home/eth/ros2_ws/build/autonomous_rov/build/lib/autonomous_rov
copying autonomous_rov/video.py -> /home/eth/ros2_ws/build/autonomous_rov/build/lib/autonomous_rov
running install
running install_lib
creating /home/eth/ros2_ws/install/autonomous_rov/lib/python3.10/site-packages/autonomous_rov
copying /home/eth/ros2_ws/build/autonomous_rov/build/lib/autonomous_rov/listenerMIR.py -> /home/eth/ros2_ws/install/autonomous_rov/lib/python3.10/site-packages/autonomous_rov
copying /home/eth/ros2_ws/build/autonomous_rov/build/lib/autonomous_rov/__init__.py -> /home/eth/ros2_ws/install/autonomous_rov/lib/python3.10/site-packages/autonomous_rov
copying /home/eth/ros2_ws/build/autonomous_rov/build/lib/autonomous_rov/video.py -> /home/eth/ros2_ws/install/autonomous_rov/lib/python3.10/site-packages/autonomous_rov
byte-compiling /home/eth/ros2_ws/install/autonomous_rov/lib/python3.10/site-packages/autonomous_rov/listenerMIR.py to listenerMIR.cpython-310.pyc
byte-compiling /home/eth/ros2_ws/install/autonomous_rov/lib/python3.10/site-packages/autonomous_rov/__init__.py to __init__.cpython-310.pyc
byte-compiling /home/eth/ros2_ws/install/autonomous_rov/lib/python3.10/site-packages/autonomous_rov/video.py to video.cpython-310.pyc
running install_data
creating /home/eth/ros2_ws/install/autonomous_rov/share/ament_index
creating /home/eth/ros2_ws/install/autonomous_rov/share/ament_index/resource_index
creating /home/eth/ros2_ws/install/autonomous_rov/share/ament_index/resource_index/packages
copying resource/autonomous_rov -> /home/eth/ros2_ws/install/autonomous_rov/share/ament_index/resource_index/packages
copying package.xml -> /home/eth/ros2_ws/install/autonomous_rov/share/autonomous_rov
creating /home/eth/ros2_ws/install/autonomous_rov/share/autonomous_rov/launch
copying launch/run_autonomous_rov.launch.py -> /home/eth/ros2_ws/install/autonomous_rov/share/autonomous_rov/launch
copying launch/video.launch.py -> /home/eth/ros2_ws/install/autonomous_rov/share/autonomous_rov/launch
copying launch/run_teleop.launch -> /home/eth/ros2_ws/install/autonomous_rov/share/autonomous_rov/launch
copying launch/run_mavros_only.launch -> /home/eth/ros2_ws/install/autonomous_rov/share/autonomous_rov/launch
copying launch/run_mavros_teleop.launch -> /home/eth/ros2_ws/install/autonomous_rov/share/autonomous_rov/launch
copying launch/run_all.launch -> /home/eth/ros2_ws/install/autonomous_rov/share/autonomous_rov/launch
creating /home/eth/ros2_ws/install/autonomous_rov/share/autonomous_rov/config
copying config/xbox.config.yaml -> /home/eth/ros2_ws/install/autonomous_rov/share/autonomous_rov/config
running install_egg_info
Copying ../../build/autonomous_rov/autonomous_rov.egg-info to /home/eth/ros2_ws/install/autonomous_rov/lib/python3.10/site-packages/autonomous_rov-0.0.0-py3.10.egg-info
running install_scripts
Installing listenerMIR script to /home/eth/ros2_ws/install/autonomous_rov/lib/autonomous_rov
Installing video script to /home/eth/ros2_ws/install/autonomous_rov/lib/autonomous_rov
writing list of installed files to '/home/eth/ros2_ws/build/autonomous_rov/install.log'
