[0.627s] Invoking command in '/home/eth/ros2_ws/src/autonomous_rov': PYTHONPATH=/home/eth/ros2_ws/build/autonomous_rov/prefix_override:/usr/lib/python3/dist-packages/colcon_core/task/python/colcon_distutils_commands:/home/eth/ros2_ws/install/autonomous_rov/lib/python3.10/site-packages:${PYTHONPATH} /usr/bin/python3 -W ignore:setup.py install is deprecated setup.py egg_info --egg-base ../../build/autonomous_rov build --build-base /home/eth/ros2_ws/build/autonomous_rov/build install --record /home/eth/ros2_ws/build/autonomous_rov/install.log --single-version-externally-managed install_data
[0.887s] running egg_info
[0.887s] creating ../../build/autonomous_rov/autonomous_rov.egg-info
[0.887s] writing ../../build/autonomous_rov/autonomous_rov.egg-info/PKG-INFO
[0.887s] writing dependency_links to ../../build/autonomous_rov/autonomous_rov.egg-info/dependency_links.txt
[0.888s] writing entry points to ../../build/autonomous_rov/autonomous_rov.egg-info/entry_points.txt
[0.888s] writing requirements to ../../build/autonomous_rov/autonomous_rov.egg-info/requires.txt
[0.888s] writing top-level names to ../../build/autonomous_rov/autonomous_rov.egg-info/top_level.txt
[0.888s] writing manifest file '../../build/autonomous_rov/autonomous_rov.egg-info/SOURCES.txt'
[0.889s] reading manifest file '../../build/autonomous_rov/autonomous_rov.egg-info/SOURCES.txt'
[0.890s] writing manifest file '../../build/autonomous_rov/autonomous_rov.egg-info/SOURCES.txt'
[0.890s] running build
[0.890s] running build_py
[0.890s] creating /home/eth/ros2_ws/build/autonomous_rov/build
[0.890s] creating /home/eth/ros2_ws/build/autonomous_rov/build/lib
[0.890s] creating /home/eth/ros2_ws/build/autonomous_rov/build/lib/autonomous_rov
[0.890s] copying autonomous_rov/listenerMIR.py -> /home/eth/ros2_ws/build/autonomous_rov/build/lib/autonomous_rov
[0.890s] copying autonomous_rov/__init__.py -> /home/eth/ros2_ws/build/autonomous_rov/build/lib/autonomous_rov
[0.891s] copying autonomous_rov/video.py -> /home/eth/ros2_ws/build/autonomous_rov/build/lib/autonomous_rov
[0.891s] running install
[0.891s] running install_lib
[0.891s] creating /home/eth/ros2_ws/install/autonomous_rov/lib/python3.10/site-packages/autonomous_rov
[0.891s] copying /home/eth/ros2_ws/build/autonomous_rov/build/lib/autonomous_rov/listenerMIR.py -> /home/eth/ros2_ws/install/autonomous_rov/lib/python3.10/site-packages/autonomous_rov
[0.891s] copying /home/eth/ros2_ws/build/autonomous_rov/build/lib/autonomous_rov/__init__.py -> /home/eth/ros2_ws/install/autonomous_rov/lib/python3.10/site-packages/autonomous_rov
[0.892s] copying /home/eth/ros2_ws/build/autonomous_rov/build/lib/autonomous_rov/video.py -> /home/eth/ros2_ws/install/autonomous_rov/lib/python3.10/site-packages/autonomous_rov
[0.892s] byte-compiling /home/eth/ros2_ws/install/autonomous_rov/lib/python3.10/site-packages/autonomous_rov/listenerMIR.py to listenerMIR.cpython-310.pyc
[0.894s] byte-compiling /home/eth/ros2_ws/install/autonomous_rov/lib/python3.10/site-packages/autonomous_rov/__init__.py to __init__.cpython-310.pyc
[0.895s] byte-compiling /home/eth/ros2_ws/install/autonomous_rov/lib/python3.10/site-packages/autonomous_rov/video.py to video.cpython-310.pyc
[0.895s] running install_data
[0.895s] creating /home/eth/ros2_ws/install/autonomous_rov/share/ament_index
[0.896s] creating /home/eth/ros2_ws/install/autonomous_rov/share/ament_index/resource_index
[0.896s] creating /home/eth/ros2_ws/install/autonomous_rov/share/ament_index/resource_index/packages
[0.896s] copying resource/autonomous_rov -> /home/eth/ros2_ws/install/autonomous_rov/share/ament_index/resource_index/packages
[0.896s] copying package.xml -> /home/eth/ros2_ws/install/autonomous_rov/share/autonomous_rov
[0.896s] creating /home/eth/ros2_ws/install/autonomous_rov/share/autonomous_rov/launch
[0.896s] copying launch/run_autonomous_rov.launch.py -> /home/eth/ros2_ws/install/autonomous_rov/share/autonomous_rov/launch
[0.896s] copying launch/video.launch.py -> /home/eth/ros2_ws/install/autonomous_rov/share/autonomous_rov/launch
[0.896s] copying launch/run_teleop.launch -> /home/eth/ros2_ws/install/autonomous_rov/share/autonomous_rov/launch
[0.896s] copying launch/run_mavros_only.launch -> /home/eth/ros2_ws/install/autonomous_rov/share/autonomous_rov/launch
[0.896s] copying launch/run_mavros_teleop.launch -> /home/eth/ros2_ws/install/autonomous_rov/share/autonomous_rov/launch
[0.896s] copying launch/run_all.launch -> /home/eth/ros2_ws/install/autonomous_rov/share/autonomous_rov/launch
[0.896s] creating /home/eth/ros2_ws/install/autonomous_rov/share/autonomous_rov/config
[0.896s] copying config/xbox.config.yaml -> /home/eth/ros2_ws/install/autonomous_rov/share/autonomous_rov/config
[0.897s] running install_egg_info
[0.898s] Copying ../../build/autonomous_rov/autonomous_rov.egg-info to /home/eth/ros2_ws/install/autonomous_rov/lib/python3.10/site-packages/autonomous_rov-0.0.0-py3.10.egg-info
[0.899s] running install_scripts
[0.917s] Installing listenerMIR script to /home/eth/ros2_ws/install/autonomous_rov/lib/autonomous_rov
[0.917s] Installing video script to /home/eth/ros2_ws/install/autonomous_rov/lib/autonomous_rov
[0.917s] writing list of installed files to '/home/eth/ros2_ws/build/autonomous_rov/install.log'
[0.938s] Invoked command in '/home/eth/ros2_ws/src/autonomous_rov' returned '0': PYTHONPATH=/home/eth/ros2_ws/build/autonomous_rov/prefix_override:/usr/lib/python3/dist-packages/colcon_core/task/python/colcon_distutils_commands:/home/eth/ros2_ws/install/autonomous_rov/lib/python3.10/site-packages:${PYTHONPATH} /usr/bin/python3 -W ignore:setup.py install is deprecated setup.py egg_info --egg-base ../../build/autonomous_rov build --build-base /home/eth/ros2_ws/build/autonomous_rov/build install --record /home/eth/ros2_ws/build/autonomous_rov/install.log --single-version-externally-managed install_data
