/home/eth/ros2_ws/install/rov_practical/lib/python3.10/site-packages/rov_practical/__init__.py
/home/eth/ros2_ws/install/rov_practical/lib/python3.10/site-packages/rov_practical/tftext.py
/home/eth/ros2_ws/install/rov_practical/lib/python3.10/site-packages/rov_practical/unw.py
/home/eth/ros2_ws/install/rov_practical/lib/python3.10/site-packages/rov_practical/DDDQN.py
/home/eth/ros2_ws/install/rov_practical/lib/python3.10/site-packages/rov_practical/gazebo_world.py
/home/eth/ros2_ws/install/rov_practical/lib/python3.10/site-packages/rov_practical/models/__init__.py
/home/eth/ros2_ws/install/rov_practical/lib/python3.10/site-packages/rov_practical/models/mlp_policy.py
/home/eth/ros2_ws/install/rov_practical/lib/python3.10/site-packages/rov_practical/models/mlp_critic.py
/home/eth/ros2_ws/install/rov_practical/lib/python3.10/site-packages/rov_practical/__pycache__/__init__.cpython-310.pyc
/home/eth/ros2_ws/install/rov_practical/lib/python3.10/site-packages/rov_practical/__pycache__/tftext.cpython-310.pyc
/home/eth/ros2_ws/install/rov_practical/lib/python3.10/site-packages/rov_practical/__pycache__/unw.cpython-310.pyc
/home/eth/ros2_ws/install/rov_practical/lib/python3.10/site-packages/rov_practical/__pycache__/DDDQN.cpython-310.pyc
/home/eth/ros2_ws/install/rov_practical/lib/python3.10/site-packages/rov_practical/__pycache__/gazebo_world.cpython-310.pyc
/home/eth/ros2_ws/install/rov_practical/lib/python3.10/site-packages/rov_practical/models/__pycache__/__init__.cpython-310.pyc
/home/eth/ros2_ws/install/rov_practical/lib/python3.10/site-packages/rov_practical/models/__pycache__/mlp_policy.cpython-310.pyc
/home/eth/ros2_ws/install/rov_practical/lib/python3.10/site-packages/rov_practical/models/__pycache__/mlp_critic.cpython-310.pyc
/home/eth/ros2_ws/install/rov_practical/share/ament_index/resource_index/packages/rov_practical
/home/eth/ros2_ws/install/rov_practical/share/rov_practical/package.xml
/home/eth/ros2_ws/install/rov_practical/lib/python3.10/site-packages/rov_practical-0.0.0-py3.10.egg-info/requires.txt
/home/eth/ros2_ws/install/rov_practical/lib/python3.10/site-packages/rov_practical-0.0.0-py3.10.egg-info/entry_points.txt
/home/eth/ros2_ws/install/rov_practical/lib/python3.10/site-packages/rov_practical-0.0.0-py3.10.egg-info/zip-safe
/home/eth/ros2_ws/install/rov_practical/lib/python3.10/site-packages/rov_practical-0.0.0-py3.10.egg-info/PKG-INFO
/home/eth/ros2_ws/install/rov_practical/lib/python3.10/site-packages/rov_practical-0.0.0-py3.10.egg-info/dependency_links.txt
/home/eth/ros2_ws/install/rov_practical/lib/python3.10/site-packages/rov_practical-0.0.0-py3.10.egg-info/SOURCES.txt
/home/eth/ros2_ws/install/rov_practical/lib/python3.10/site-packages/rov_practical-0.0.0-py3.10.egg-info/top_level.txt
/home/eth/ros2_ws/install/rov_practical/lib/rov_practical/dddqn
/home/eth/ros2_ws/install/rov_practical/lib/rov_practical/tf
/home/eth/ros2_ws/install/rov_practical/lib/rov_practical/uw
