[8.195s] Invoking command in '/home/eth/ros2_ws/src/opencv_tools': PYTHONPATH=/home/eth/ros2_ws/build/opencv_tools/prefix_override:/usr/lib/python3/dist-packages/colcon_core/task/python/colcon_distutils_commands:/home/eth/ros2_ws/install/opencv_tools/lib/python3.10/site-packages:${PYTHONPATH} /usr/bin/python3 -W ignore:setup.py install is deprecated setup.py egg_info --egg-base ../../build/opencv_tools build --build-base /home/eth/ros2_ws/build/opencv_tools/build install --record /home/eth/ros2_ws/build/opencv_tools/install.log --single-version-externally-managed install_data
[10.618s] running egg_info
[10.786s] writing ../../build/opencv_tools/opencv_tools.egg-info/PKG-INFO
[10.790s] writing dependency_links to ../../build/opencv_tools/opencv_tools.egg-info/dependency_links.txt
[10.792s] writing entry points to ../../build/opencv_tools/opencv_tools.egg-info/entry_points.txt
[10.795s] writing requirements to ../../build/opencv_tools/opencv_tools.egg-info/requires.txt
[10.797s] writing top-level names to ../../build/opencv_tools/opencv_tools.egg-info/top_level.txt
[11.201s] reading manifest file '../../build/opencv_tools/opencv_tools.egg-info/SOURCES.txt'
[11.212s] writing manifest file '../../build/opencv_tools/opencv_tools.egg-info/SOURCES.txt'
[11.226s] running build
[11.227s] running build_py
[11.228s] copying opencv_tools/aruco_marker_pose_estimation_tf.py -> /home/eth/ros2_ws/build/opencv_tools/build/lib/opencv_tools
[11.230s] copying opencv_tools/basic_image_publisher.py -> /home/eth/ros2_ws/build/opencv_tools/build/lib/opencv_tools
[11.231s] copying opencv_tools/robot_goal_pos_extimation.py -> /home/eth/ros2_ws/build/opencv_tools/build/lib/opencv_tools
[11.231s] copying opencv_tools/basic_image_subscriber.py -> /home/eth/ros2_ws/build/opencv_tools/build/lib/opencv_tools
[11.232s] running install
[11.288s] running install_lib
[11.453s] running install_data
[11.455s] copying resource/opencv_tools -> /home/eth/ros2_ws/install/opencv_tools/share/ament_index/resource_index/packages
[11.455s] copying package.xml -> /home/eth/ros2_ws/install/opencv_tools/share/opencv_tools
[11.456s] running install_egg_info
[11.623s] removing '/home/eth/ros2_ws/install/opencv_tools/lib/python3.10/site-packages/opencv_tools-0.0.0-py3.10.egg-info' (and everything under it)
[11.626s] Copying ../../build/opencv_tools/opencv_tools.egg-info to /home/eth/ros2_ws/install/opencv_tools/lib/python3.10/site-packages/opencv_tools-0.0.0-py3.10.egg-info
[11.633s] running install_scripts
[13.161s] Installing aruco_marker_pose_estimator_tf script to /home/eth/ros2_ws/install/opencv_tools/lib/opencv_tools
[13.162s] Installing img_publisher script to /home/eth/ros2_ws/install/opencv_tools/lib/opencv_tools
[13.162s] Installing img_subscriber script to /home/eth/ros2_ws/install/opencv_tools/lib/opencv_tools
[13.162s] Installing robot_goal_pos_extimation script to /home/eth/ros2_ws/install/opencv_tools/lib/opencv_tools
[13.163s] writing list of installed files to '/home/eth/ros2_ws/build/opencv_tools/install.log'
[13.330s] Invoked command in '/home/eth/ros2_ws/src/opencv_tools' returned '0': PYTHONPATH=/home/eth/ros2_ws/build/opencv_tools/prefix_override:/usr/lib/python3/dist-packages/colcon_core/task/python/colcon_distutils_commands:/home/eth/ros2_ws/install/opencv_tools/lib/python3.10/site-packages:${PYTHONPATH} /usr/bin/python3 -W ignore:setup.py install is deprecated setup.py egg_info --egg-base ../../build/opencv_tools build --build-base /home/eth/ros2_ws/build/opencv_tools/build install --record /home/eth/ros2_ws/build/opencv_tools/install.log --single-version-externally-managed install_data
