[1.670s] Invoking command in '/home/eth/ros2_ws/src/rov_practical': PYTHONPATH=/home/eth/ros2_ws/build/rov_practical/prefix_override:/usr/lib/python3/dist-packages/colcon_core/task/python/colcon_distutils_commands:/home/eth/ros2_ws/install/rov_practical/lib/python3.10/site-packages:${PYTHONPATH} /usr/bin/python3 -W ignore:setup.py install is deprecated setup.py egg_info --egg-base ../../build/rov_practical build --build-base /home/eth/ros2_ws/build/rov_practical/build install --record /home/eth/ros2_ws/build/rov_practical/install.log --single-version-externally-managed install_data
[2.047s] running egg_info
[2.069s] writing ../../build/rov_practical/rov_practical.egg-info/PKG-INFO
[2.070s] writing dependency_links to ../../build/rov_practical/rov_practical.egg-info/dependency_links.txt
[2.070s] writing entry points to ../../build/rov_practical/rov_practical.egg-info/entry_points.txt
[2.070s] writing requirements to ../../build/rov_practical/rov_practical.egg-info/requires.txt
[2.070s] writing top-level names to ../../build/rov_practical/rov_practical.egg-info/top_level.txt
[2.118s] reading manifest file '../../build/rov_practical/rov_practical.egg-info/SOURCES.txt'
[2.119s] writing manifest file '../../build/rov_practical/rov_practical.egg-info/SOURCES.txt'
[2.119s] running build
[2.119s] running build_py
[2.119s] copying rov_practical/__init__.py -> /home/eth/ros2_ws/build/rov_practical/build/lib/rov_practical
[2.119s] copying rov_practical/tftext.py -> /home/eth/ros2_ws/build/rov_practical/build/lib/rov_practical
[2.120s] copying rov_practical/unw.py -> /home/eth/ros2_ws/build/rov_practical/build/lib/rov_practical
[2.120s] copying rov_practical/DDDQN.py -> /home/eth/ros2_ws/build/rov_practical/build/lib/rov_practical
[2.120s] copying rov_practical/gazebo_world.py -> /home/eth/ros2_ws/build/rov_practical/build/lib/rov_practical
[2.120s] copying rov_practical/models/__init__.py -> /home/eth/ros2_ws/build/rov_practical/build/lib/rov_practical/models
[2.120s] copying rov_practical/models/mlp_policy.py -> /home/eth/ros2_ws/build/rov_practical/build/lib/rov_practical/models
[2.121s] copying rov_practical/models/mlp_critic.py -> /home/eth/ros2_ws/build/rov_practical/build/lib/rov_practical/models
[2.121s] running install
[2.130s] running install_lib
[2.153s] copying /home/eth/ros2_ws/build/rov_practical/build/lib/rov_practical/tftext.py -> /home/eth/ros2_ws/install/rov_practical/lib/python3.10/site-packages/rov_practical
[2.154s] byte-compiling /home/eth/ros2_ws/install/rov_practical/lib/python3.10/site-packages/rov_practical/tftext.py to tftext.cpython-310.pyc
[2.155s] running install_data
[2.155s] copying resource/rov_practical -> /home/eth/ros2_ws/install/rov_practical/share/ament_index/resource_index/packages
[2.156s] copying package.xml -> /home/eth/ros2_ws/install/rov_practical/share/rov_practical
[2.156s] running install_egg_info
[2.180s] removing '/home/eth/ros2_ws/install/rov_practical/lib/python3.10/site-packages/rov_practical-0.0.0-py3.10.egg-info' (and everything under it)
[2.180s] Copying ../../build/rov_practical/rov_practical.egg-info to /home/eth/ros2_ws/install/rov_practical/lib/python3.10/site-packages/rov_practical-0.0.0-py3.10.egg-info
[2.181s] running install_scripts
[2.428s] Installing dddqn script to /home/eth/ros2_ws/install/rov_practical/lib/rov_practical
[2.428s] Installing tf script to /home/eth/ros2_ws/install/rov_practical/lib/rov_practical
[2.429s] Installing uw script to /home/eth/ros2_ws/install/rov_practical/lib/rov_practical
[2.429s] writing list of installed files to '/home/eth/ros2_ws/build/rov_practical/install.log'
[2.477s] Invoked command in '/home/eth/ros2_ws/src/rov_practical' returned '0': PYTHONPATH=/home/eth/ros2_ws/build/rov_practical/prefix_override:/usr/lib/python3/dist-packages/colcon_core/task/python/colcon_distutils_commands:/home/eth/ros2_ws/install/rov_practical/lib/python3.10/site-packages:${PYTHONPATH} /usr/bin/python3 -W ignore:setup.py install is deprecated setup.py egg_info --egg-base ../../build/rov_practical build --build-base /home/eth/ros2_ws/build/rov_practical/build install --record /home/eth/ros2_ws/build/rov_practical/install.log --single-version-externally-managed install_data
