[2.538s] Invoking command in '/home/eth/ros2_ws/src/rov_practical': PYTHONPATH=/home/eth/ros2_ws/build/rov_practical/prefix_override:/usr/lib/python3/dist-packages/colcon_core/task/python/colcon_distutils_commands:/home/eth/ros2_ws/install/rov_practical/lib/python3.10/site-packages:${PYTHONPATH} /usr/bin/python3 -W ignore:setup.py install is deprecated setup.py egg_info --egg-base ../../build/rov_practical build --build-base /home/eth/ros2_ws/build/rov_practical/build install --record /home/eth/ros2_ws/build/rov_practical/install.log --single-version-externally-managed install_data
[2.981s] running egg_info
[3.004s] writing ../../build/rov_practical/rov_practical.egg-info/PKG-INFO
[3.005s] writing dependency_links to ../../build/rov_practical/rov_practical.egg-info/dependency_links.txt
[3.005s] writing entry points to ../../build/rov_practical/rov_practical.egg-info/entry_points.txt
[3.005s] writing requirements to ../../build/rov_practical/rov_practical.egg-info/requires.txt
[3.006s] writing top-level names to ../../build/rov_practical/rov_practical.egg-info/top_level.txt
[3.053s] reading manifest file '../../build/rov_practical/rov_practical.egg-info/SOURCES.txt'
[3.054s] writing manifest file '../../build/rov_practical/rov_practical.egg-info/SOURCES.txt'
[3.055s] running build
[3.055s] running build_py
[3.055s] copying rov_practical/__init__.py -> /home/eth/ros2_ws/build/rov_practical/build/lib/rov_practical
[3.055s] copying rov_practical/unw.py -> /home/eth/ros2_ws/build/rov_practical/build/lib/rov_practical
[3.056s] copying rov_practical/DDDQN.py -> /home/eth/ros2_ws/build/rov_practical/build/lib/rov_practical
[3.056s] copying rov_practical/gazebo_world.py -> /home/eth/ros2_ws/build/rov_practical/build/lib/rov_practical
[3.057s] copying rov_practical/models/__init__.py -> /home/eth/ros2_ws/build/rov_practical/build/lib/rov_practical/models
[3.057s] copying rov_practical/models/mlp_policy.py -> /home/eth/ros2_ws/build/rov_practical/build/lib/rov_practical/models
[3.057s] copying rov_practical/models/mlp_critic.py -> /home/eth/ros2_ws/build/rov_practical/build/lib/rov_practical/models
[3.058s] running install
[3.065s] running install_lib
[3.093s] running install_data
[3.093s] copying resource/rov_practical -> /home/eth/ros2_ws/install/rov_practical/share/ament_index/resource_index/packages
[3.093s] copying package.xml -> /home/eth/ros2_ws/install/rov_practical/share/rov_practical
[3.093s] running install_egg_info
[3.130s] removing '/home/eth/ros2_ws/install/rov_practical/lib/python3.10/site-packages/rov_practical-0.0.0-py3.10.egg-info' (and everything under it)
[3.130s] Copying ../../build/rov_practical/rov_practical.egg-info to /home/eth/ros2_ws/install/rov_practical/lib/python3.10/site-packages/rov_practical-0.0.0-py3.10.egg-info
[3.132s] running install_scripts
[3.434s] Installing dddqn script to /home/eth/ros2_ws/install/rov_practical/lib/rov_practical
[3.434s] Installing uw script to /home/eth/ros2_ws/install/rov_practical/lib/rov_practical
[3.435s] writing list of installed files to '/home/eth/ros2_ws/build/rov_practical/install.log'
[3.473s] Invoked command in '/home/eth/ros2_ws/src/rov_practical' returned '0': PYTHONPATH=/home/eth/ros2_ws/build/rov_practical/prefix_override:/usr/lib/python3/dist-packages/colcon_core/task/python/colcon_distutils_commands:/home/eth/ros2_ws/install/rov_practical/lib/python3.10/site-packages:${PYTHONPATH} /usr/bin/python3 -W ignore:setup.py install is deprecated setup.py egg_info --egg-base ../../build/rov_practical build --build-base /home/eth/ros2_ws/build/rov_practical/build install --record /home/eth/ros2_ws/build/rov_practical/install.log --single-version-externally-managed install_data
