running egg_info
creating ../../build/opencv_tools/opencv_tools.egg-info
writing ../../build/opencv_tools/opencv_tools.egg-info/PKG-INFO
writing dependency_links to ../../build/opencv_tools/opencv_tools.egg-info/dependency_links.txt
writing entry points to ../../build/opencv_tools/opencv_tools.egg-info/entry_points.txt
writing requirements to ../../build/opencv_tools/opencv_tools.egg-info/requires.txt
writing top-level names to ../../build/opencv_tools/opencv_tools.egg-info/top_level.txt
writing manifest file '../../build/opencv_tools/opencv_tools.egg-info/SOURCES.txt'
reading manifest file '../../build/opencv_tools/opencv_tools.egg-info/SOURCES.txt'
writing manifest file '../../build/opencv_tools/opencv_tools.egg-info/SOURCES.txt'
running build
running build_py
creating /home/eth/ros2_ws/build/opencv_tools/build
creating /home/eth/ros2_ws/build/opencv_tools/build/lib
creating /home/eth/ros2_ws/build/opencv_tools/build/lib/opencv_tools
copying opencv_tools/aruco_marker_pose_estimation_tf.py -> /home/eth/ros2_ws/build/opencv_tools/build/lib/opencv_tools
copying opencv_tools/basic_image_publisher.py -> /home/eth/ros2_ws/build/opencv_tools/build/lib/opencv_tools
copying opencv_tools/basic_image_subscriber.py -> /home/eth/ros2_ws/build/opencv_tools/build/lib/opencv_tools
running install
running install_lib
creating /home/eth/ros2_ws/install/opencv_tools/lib/python3.10/site-packages/opencv_tools
copying /home/eth/ros2_ws/build/opencv_tools/build/lib/opencv_tools/aruco_marker_pose_estimation_tf.py -> /home/eth/ros2_ws/install/opencv_tools/lib/python3.10/site-packages/opencv_tools
copying /home/eth/ros2_ws/build/opencv_tools/build/lib/opencv_tools/basic_image_publisher.py -> /home/eth/ros2_ws/install/opencv_tools/lib/python3.10/site-packages/opencv_tools
copying /home/eth/ros2_ws/build/opencv_tools/build/lib/opencv_tools/basic_image_subscriber.py -> /home/eth/ros2_ws/install/opencv_tools/lib/python3.10/site-packages/opencv_tools
byte-compiling /home/eth/ros2_ws/install/opencv_tools/lib/python3.10/site-packages/opencv_tools/aruco_marker_pose_estimation_tf.py to aruco_marker_pose_estimation_tf.cpython-310.pyc
byte-compiling /home/eth/ros2_ws/install/opencv_tools/lib/python3.10/site-packages/opencv_tools/basic_image_publisher.py to basic_image_publisher.cpython-310.pyc
byte-compiling /home/eth/ros2_ws/install/opencv_tools/lib/python3.10/site-packages/opencv_tools/basic_image_subscriber.py to basic_image_subscriber.cpython-310.pyc
running install_data
creating /home/eth/ros2_ws/install/opencv_tools/share/ament_index
creating /home/eth/ros2_ws/install/opencv_tools/share/ament_index/resource_index
creating /home/eth/ros2_ws/install/opencv_tools/share/ament_index/resource_index/packages
