[1.165s] Invoking command in '/home/eth/ros2_ws/src/opencv_tools': PYTHONPATH=/home/eth/ros2_ws/build/opencv_tools/prefix_override:/usr/lib/python3/dist-packages/colcon_core/task/python/colcon_distutils_commands:/home/eth/ros2_ws/install/opencv_tools/lib/python3.10/site-packages:${PYTHONPATH} /usr/bin/python3 -W ignore:setup.py install is deprecated setup.py egg_info --egg-base ../../build/opencv_tools build --build-base /home/eth/ros2_ws/build/opencv_tools/build install --record /home/eth/ros2_ws/build/opencv_tools/install.log --single-version-externally-managed install_data
[1.450s] running egg_info
[1.468s] writing ../../build/opencv_tools/opencv_tools.egg-info/PKG-INFO
[1.468s] writing dependency_links to ../../build/opencv_tools/opencv_tools.egg-info/dependency_links.txt
[1.468s] writing entry points to ../../build/opencv_tools/opencv_tools.egg-info/entry_points.txt
[1.468s] writing requirements to ../../build/opencv_tools/opencv_tools.egg-info/requires.txt
[1.469s] writing top-level names to ../../build/opencv_tools/opencv_tools.egg-info/top_level.txt
[1.506s] reading manifest file '../../build/opencv_tools/opencv_tools.egg-info/SOURCES.txt'
[1.509s] writing manifest file '../../build/opencv_tools/opencv_tools.egg-info/SOURCES.txt'
[1.509s] running build
[1.509s] running build_py
[1.509s] copying opencv_tools/aruco_marker_pose_estimation_tf.py -> /home/eth/ros2_ws/build/opencv_tools/build/lib/opencv_tools
[1.509s] copying opencv_tools/basic_image_publisher.py -> /home/eth/ros2_ws/build/opencv_tools/build/lib/opencv_tools
[1.509s] copying opencv_tools/robot_goal_pos_extimation.py -> /home/eth/ros2_ws/build/opencv_tools/build/lib/opencv_tools
[1.509s] copying opencv_tools/basic_image_subscriber.py -> /home/eth/ros2_ws/build/opencv_tools/build/lib/opencv_tools
[1.509s] running install
[1.514s] running install_lib
[1.535s] copying /home/eth/ros2_ws/build/opencv_tools/build/lib/opencv_tools/robot_goal_pos_extimation.py -> /home/eth/ros2_ws/install/opencv_tools/lib/python3.10/site-packages/opencv_tools
[1.535s] byte-compiling /home/eth/ros2_ws/install/opencv_tools/lib/python3.10/site-packages/opencv_tools/robot_goal_pos_extimation.py to robot_goal_pos_extimation.cpython-310.pyc
[1.537s] running install_data
[1.537s] copying resource/opencv_tools -> /home/eth/ros2_ws/install/opencv_tools/share/ament_index/resource_index/packages
[1.537s] copying package.xml -> /home/eth/ros2_ws/install/opencv_tools/share/opencv_tools
[1.537s] running install_egg_info
[1.556s] removing '/home/eth/ros2_ws/install/opencv_tools/lib/python3.10/site-packages/opencv_tools-0.0.0-py3.10.egg-info' (and everything under it)
[1.556s] Copying ../../build/opencv_tools/opencv_tools.egg-info to /home/eth/ros2_ws/install/opencv_tools/lib/python3.10/site-packages/opencv_tools-0.0.0-py3.10.egg-info
[1.557s] running install_scripts
[1.716s] Installing aruco_marker_pose_estimator_tf script to /home/eth/ros2_ws/install/opencv_tools/lib/opencv_tools
[1.717s] Installing img_publisher script to /home/eth/ros2_ws/install/opencv_tools/lib/opencv_tools
[1.717s] Installing img_subscriber script to /home/eth/ros2_ws/install/opencv_tools/lib/opencv_tools
[1.717s] Installing robot_goal_pos_extimation script to /home/eth/ros2_ws/install/opencv_tools/lib/opencv_tools
[1.717s] writing list of installed files to '/home/eth/ros2_ws/build/opencv_tools/install.log'
[1.742s] Invoked command in '/home/eth/ros2_ws/src/opencv_tools' returned '0': PYTHONPATH=/home/eth/ros2_ws/build/opencv_tools/prefix_override:/usr/lib/python3/dist-packages/colcon_core/task/python/colcon_distutils_commands:/home/eth/ros2_ws/install/opencv_tools/lib/python3.10/site-packages:${PYTHONPATH} /usr/bin/python3 -W ignore:setup.py install is deprecated setup.py egg_info --egg-base ../../build/opencv_tools build --build-base /home/eth/ros2_ws/build/opencv_tools/build install --record /home/eth/ros2_ws/build/opencv_tools/install.log --single-version-externally-managed install_data
