[  0%] Built target kobuki_ros_interfaces__cpp
[ 12%] Built target kobuki_ros_interfaces__rosidl_generator_c
[ 12%] Built target ament_cmake_python_copy_kobuki_ros_interfaces
[ 24%] Built target kobuki_ros_interfaces__rosidl_typesupport_cpp
[ 48%] Built target kobuki_ros_interfaces__rosidl_typesupport_introspection_cpp
[ 48%] Built target kobuki_ros_interfaces__rosidl_typesupport_c
[ 60%] Built target kobuki_ros_interfaces__rosidl_typesupport_fastrtps_c
[ 72%] Built target kobuki_ros_interfaces__rosidl_typesupport_fastrtps_cpp
[ 84%] Built target kobuki_ros_interfaces__rosidl_typesupport_introspection_c
[ 84%] Built target kobuki_ros_interfaces
[ 85%] Built target kobuki_ros_interfaces__py
[ 85%] [32mBuilding C object CMakeFiles/kobuki_ros_interfaces__rosidl_generator_py.dir/rosidl_generator_py/kobuki_ros_interfaces/msg/_bumper_event_s.c.o[0m
[ 86%] [32mBuilding C object CMakeFiles/kobuki_ros_interfaces__rosidl_generator_py.dir/rosidl_generator_py/kobuki_ros_interfaces/msg/_external_power_s.c.o[0m
[ 87%] [32mBuilding C object CMakeFiles/kobuki_ros_interfaces__rosidl_generator_py.dir/rosidl_generator_py/kobuki_ros_interfaces/msg/_cliff_event_s.c.o[0m
[ 87%] [32mBuilding C object CMakeFiles/kobuki_ros_interfaces__rosidl_generator_py.dir/rosidl_generator_py/kobuki_ros_interfaces/msg/_power_system_event_s.c.o[0m
[ 88%] [32mBuilding C object CMakeFiles/kobuki_ros_interfaces__rosidl_generator_py.dir/rosidl_generator_py/kobuki_ros_interfaces/msg/_led_s.c.o[0m
[ 88%] [32mBuilding C object CMakeFiles/kobuki_ros_interfaces__rosidl_generator_py.dir/rosidl_generator_py/kobuki_ros_interfaces/msg/_digital_output_s.c.o[0m
[ 89%] [32mBuilding C object CMakeFiles/kobuki_ros_interfaces__rosidl_generator_py.dir/rosidl_generator_py/kobuki_ros_interfaces/msg/_sensor_state_s.c.o[0m
running egg_info
writing kobuki_ros_interfaces.egg-info/PKG-INFO
writing dependency_links to kobuki_ros_interfaces.egg-info/dependency_links.txt
writing top-level names to kobuki_ros_interfaces.egg-info/top_level.txt
reading manifest file 'kobuki_ros_interfaces.egg-info/SOURCES.txt'
writing manifest file 'kobuki_ros_interfaces.egg-info/SOURCES.txt'
[ 89%] Built target ament_cmake_python_build_kobuki_ros_interfaces_egg
