[0.106s] DEBUG:colcon:Command line arguments: ['/usr/bin/colcon', 'build']
[0.106s] DEBUG:colcon:Parsed command line arguments: Namespace(log_base=None, log_level=None, verb_name='build', build_base='build', install_base='install', merge_install=False, symlink_install=False, test_result_base=None, continue_on_error=False, executor='parallel', parallel_workers=8, event_handlers=None, ignore_user_meta=False, metas=['./colcon.meta'], base_paths=['.'], packages_ignore=None, packages_ignore_regex=None, paths=None, packages_up_to=None, packages_up_to_regex=None, packages_above=None, packages_above_and_dependencies=None, packages_above_depth=None, packages_select_by_dep=None, packages_skip_by_dep=None, packages_skip_up_to=None, packages_select_build_failed=False, packages_skip_build_finished=False, packages_select_test_failures=False, packages_skip_test_passed=False, packages_select=None, packages_skip=None, packages_select_regex=None, packages_skip_regex=None, packages_start=None, packages_end=None, allow_overriding=[], cmake_args=None, cmake_target=None, cmake_target_skip_unavailable=False, cmake_clean_cache=False, cmake_clean_first=False, cmake_force_configure=False, ament_cmake_args=None, catkin_cmake_args=None, catkin_skip_building_tests=False, mixin_files=None, mixin=None, verb_parser=<colcon_mixin.mixin.mixin_argument.MixinArgumentDecorator object at 0x7b6b133184c0>, verb_extension=<colcon_core.verb.build.BuildVerb object at 0x7b6b13418910>, main=<bound method BuildVerb.main of <colcon_core.verb.build.BuildVerb object at 0x7b6b13418910>>, mixin_verb=('build',))
[0.144s] Level 1:colcon.colcon_core.package_discovery:discover_packages(colcon_meta) check parameters
[0.144s] Level 1:colcon.colcon_core.package_discovery:discover_packages(recursive) check parameters
[0.144s] Level 1:colcon.colcon_core.package_discovery:discover_packages(ignore) check parameters
[0.144s] Level 1:colcon.colcon_core.package_discovery:discover_packages(path) check parameters
[0.144s] Level 1:colcon.colcon_core.package_discovery:discover_packages(colcon_meta) discover
[0.144s] Level 1:colcon.colcon_core.package_discovery:discover_packages(recursive) discover
[0.144s] INFO:colcon.colcon_core.package_discovery:Crawling recursively for packages in '/home/eth/ros2_ws'
[0.144s] Level 1:colcon.colcon_core.package_identification:_identify(.) by extensions ['ignore', 'ignore_ament_install']
[0.144s] Level 1:colcon.colcon_core.package_identification:_identify(.) by extension 'ignore'
[0.145s] Level 1:colcon.colcon_core.package_identification:_identify(.) by extension 'ignore_ament_install'
[0.145s] Level 1:colcon.colcon_core.package_identification:_identify(.) by extensions ['colcon_pkg']
[0.145s] Level 1:colcon.colcon_core.package_identification:_identify(.) by extension 'colcon_pkg'
[0.145s] Level 1:colcon.colcon_core.package_identification:_identify(.) by extensions ['colcon_meta']
[0.145s] Level 1:colcon.colcon_core.package_identification:_identify(.) by extension 'colcon_meta'
[0.145s] Level 1:colcon.colcon_core.package_identification:_identify(.) by extensions ['ros']
[0.145s] Level 1:colcon.colcon_core.package_identification:_identify(.) by extension 'ros'
[0.159s] Level 1:colcon.colcon_core.package_identification:_identify(.) by extensions ['cmake', 'python']
[0.159s] Level 1:colcon.colcon_core.package_identification:_identify(.) by extension 'cmake'
[0.159s] Level 1:colcon.colcon_core.package_identification:_identify(.) by extension 'python'
[0.159s] Level 1:colcon.colcon_core.package_identification:_identify(.) by extensions ['python_setup_py']
[0.159s] Level 1:colcon.colcon_core.package_identification:_identify(.) by extension 'python_setup_py'
[0.159s] Level 1:colcon.colcon_core.package_identification:_identify(build) by extensions ['ignore', 'ignore_ament_install']
[0.159s] Level 1:colcon.colcon_core.package_identification:_identify(build) by extension 'ignore'
[0.159s] Level 1:colcon.colcon_core.package_identification:_identify(build) ignored
[0.159s] Level 1:colcon.colcon_core.package_identification:_identify(install) by extensions ['ignore', 'ignore_ament_install']
[0.160s] Level 1:colcon.colcon_core.package_identification:_identify(install) by extension 'ignore'
[0.160s] Level 1:colcon.colcon_core.package_identification:_identify(install) ignored
[0.160s] Level 1:colcon.colcon_core.package_identification:_identify(log) by extensions ['ignore', 'ignore_ament_install']
[0.160s] Level 1:colcon.colcon_core.package_identification:_identify(log) by extension 'ignore'
[0.160s] Level 1:colcon.colcon_core.package_identification:_identify(log) ignored
[0.160s] Level 1:colcon.colcon_core.package_identification:_identify(src) by extensions ['ignore', 'ignore_ament_install']
[0.160s] Level 1:colcon.colcon_core.package_identification:_identify(src) by extension 'ignore'
[0.160s] Level 1:colcon.colcon_core.package_identification:_identify(src) by extension 'ignore_ament_install'
[0.160s] Level 1:colcon.colcon_core.package_identification:_identify(src) by extensions ['colcon_pkg']
[0.160s] Level 1:colcon.colcon_core.package_identification:_identify(src) by extension 'colcon_pkg'
[0.160s] Level 1:colcon.colcon_core.package_identification:_identify(src) by extensions ['colcon_meta']
[0.161s] Level 1:colcon.colcon_core.package_identification:_identify(src) by extension 'colcon_meta'
[0.161s] Level 1:colcon.colcon_core.package_identification:_identify(src) by extensions ['ros']
[0.161s] Level 1:colcon.colcon_core.package_identification:_identify(src) by extension 'ros'
[0.161s] Level 1:colcon.colcon_core.package_identification:_identify(src) by extensions ['cmake', 'python']
[0.161s] Level 1:colcon.colcon_core.package_identification:_identify(src) by extension 'cmake'
[0.161s] Level 1:colcon.colcon_core.package_identification:_identify(src) by extension 'python'
[0.161s] Level 1:colcon.colcon_core.package_identification:_identify(src) by extensions ['python_setup_py']
[0.161s] Level 1:colcon.colcon_core.package_identification:_identify(src) by extension 'python_setup_py'
[0.161s] Level 1:colcon.colcon_core.package_identification:_identify(src/autonomous_rov) by extensions ['ignore', 'ignore_ament_install']
[0.161s] Level 1:colcon.colcon_core.package_identification:_identify(src/autonomous_rov) by extension 'ignore'
[0.161s] Level 1:colcon.colcon_core.package_identification:_identify(src/autonomous_rov) by extension 'ignore_ament_install'
[0.161s] Level 1:colcon.colcon_core.package_identification:_identify(src/autonomous_rov) by extensions ['colcon_pkg']
[0.161s] Level 1:colcon.colcon_core.package_identification:_identify(src/autonomous_rov) by extension 'colcon_pkg'
[0.161s] Level 1:colcon.colcon_core.package_identification:_identify(src/autonomous_rov) by extensions ['colcon_meta']
[0.162s] Level 1:colcon.colcon_core.package_identification:_identify(src/autonomous_rov) by extension 'colcon_meta'
[0.162s] Level 1:colcon.colcon_core.package_identification:_identify(src/autonomous_rov) by extensions ['ros']
[0.162s] Level 1:colcon.colcon_core.package_identification:_identify(src/autonomous_rov) by extension 'ros'
[0.164s] DEBUG:colcon.colcon_core.package_identification:Package 'src/autonomous_rov' with type 'ros.ament_python' and name 'autonomous_rov'
[0.164s] Level 1:colcon.colcon_core.package_identification:_identify(src/opencv_tools) by extensions ['ignore', 'ignore_ament_install']
[0.164s] Level 1:colcon.colcon_core.package_identification:_identify(src/opencv_tools) by extension 'ignore'
[0.164s] Level 1:colcon.colcon_core.package_identification:_identify(src/opencv_tools) by extension 'ignore_ament_install'
[0.164s] Level 1:colcon.colcon_core.package_identification:_identify(src/opencv_tools) by extensions ['colcon_pkg']
[0.164s] Level 1:colcon.colcon_core.package_identification:_identify(src/opencv_tools) by extension 'colcon_pkg'
[0.164s] Level 1:colcon.colcon_core.package_identification:_identify(src/opencv_tools) by extensions ['colcon_meta']
[0.165s] Level 1:colcon.colcon_core.package_identification:_identify(src/opencv_tools) by extension 'colcon_meta'
[0.165s] Level 1:colcon.colcon_core.package_identification:_identify(src/opencv_tools) by extensions ['ros']
[0.165s] Level 1:colcon.colcon_core.package_identification:_identify(src/opencv_tools) by extension 'ros'
[0.166s] DEBUG:colcon.colcon_core.package_identification:Package 'src/opencv_tools' with type 'ros.ament_python' and name 'opencv_tools'
[0.166s] Level 1:colcon.colcon_core.package_identification:_identify(src/webcam_publisher) by extensions ['ignore', 'ignore_ament_install']
[0.166s] Level 1:colcon.colcon_core.package_identification:_identify(src/webcam_publisher) by extension 'ignore'
[0.166s] Level 1:colcon.colcon_core.package_identification:_identify(src/webcam_publisher) by extension 'ignore_ament_install'
[0.166s] Level 1:colcon.colcon_core.package_identification:_identify(src/webcam_publisher) by extensions ['colcon_pkg']
[0.166s] Level 1:colcon.colcon_core.package_identification:_identify(src/webcam_publisher) by extension 'colcon_pkg'
[0.166s] Level 1:colcon.colcon_core.package_identification:_identify(src/webcam_publisher) by extensions ['colcon_meta']
[0.166s] Level 1:colcon.colcon_core.package_identification:_identify(src/webcam_publisher) by extension 'colcon_meta'
[0.166s] Level 1:colcon.colcon_core.package_identification:_identify(src/webcam_publisher) by extensions ['ros']
[0.166s] Level 1:colcon.colcon_core.package_identification:_identify(src/webcam_publisher) by extension 'ros'
[0.167s] DEBUG:colcon.colcon_core.package_identification:Package 'src/webcam_publisher' with type 'ros.ament_cmake' and name 'webcam_publisher'
[0.167s] Level 1:colcon.colcon_core.package_discovery:discover_packages(recursive) using defaults
[0.167s] Level 1:colcon.colcon_core.package_discovery:discover_packages(ignore) discover
[0.167s] Level 1:colcon.colcon_core.package_discovery:discover_packages(ignore) using defaults
[0.167s] Level 1:colcon.colcon_core.package_discovery:discover_packages(path) discover
[0.167s] Level 1:colcon.colcon_core.package_discovery:discover_packages(path) using defaults
[0.188s] Level 1:colcon.colcon_core.package_discovery:discover_packages(prefix_path) check parameters
[0.188s] Level 1:colcon.colcon_core.package_discovery:discover_packages(prefix_path) discover
[0.191s] DEBUG:colcon.colcon_installed_package_information.package_discovery:Found 2 installed packages in /home/eth/ros2_ws/install
[0.192s] DEBUG:colcon.colcon_installed_package_information.package_discovery:Found 5 installed packages in /home/eth/MIR_Project_2024/glassy_challenge_ws/install
[0.193s] DEBUG:colcon.colcon_installed_package_information.package_discovery:Found 39 installed packages in /home/eth/bookros2_ws/install
[0.195s] DEBUG:colcon.colcon_installed_package_information.package_discovery:Found 277 installed packages in /opt/ros/humble
[0.196s] Level 1:colcon.colcon_core.package_discovery:discover_packages(prefix_path) using defaults
[0.236s] Level 5:colcon.colcon_core.verb:set package 'autonomous_rov' build argument 'cmake_args' from command line to 'None'
[0.236s] Level 5:colcon.colcon_core.verb:set package 'autonomous_rov' build argument 'cmake_target' from command line to 'None'
[0.236s] Level 5:colcon.colcon_core.verb:set package 'autonomous_rov' build argument 'cmake_target_skip_unavailable' from command line to 'False'
[0.236s] Level 5:colcon.colcon_core.verb:set package 'autonomous_rov' build argument 'cmake_clean_cache' from command line to 'False'
[0.236s] Level 5:colcon.colcon_core.verb:set package 'autonomous_rov' build argument 'cmake_clean_first' from command line to 'False'
[0.236s] Level 5:colcon.colcon_core.verb:set package 'autonomous_rov' build argument 'cmake_force_configure' from command line to 'False'
[0.236s] Level 5:colcon.colcon_core.verb:set package 'autonomous_rov' build argument 'ament_cmake_args' from command line to 'None'
[0.236s] Level 5:colcon.colcon_core.verb:set package 'autonomous_rov' build argument 'catkin_cmake_args' from command line to 'None'
[0.236s] Level 5:colcon.colcon_core.verb:set package 'autonomous_rov' build argument 'catkin_skip_building_tests' from command line to 'False'
[0.236s] DEBUG:colcon.colcon_core.verb:Building package 'autonomous_rov' with the following arguments: {'ament_cmake_args': None, 'build_base': '/home/eth/ros2_ws/build/autonomous_rov', 'catkin_cmake_args': None, 'catkin_skip_building_tests': False, 'cmake_args': None, 'cmake_clean_cache': False, 'cmake_clean_first': False, 'cmake_force_configure': False, 'cmake_target': None, 'cmake_target_skip_unavailable': False, 'install_base': '/home/eth/ros2_ws/install/autonomous_rov', 'merge_install': False, 'path': '/home/eth/ros2_ws/src/autonomous_rov', 'symlink_install': False, 'test_result_base': None}
[0.236s] Level 5:colcon.colcon_core.verb:set package 'opencv_tools' build argument 'cmake_args' from command line to 'None'
[0.236s] Level 5:colcon.colcon_core.verb:set package 'opencv_tools' build argument 'cmake_target' from command line to 'None'
[0.237s] Level 5:colcon.colcon_core.verb:set package 'opencv_tools' build argument 'cmake_target_skip_unavailable' from command line to 'False'
[0.237s] Level 5:colcon.colcon_core.verb:set package 'opencv_tools' build argument 'cmake_clean_cache' from command line to 'False'
[0.237s] Level 5:colcon.colcon_core.verb:set package 'opencv_tools' build argument 'cmake_clean_first' from command line to 'False'
[0.237s] Level 5:colcon.colcon_core.verb:set package 'opencv_tools' build argument 'cmake_force_configure' from command line to 'False'
[0.237s] Level 5:colcon.colcon_core.verb:set package 'opencv_tools' build argument 'ament_cmake_args' from command line to 'None'
[0.237s] Level 5:colcon.colcon_core.verb:set package 'opencv_tools' build argument 'catkin_cmake_args' from command line to 'None'
[0.237s] Level 5:colcon.colcon_core.verb:set package 'opencv_tools' build argument 'catkin_skip_building_tests' from command line to 'False'
[0.237s] DEBUG:colcon.colcon_core.verb:Building package 'opencv_tools' with the following arguments: {'ament_cmake_args': None, 'build_base': '/home/eth/ros2_ws/build/opencv_tools', 'catkin_cmake_args': None, 'catkin_skip_building_tests': False, 'cmake_args': None, 'cmake_clean_cache': False, 'cmake_clean_first': False, 'cmake_force_configure': False, 'cmake_target': None, 'cmake_target_skip_unavailable': False, 'install_base': '/home/eth/ros2_ws/install/opencv_tools', 'merge_install': False, 'path': '/home/eth/ros2_ws/src/opencv_tools', 'symlink_install': False, 'test_result_base': None}
[0.237s] Level 5:colcon.colcon_core.verb:set package 'webcam_publisher' build argument 'cmake_args' from command line to 'None'
[0.237s] Level 5:colcon.colcon_core.verb:set package 'webcam_publisher' build argument 'cmake_target' from command line to 'None'
[0.237s] Level 5:colcon.colcon_core.verb:set package 'webcam_publisher' build argument 'cmake_target_skip_unavailable' from command line to 'False'
[0.237s] Level 5:colcon.colcon_core.verb:set package 'webcam_publisher' build argument 'cmake_clean_cache' from command line to 'False'
[0.237s] Level 5:colcon.colcon_core.verb:set package 'webcam_publisher' build argument 'cmake_clean_first' from command line to 'False'
[0.237s] Level 5:colcon.colcon_core.verb:set package 'webcam_publisher' build argument 'cmake_force_configure' from command line to 'False'
[0.238s] Level 5:colcon.colcon_core.verb:set package 'webcam_publisher' build argument 'ament_cmake_args' from command line to 'None'
[0.238s] Level 5:colcon.colcon_core.verb:set package 'webcam_publisher' build argument 'catkin_cmake_args' from command line to 'None'
[0.238s] Level 5:colcon.colcon_core.verb:set package 'webcam_publisher' build argument 'catkin_skip_building_tests' from command line to 'False'
[0.238s] DEBUG:colcon.colcon_core.verb:Building package 'webcam_publisher' with the following arguments: {'ament_cmake_args': None, 'build_base': '/home/eth/ros2_ws/build/webcam_publisher', 'catkin_cmake_args': None, 'catkin_skip_building_tests': False, 'cmake_args': None, 'cmake_clean_cache': False, 'cmake_clean_first': False, 'cmake_force_configure': False, 'cmake_target': None, 'cmake_target_skip_unavailable': False, 'install_base': '/home/eth/ros2_ws/install/webcam_publisher', 'merge_install': False, 'path': '/home/eth/ros2_ws/src/webcam_publisher', 'symlink_install': False, 'test_result_base': None}
[0.238s] INFO:colcon.colcon_core.executor:Executing jobs using 'parallel' executor
[0.239s] DEBUG:colcon.colcon_parallel_executor.executor.parallel:run_until_complete
[0.239s] INFO:colcon.colcon_ros.task.ament_python.build:Building ROS package in '/home/eth/ros2_ws/src/autonomous_rov' with build type 'ament_python'
[0.239s] Level 1:colcon.colcon_core.shell:create_environment_hook('autonomous_rov', 'ament_prefix_path')
[0.242s] INFO:colcon.colcon_core.plugin_system:Skipping extension 'colcon_core.shell.bat': Not used on non-Windows systems
[0.242s] INFO:colcon.colcon_core.shell:Creating environment hook '/home/eth/ros2_ws/install/autonomous_rov/share/autonomous_rov/hook/ament_prefix_path.ps1'
[0.242s] INFO:colcon.colcon_core.shell:Creating environment descriptor '/home/eth/ros2_ws/install/autonomous_rov/share/autonomous_rov/hook/ament_prefix_path.dsv'
[0.243s] INFO:colcon.colcon_core.shell:Creating environment hook '/home/eth/ros2_ws/install/autonomous_rov/share/autonomous_rov/hook/ament_prefix_path.sh'
[0.243s] INFO:colcon.colcon_core.shell:Skip shell extension 'powershell' for command environment: Not usable outside of PowerShell
[0.244s] DEBUG:colcon.colcon_core.shell:Skip shell extension 'dsv' for command environment
[0.250s] INFO:colcon.colcon_ros.task.ament_python.build:Building ROS package in '/home/eth/ros2_ws/src/opencv_tools' with build type 'ament_python'
[0.250s] Level 1:colcon.colcon_core.shell:create_environment_hook('opencv_tools', 'ament_prefix_path')
[0.251s] INFO:colcon.colcon_core.shell:Creating environment hook '/home/eth/ros2_ws/install/opencv_tools/share/opencv_tools/hook/ament_prefix_path.ps1'
[0.251s] INFO:colcon.colcon_core.shell:Creating environment descriptor '/home/eth/ros2_ws/install/opencv_tools/share/opencv_tools/hook/ament_prefix_path.dsv'
[0.252s] INFO:colcon.colcon_core.shell:Creating environment hook '/home/eth/ros2_ws/install/opencv_tools/share/opencv_tools/hook/ament_prefix_path.sh'
[0.252s] INFO:colcon.colcon_core.shell:Skip shell extension 'powershell' for command environment: Not usable outside of PowerShell
[0.252s] DEBUG:colcon.colcon_core.shell:Skip shell extension 'dsv' for command environment
[0.260s] INFO:colcon.colcon_ros.task.ament_cmake.build:Building ROS package in '/home/eth/ros2_ws/src/webcam_publisher' with build type 'ament_cmake'
[0.260s] INFO:colcon.colcon_cmake.task.cmake.build:Building CMake package in '/home/eth/ros2_ws/src/webcam_publisher'
[0.261s] INFO:colcon.colcon_core.shell:Skip shell extension 'powershell' for command environment: Not usable outside of PowerShell
[0.261s] DEBUG:colcon.colcon_core.shell:Skip shell extension 'dsv' for command environment
[0.515s] INFO:colcon.colcon_core.task.python.build:Building Python package in '/home/eth/ros2_ws/src/autonomous_rov'
[0.515s] INFO:colcon.colcon_core.shell:Skip shell extension 'powershell' for command environment: Not usable outside of PowerShell
[0.515s] DEBUG:colcon.colcon_core.shell:Skip shell extension 'dsv' for command environment
[0.733s] INFO:colcon.colcon_core.task.python.build:Building Python package in '/home/eth/ros2_ws/src/opencv_tools'
[0.733s] INFO:colcon.colcon_core.shell:Skip shell extension 'powershell' for command environment: Not usable outside of PowerShell
[0.733s] DEBUG:colcon.colcon_core.shell:Skip shell extension 'dsv' for command environment
[0.742s] DEBUG:colcon.colcon_core.event_handler.log_command:Invoking command in '/home/eth/ros2_ws/build/webcam_publisher': CMAKE_PREFIX_PATH=${CMAKE_PREFIX_PATH}:/home/eth/ros2_ws/install/autonomous_rov:/home/eth/MIR_Project_2024/glassy_challenge_ws/install/glassy_challenge:/home/eth/bookros2_ws/install/launch_pal:/home/eth/bookros2_ws/install/br2_vff_avoidance_py:/home/eth/bookros2_ws/install/br2_fsm_bumpgo_py_ex_1:/home/eth/bookros2_ws/install/br2_fsm_bumpgo_py:/opt/ros/humble /usr/bin/cmake --build /home/eth/ros2_ws/build/webcam_publisher -- -j8 -l8
[0.842s] DEBUG:colcon.colcon_core.event_handler.log_command:Invoked command in '/home/eth/ros2_ws/build/webcam_publisher' returned '0': CMAKE_PREFIX_PATH=${CMAKE_PREFIX_PATH}:/home/eth/ros2_ws/install/autonomous_rov:/home/eth/MIR_Project_2024/glassy_challenge_ws/install/glassy_challenge:/home/eth/bookros2_ws/install/launch_pal:/home/eth/bookros2_ws/install/br2_vff_avoidance_py:/home/eth/bookros2_ws/install/br2_fsm_bumpgo_py_ex_1:/home/eth/bookros2_ws/install/br2_fsm_bumpgo_py:/opt/ros/humble /usr/bin/cmake --build /home/eth/ros2_ws/build/webcam_publisher -- -j8 -l8
[0.925s] DEBUG:colcon.colcon_core.event_handler.log_command:Invoking command in '/home/eth/ros2_ws/build/webcam_publisher': CMAKE_PREFIX_PATH=${CMAKE_PREFIX_PATH}:/home/eth/ros2_ws/install/autonomous_rov:/home/eth/MIR_Project_2024/glassy_challenge_ws/install/glassy_challenge:/home/eth/bookros2_ws/install/launch_pal:/home/eth/bookros2_ws/install/br2_vff_avoidance_py:/home/eth/bookros2_ws/install/br2_fsm_bumpgo_py_ex_1:/home/eth/bookros2_ws/install/br2_fsm_bumpgo_py:/opt/ros/humble /usr/bin/cmake --install /home/eth/ros2_ws/build/webcam_publisher
[0.995s] Level 1:colcon.colcon_core.environment:create_environment_scripts_only(webcam_publisher)
[1.006s] DEBUG:colcon.colcon_core.event_handler.log_command:Invoked command in '/home/eth/ros2_ws/build/webcam_publisher' returned '0': CMAKE_PREFIX_PATH=${CMAKE_PREFIX_PATH}:/home/eth/ros2_ws/install/autonomous_rov:/home/eth/MIR_Project_2024/glassy_challenge_ws/install/glassy_challenge:/home/eth/bookros2_ws/install/launch_pal:/home/eth/bookros2_ws/install/br2_vff_avoidance_py:/home/eth/bookros2_ws/install/br2_fsm_bumpgo_py_ex_1:/home/eth/bookros2_ws/install/br2_fsm_bumpgo_py:/opt/ros/humble /usr/bin/cmake --install /home/eth/ros2_ws/build/webcam_publisher
[1.031s] Level 1:colcon.colcon_core.environment:checking '/home/eth/ros2_ws/install/webcam_publisher' for CMake module files
[1.035s] Level 1:colcon.colcon_core.environment:checking '/home/eth/ros2_ws/install/webcam_publisher' for CMake config files
[1.039s] Level 1:colcon.colcon_core.shell:create_environment_hook('webcam_publisher', 'cmake_prefix_path')
[1.042s] INFO:colcon.colcon_core.shell:Creating environment hook '/home/eth/ros2_ws/install/webcam_publisher/share/webcam_publisher/hook/cmake_prefix_path.ps1'
[1.046s] INFO:colcon.colcon_core.shell:Creating environment descriptor '/home/eth/ros2_ws/install/webcam_publisher/share/webcam_publisher/hook/cmake_prefix_path.dsv'
[1.050s] INFO:colcon.colcon_core.shell:Creating environment hook '/home/eth/ros2_ws/install/webcam_publisher/share/webcam_publisher/hook/cmake_prefix_path.sh'
[1.056s] Level 1:colcon.colcon_core.environment:checking '/home/eth/ros2_ws/install/webcam_publisher/lib'
[1.056s] Level 1:colcon.colcon_core.environment:checking '/home/eth/ros2_ws/install/webcam_publisher/bin'
[1.057s] Level 1:colcon.colcon_core.environment:checking '/home/eth/ros2_ws/install/webcam_publisher/lib/pkgconfig/webcam_publisher.pc'
[1.060s] Level 1:colcon.colcon_core.environment:checking '/home/eth/ros2_ws/install/webcam_publisher/lib/python3.10/site-packages'
[1.063s] Level 1:colcon.colcon_core.environment:checking '/home/eth/ros2_ws/install/webcam_publisher/bin'
[1.066s] INFO:colcon.colcon_core.shell:Creating package script '/home/eth/ros2_ws/install/webcam_publisher/share/webcam_publisher/package.ps1'
[1.069s] INFO:colcon.colcon_core.shell:Creating package descriptor '/home/eth/ros2_ws/install/webcam_publisher/share/webcam_publisher/package.dsv'
[1.074s] INFO:colcon.colcon_core.shell:Creating package script '/home/eth/ros2_ws/install/webcam_publisher/share/webcam_publisher/package.sh'
[1.080s] INFO:colcon.colcon_core.shell:Creating package script '/home/eth/ros2_ws/install/webcam_publisher/share/webcam_publisher/package.bash'
[1.089s] INFO:colcon.colcon_core.shell:Creating package script '/home/eth/ros2_ws/install/webcam_publisher/share/webcam_publisher/package.zsh'
[1.096s] Level 1:colcon.colcon_core.environment:create_file_with_runtime_dependencies(/home/eth/ros2_ws/install/webcam_publisher/share/colcon-core/packages/webcam_publisher)
[1.246s] Level 1:colcon.colcon_core.environment:create_environment_scripts_only(webcam_publisher)
[1.246s] Level 1:colcon.colcon_core.environment:checking '/home/eth/ros2_ws/install/webcam_publisher' for CMake module files
[1.247s] Level 1:colcon.colcon_core.environment:checking '/home/eth/ros2_ws/install/webcam_publisher' for CMake config files
[1.247s] Level 1:colcon.colcon_core.shell:create_environment_hook('webcam_publisher', 'cmake_prefix_path')
[1.248s] INFO:colcon.colcon_core.shell:Creating environment hook '/home/eth/ros2_ws/install/webcam_publisher/share/webcam_publisher/hook/cmake_prefix_path.ps1'
[1.248s] INFO:colcon.colcon_core.shell:Creating environment descriptor '/home/eth/ros2_ws/install/webcam_publisher/share/webcam_publisher/hook/cmake_prefix_path.dsv'
[1.248s] INFO:colcon.colcon_core.shell:Creating environment hook '/home/eth/ros2_ws/install/webcam_publisher/share/webcam_publisher/hook/cmake_prefix_path.sh'
[1.249s] Level 1:colcon.colcon_core.environment:checking '/home/eth/ros2_ws/install/webcam_publisher/lib'
[1.249s] Level 1:colcon.colcon_core.environment:checking '/home/eth/ros2_ws/install/webcam_publisher/bin'
[1.251s] Level 1:colcon.colcon_core.environment:checking '/home/eth/ros2_ws/install/webcam_publisher/lib/pkgconfig/webcam_publisher.pc'
[1.254s] Level 1:colcon.colcon_core.environment:checking '/home/eth/ros2_ws/install/webcam_publisher/lib/python3.10/site-packages'
[1.258s] Level 1:colcon.colcon_core.environment:checking '/home/eth/ros2_ws/install/webcam_publisher/bin'
[1.260s] INFO:colcon.colcon_core.shell:Creating package script '/home/eth/ros2_ws/install/webcam_publisher/share/webcam_publisher/package.ps1'
[1.260s] INFO:colcon.colcon_core.shell:Creating package descriptor '/home/eth/ros2_ws/install/webcam_publisher/share/webcam_publisher/package.dsv'
[1.261s] INFO:colcon.colcon_core.shell:Creating package script '/home/eth/ros2_ws/install/webcam_publisher/share/webcam_publisher/package.sh'
[1.262s] INFO:colcon.colcon_core.shell:Creating package script '/home/eth/ros2_ws/install/webcam_publisher/share/webcam_publisher/package.bash'
[1.262s] INFO:colcon.colcon_core.shell:Creating package script '/home/eth/ros2_ws/install/webcam_publisher/share/webcam_publisher/package.zsh'
[1.262s] Level 1:colcon.colcon_core.environment:create_file_with_runtime_dependencies(/home/eth/ros2_ws/install/webcam_publisher/share/colcon-core/packages/webcam_publisher)
[1.804s] DEBUG:colcon.colcon_core.event_handler.log_command:Invoking command in '/home/eth/ros2_ws/src/opencv_tools': PYTHONPATH=/home/eth/ros2_ws/build/opencv_tools/prefix_override:/usr/lib/python3/dist-packages/colcon_core/task/python/colcon_distutils_commands:/home/eth/ros2_ws/install/opencv_tools/lib/python3.10/site-packages:${PYTHONPATH} /usr/bin/python3 -W ignore:setup.py install is deprecated setup.py egg_info --egg-base ../../build/opencv_tools build --build-base /home/eth/ros2_ws/build/opencv_tools/build install --record /home/eth/ros2_ws/build/opencv_tools/install.log --single-version-externally-managed install_data
[1.810s] DEBUG:colcon.colcon_core.event_handler.log_command:Invoking command in '/home/eth/ros2_ws/src/autonomous_rov': PYTHONPATH=/home/eth/ros2_ws/build/autonomous_rov/prefix_override:/usr/lib/python3/dist-packages/colcon_core/task/python/colcon_distutils_commands:/home/eth/ros2_ws/install/autonomous_rov/lib/python3.10/site-packages:${PYTHONPATH} /usr/bin/python3 -W ignore:setup.py install is deprecated setup.py egg_info --egg-base ../../build/autonomous_rov build --build-base /home/eth/ros2_ws/build/autonomous_rov/build install --record /home/eth/ros2_ws/build/autonomous_rov/install.log --single-version-externally-managed install_data
[2.392s] Level 1:colcon.colcon_core.environment:checking '/home/eth/ros2_ws/install/opencv_tools' for CMake module files
[2.393s] DEBUG:colcon.colcon_core.event_handler.log_command:Invoked command in '/home/eth/ros2_ws/src/opencv_tools' returned '0': PYTHONPATH=/home/eth/ros2_ws/build/opencv_tools/prefix_override:/usr/lib/python3/dist-packages/colcon_core/task/python/colcon_distutils_commands:/home/eth/ros2_ws/install/opencv_tools/lib/python3.10/site-packages:${PYTHONPATH} /usr/bin/python3 -W ignore:setup.py install is deprecated setup.py egg_info --egg-base ../../build/opencv_tools build --build-base /home/eth/ros2_ws/build/opencv_tools/build install --record /home/eth/ros2_ws/build/opencv_tools/install.log --single-version-externally-managed install_data
[2.393s] Level 1:colcon.colcon_core.environment:checking '/home/eth/ros2_ws/install/opencv_tools' for CMake config files
[2.394s] Level 1:colcon.colcon_core.environment:checking '/home/eth/ros2_ws/install/opencv_tools/lib'
[2.394s] Level 1:colcon.colcon_core.environment:checking '/home/eth/ros2_ws/install/opencv_tools/bin'
[2.394s] Level 1:colcon.colcon_core.environment:checking '/home/eth/ros2_ws/install/opencv_tools/lib/pkgconfig/opencv_tools.pc'
[2.394s] Level 1:colcon.colcon_core.environment:checking '/home/eth/ros2_ws/install/opencv_tools/lib/python3.10/site-packages'
[2.395s] Level 1:colcon.colcon_core.shell:create_environment_hook('opencv_tools', 'pythonpath')
[2.395s] INFO:colcon.colcon_core.shell:Creating environment hook '/home/eth/ros2_ws/install/opencv_tools/share/opencv_tools/hook/pythonpath.ps1'
[2.395s] INFO:colcon.colcon_core.shell:Creating environment descriptor '/home/eth/ros2_ws/install/opencv_tools/share/opencv_tools/hook/pythonpath.dsv'
[2.396s] INFO:colcon.colcon_core.shell:Creating environment hook '/home/eth/ros2_ws/install/opencv_tools/share/opencv_tools/hook/pythonpath.sh'
[2.396s] Level 1:colcon.colcon_core.environment:checking '/home/eth/ros2_ws/install/opencv_tools/bin'
[2.397s] Level 1:colcon.colcon_core.environment:create_environment_scripts_only(opencv_tools)
[2.397s] INFO:colcon.colcon_core.shell:Creating package script '/home/eth/ros2_ws/install/opencv_tools/share/opencv_tools/package.ps1'
[2.398s] INFO:colcon.colcon_core.shell:Creating package descriptor '/home/eth/ros2_ws/install/opencv_tools/share/opencv_tools/package.dsv'
[2.398s] INFO:colcon.colcon_core.shell:Creating package script '/home/eth/ros2_ws/install/opencv_tools/share/opencv_tools/package.sh'
[2.399s] INFO:colcon.colcon_core.shell:Creating package script '/home/eth/ros2_ws/install/opencv_tools/share/opencv_tools/package.bash'
[2.399s] INFO:colcon.colcon_core.shell:Creating package script '/home/eth/ros2_ws/install/opencv_tools/share/opencv_tools/package.zsh'
[2.399s] Level 1:colcon.colcon_core.environment:create_file_with_runtime_dependencies(/home/eth/ros2_ws/install/opencv_tools/share/colcon-core/packages/opencv_tools)
[2.400s] Level 1:colcon.colcon_core.environment:checking '/home/eth/ros2_ws/install/autonomous_rov' for CMake module files
[2.401s] DEBUG:colcon.colcon_core.event_handler.log_command:Invoked command in '/home/eth/ros2_ws/src/autonomous_rov' returned '0': PYTHONPATH=/home/eth/ros2_ws/build/autonomous_rov/prefix_override:/usr/lib/python3/dist-packages/colcon_core/task/python/colcon_distutils_commands:/home/eth/ros2_ws/install/autonomous_rov/lib/python3.10/site-packages:${PYTHONPATH} /usr/bin/python3 -W ignore:setup.py install is deprecated setup.py egg_info --egg-base ../../build/autonomous_rov build --build-base /home/eth/ros2_ws/build/autonomous_rov/build install --record /home/eth/ros2_ws/build/autonomous_rov/install.log --single-version-externally-managed install_data
[2.401s] Level 1:colcon.colcon_core.environment:checking '/home/eth/ros2_ws/install/autonomous_rov' for CMake config files
[2.402s] Level 1:colcon.colcon_core.environment:checking '/home/eth/ros2_ws/install/autonomous_rov/lib'
[2.402s] Level 1:colcon.colcon_core.environment:checking '/home/eth/ros2_ws/install/autonomous_rov/bin'
[2.402s] Level 1:colcon.colcon_core.environment:checking '/home/eth/ros2_ws/install/autonomous_rov/lib/pkgconfig/autonomous_rov.pc'
[2.402s] Level 1:colcon.colcon_core.environment:checking '/home/eth/ros2_ws/install/autonomous_rov/lib/python3.10/site-packages'
[2.402s] Level 1:colcon.colcon_core.shell:create_environment_hook('autonomous_rov', 'pythonpath')
[2.403s] INFO:colcon.colcon_core.shell:Creating environment hook '/home/eth/ros2_ws/install/autonomous_rov/share/autonomous_rov/hook/pythonpath.ps1'
[2.403s] INFO:colcon.colcon_core.shell:Creating environment descriptor '/home/eth/ros2_ws/install/autonomous_rov/share/autonomous_rov/hook/pythonpath.dsv'
[2.403s] INFO:colcon.colcon_core.shell:Creating environment hook '/home/eth/ros2_ws/install/autonomous_rov/share/autonomous_rov/hook/pythonpath.sh'
[2.404s] Level 1:colcon.colcon_core.environment:checking '/home/eth/ros2_ws/install/autonomous_rov/bin'
[2.404s] Level 1:colcon.colcon_core.environment:create_environment_scripts_only(autonomous_rov)
[2.404s] INFO:colcon.colcon_core.shell:Creating package script '/home/eth/ros2_ws/install/autonomous_rov/share/autonomous_rov/package.ps1'
[2.404s] INFO:colcon.colcon_core.shell:Creating package descriptor '/home/eth/ros2_ws/install/autonomous_rov/share/autonomous_rov/package.dsv'
[2.405s] INFO:colcon.colcon_core.shell:Creating package script '/home/eth/ros2_ws/install/autonomous_rov/share/autonomous_rov/package.sh'
[2.405s] INFO:colcon.colcon_core.shell:Creating package script '/home/eth/ros2_ws/install/autonomous_rov/share/autonomous_rov/package.bash'
[2.406s] INFO:colcon.colcon_core.shell:Creating package script '/home/eth/ros2_ws/install/autonomous_rov/share/autonomous_rov/package.zsh'
[2.406s] Level 1:colcon.colcon_core.environment:create_file_with_runtime_dependencies(/home/eth/ros2_ws/install/autonomous_rov/share/colcon-core/packages/autonomous_rov)
[2.406s] DEBUG:colcon.colcon_parallel_executor.executor.parallel:closing loop
[2.406s] DEBUG:colcon.colcon_parallel_executor.executor.parallel:loop closed
[2.406s] DEBUG:colcon.colcon_parallel_executor.executor.parallel:run_until_complete finished with '0'
[2.407s] DEBUG:colcon.colcon_core.event_reactor:joining thread
[2.412s] INFO:colcon.colcon_core.plugin_system:Skipping extension 'colcon_notification.desktop_notification.terminal_notifier': Not used on non-Darwin systems
[2.412s] INFO:colcon.colcon_core.plugin_system:Skipping extension 'colcon_notification.desktop_notification.win32': Not used on non-Windows systems
[2.412s] INFO:colcon.colcon_notification.desktop_notification:Sending desktop notification using 'notify2'
[2.422s] DEBUG:colcon.colcon_core.event_reactor:joined thread
[2.425s] INFO:colcon.colcon_core.shell:Creating prefix script '/home/eth/ros2_ws/install/local_setup.ps1'
[2.432s] INFO:colcon.colcon_core.shell:Creating prefix util module '/home/eth/ros2_ws/install/_local_setup_util_ps1.py'
[2.433s] INFO:colcon.colcon_core.shell:Creating prefix chain script '/home/eth/ros2_ws/install/setup.ps1'
[2.456s] INFO:colcon.colcon_core.shell:Creating prefix script '/home/eth/ros2_ws/install/local_setup.sh'
[2.460s] INFO:colcon.colcon_core.shell:Creating prefix util module '/home/eth/ros2_ws/install/_local_setup_util_sh.py'
[2.466s] INFO:colcon.colcon_core.shell:Creating prefix chain script '/home/eth/ros2_ws/install/setup.sh'
[2.479s] INFO:colcon.colcon_core.shell:Creating prefix script '/home/eth/ros2_ws/install/local_setup.bash'
[2.479s] INFO:colcon.colcon_core.shell:Creating prefix chain script '/home/eth/ros2_ws/install/setup.bash'
[2.482s] INFO:colcon.colcon_core.shell:Creating prefix script '/home/eth/ros2_ws/install/local_setup.zsh'
[2.482s] INFO:colcon.colcon_core.shell:Creating prefix chain script '/home/eth/ros2_ws/install/setup.zsh'
