[1.596s] Invoking command in '/home/eth/ros2_ws/src/rov_practical': PYTHONPATH=/home/eth/ros2_ws/build/rov_practical/prefix_override:/usr/lib/python3/dist-packages/colcon_core/task/python/colcon_distutils_commands:/home/eth/ros2_ws/install/rov_practical/lib/python3.10/site-packages:${PYTHONPATH} /usr/bin/python3 -W ignore:setup.py install is deprecated setup.py egg_info --egg-base ../../build/rov_practical build --build-base /home/eth/ros2_ws/build/rov_practical/build install --record /home/eth/ros2_ws/build/rov_practical/install.log --single-version-externally-managed install_data
[1.971s] running egg_info
[1.997s] writing ../../build/rov_practical/rov_practical.egg-info/PKG-INFO
[1.997s] writing dependency_links to ../../build/rov_practical/rov_practical.egg-info/dependency_links.txt
[1.998s] writing entry points to ../../build/rov_practical/rov_practical.egg-info/entry_points.txt
[1.998s] writing requirements to ../../build/rov_practical/rov_practical.egg-info/requires.txt
[1.998s] writing top-level names to ../../build/rov_practical/rov_practical.egg-info/top_level.txt
[2.048s] reading manifest file '../../build/rov_practical/rov_practical.egg-info/SOURCES.txt'
[2.049s] writing manifest file '../../build/rov_practical/rov_practical.egg-info/SOURCES.txt'
[2.050s] running build
[2.050s] running build_py
[2.050s] copying rov_practical/__init__.py -> /home/eth/ros2_ws/build/rov_practical/build/lib/rov_practical
[2.050s] copying rov_practical/DDDQN.py -> /home/eth/ros2_ws/build/rov_practical/build/lib/rov_practical
[2.050s] copying rov_practical/gazebo_world.py -> /home/eth/ros2_ws/build/rov_practical/build/lib/rov_practical
[2.051s] running install
[2.058s] running install_lib
[2.084s] running install_data
[2.084s] copying resource/rov_practical -> /home/eth/ros2_ws/install/rov_practical/share/ament_index/resource_index/packages
[2.085s] copying package.xml -> /home/eth/ros2_ws/install/rov_practical/share/rov_practical
[2.085s] running install_egg_info
[2.115s] removing '/home/eth/ros2_ws/install/rov_practical/lib/python3.10/site-packages/rov_practical-0.0.0-py3.10.egg-info' (and everything under it)
[2.115s] Copying ../../build/rov_practical/rov_practical.egg-info to /home/eth/ros2_ws/install/rov_practical/lib/python3.10/site-packages/rov_practical-0.0.0-py3.10.egg-info
[2.117s] running install_scripts
[2.336s] Installing dddqn script to /home/eth/ros2_ws/install/rov_practical/lib/rov_practical
[2.336s] writing list of installed files to '/home/eth/ros2_ws/build/rov_practical/install.log'
[2.372s] Invoked command in '/home/eth/ros2_ws/src/rov_practical' returned '0': PYTHONPATH=/home/eth/ros2_ws/build/rov_practical/prefix_override:/usr/lib/python3/dist-packages/colcon_core/task/python/colcon_distutils_commands:/home/eth/ros2_ws/install/rov_practical/lib/python3.10/site-packages:${PYTHONPATH} /usr/bin/python3 -W ignore:setup.py install is deprecated setup.py egg_info --egg-base ../../build/rov_practical build --build-base /home/eth/ros2_ws/build/rov_practical/build install --record /home/eth/ros2_ws/build/rov_practical/install.log --single-version-externally-managed install_data
