[0.109s] DEBUG:colcon:Command line arguments: ['/usr/bin/colcon', 'build']
[0.109s] DEBUG:colcon:Parsed command line arguments: Namespace(log_base=None, log_level=None, verb_name='build', build_base='build', install_base='install', merge_install=False, symlink_install=False, test_result_base=None, continue_on_error=False, executor='parallel', parallel_workers=8, event_handlers=None, ignore_user_meta=False, metas=['./colcon.meta'], base_paths=['.'], packages_ignore=None, packages_ignore_regex=None, paths=None, packages_up_to=None, packages_up_to_regex=None, packages_above=None, packages_above_and_dependencies=None, packages_above_depth=None, packages_select_by_dep=None, packages_skip_by_dep=None, packages_skip_up_to=None, packages_select_build_failed=False, packages_skip_build_finished=False, packages_select_test_failures=False, packages_skip_test_passed=False, packages_select=None, packages_skip=None, packages_select_regex=None, packages_skip_regex=None, packages_start=None, packages_end=None, allow_overriding=[], cmake_args=None, cmake_target=None, cmake_target_skip_unavailable=False, cmake_clean_cache=False, cmake_clean_first=False, cmake_force_configure=False, ament_cmake_args=None, catkin_cmake_args=None, catkin_skip_building_tests=False, mixin_files=None, mixin=None, verb_parser=<colcon_mixin.mixin.mixin_argument.MixinArgumentDecorator object at 0x7695f3e50730>, verb_extension=<colcon_core.verb.build.BuildVerb object at 0x7695f3f6cb80>, main=<bound method BuildVerb.main of <colcon_core.verb.build.BuildVerb object at 0x7695f3f6cb80>>, mixin_verb=('build',))
[0.144s] Level 1:colcon.colcon_core.package_discovery:discover_packages(colcon_meta) check parameters
[0.144s] Level 1:colcon.colcon_core.package_discovery:discover_packages(recursive) check parameters
[0.144s] Level 1:colcon.colcon_core.package_discovery:discover_packages(ignore) check parameters
[0.144s] Level 1:colcon.colcon_core.package_discovery:discover_packages(path) check parameters
[0.144s] Level 1:colcon.colcon_core.package_discovery:discover_packages(colcon_meta) discover
[0.144s] Level 1:colcon.colcon_core.package_discovery:discover_packages(recursive) discover
[0.144s] INFO:colcon.colcon_core.package_discovery:Crawling recursively for packages in '/home/eth/ros2_ws'
[0.144s] Level 1:colcon.colcon_core.package_identification:_identify(.) by extensions ['ignore', 'ignore_ament_install']
[0.144s] Level 1:colcon.colcon_core.package_identification:_identify(.) by extension 'ignore'
[0.144s] Level 1:colcon.colcon_core.package_identification:_identify(.) by extension 'ignore_ament_install'
[0.144s] Level 1:colcon.colcon_core.package_identification:_identify(.) by extensions ['colcon_pkg']
[0.144s] Level 1:colcon.colcon_core.package_identification:_identify(.) by extension 'colcon_pkg'
[0.144s] Level 1:colcon.colcon_core.package_identification:_identify(.) by extensions ['colcon_meta']
[0.144s] Level 1:colcon.colcon_core.package_identification:_identify(.) by extension 'colcon_meta'
[0.144s] Level 1:colcon.colcon_core.package_identification:_identify(.) by extensions ['ros']
[0.144s] Level 1:colcon.colcon_core.package_identification:_identify(.) by extension 'ros'
[0.158s] Level 1:colcon.colcon_core.package_identification:_identify(.) by extensions ['cmake', 'python']
[0.158s] Level 1:colcon.colcon_core.package_identification:_identify(.) by extension 'cmake'
[0.158s] Level 1:colcon.colcon_core.package_identification:_identify(.) by extension 'python'
[0.158s] Level 1:colcon.colcon_core.package_identification:_identify(.) by extensions ['python_setup_py']
[0.158s] Level 1:colcon.colcon_core.package_identification:_identify(.) by extension 'python_setup_py'
[0.158s] Level 1:colcon.colcon_core.package_identification:_identify(build) by extensions ['ignore', 'ignore_ament_install']
[0.158s] Level 1:colcon.colcon_core.package_identification:_identify(build) by extension 'ignore'
[0.158s] Level 1:colcon.colcon_core.package_identification:_identify(build) ignored
[0.158s] Level 1:colcon.colcon_core.package_identification:_identify(install) by extensions ['ignore', 'ignore_ament_install']
[0.158s] Level 1:colcon.colcon_core.package_identification:_identify(install) by extension 'ignore'
[0.158s] Level 1:colcon.colcon_core.package_identification:_identify(install) ignored
[0.158s] Level 1:colcon.colcon_core.package_identification:_identify(log) by extensions ['ignore', 'ignore_ament_install']
[0.159s] Level 1:colcon.colcon_core.package_identification:_identify(log) by extension 'ignore'
[0.159s] Level 1:colcon.colcon_core.package_identification:_identify(log) ignored
[0.159s] Level 1:colcon.colcon_core.package_identification:_identify(src) by extensions ['ignore', 'ignore_ament_install']
[0.159s] Level 1:colcon.colcon_core.package_identification:_identify(src) by extension 'ignore'
[0.159s] Level 1:colcon.colcon_core.package_identification:_identify(src) by extension 'ignore_ament_install'
[0.159s] Level 1:colcon.colcon_core.package_identification:_identify(src) by extensions ['colcon_pkg']
[0.159s] Level 1:colcon.colcon_core.package_identification:_identify(src) by extension 'colcon_pkg'
[0.159s] Level 1:colcon.colcon_core.package_identification:_identify(src) by extensions ['colcon_meta']
[0.159s] Level 1:colcon.colcon_core.package_identification:_identify(src) by extension 'colcon_meta'
[0.159s] Level 1:colcon.colcon_core.package_identification:_identify(src) by extensions ['ros']
[0.159s] Level 1:colcon.colcon_core.package_identification:_identify(src) by extension 'ros'
[0.159s] Level 1:colcon.colcon_core.package_identification:_identify(src) by extensions ['cmake', 'python']
[0.159s] Level 1:colcon.colcon_core.package_identification:_identify(src) by extension 'cmake'
[0.159s] Level 1:colcon.colcon_core.package_identification:_identify(src) by extension 'python'
[0.159s] Level 1:colcon.colcon_core.package_identification:_identify(src) by extensions ['python_setup_py']
[0.159s] Level 1:colcon.colcon_core.package_identification:_identify(src) by extension 'python_setup_py'
[0.159s] Level 1:colcon.colcon_core.package_identification:_identify(src/autonomous_rov) by extensions ['ignore', 'ignore_ament_install']
[0.159s] Level 1:colcon.colcon_core.package_identification:_identify(src/autonomous_rov) by extension 'ignore'
[0.159s] Level 1:colcon.colcon_core.package_identification:_identify(src/autonomous_rov) by extension 'ignore_ament_install'
[0.160s] Level 1:colcon.colcon_core.package_identification:_identify(src/autonomous_rov) by extensions ['colcon_pkg']
[0.160s] Level 1:colcon.colcon_core.package_identification:_identify(src/autonomous_rov) by extension 'colcon_pkg'
[0.160s] Level 1:colcon.colcon_core.package_identification:_identify(src/autonomous_rov) by extensions ['colcon_meta']
[0.160s] Level 1:colcon.colcon_core.package_identification:_identify(src/autonomous_rov) by extension 'colcon_meta'
[0.160s] Level 1:colcon.colcon_core.package_identification:_identify(src/autonomous_rov) by extensions ['ros']
[0.160s] Level 1:colcon.colcon_core.package_identification:_identify(src/autonomous_rov) by extension 'ros'
[0.162s] DEBUG:colcon.colcon_core.package_identification:Package 'src/autonomous_rov' with type 'ros.ament_python' and name 'autonomous_rov'
[0.162s] Level 1:colcon.colcon_core.package_identification:_identify(src/kobuki_msgs) by extensions ['ignore', 'ignore_ament_install']
[0.162s] Level 1:colcon.colcon_core.package_identification:_identify(src/kobuki_msgs) by extension 'ignore'
[0.162s] Level 1:colcon.colcon_core.package_identification:_identify(src/kobuki_msgs) by extension 'ignore_ament_install'
[0.162s] Level 1:colcon.colcon_core.package_identification:_identify(src/kobuki_msgs) by extensions ['colcon_pkg']
[0.162s] Level 1:colcon.colcon_core.package_identification:_identify(src/kobuki_msgs) by extension 'colcon_pkg'
[0.162s] Level 1:colcon.colcon_core.package_identification:_identify(src/kobuki_msgs) by extensions ['colcon_meta']
[0.162s] Level 1:colcon.colcon_core.package_identification:_identify(src/kobuki_msgs) by extension 'colcon_meta'
[0.162s] Level 1:colcon.colcon_core.package_identification:_identify(src/kobuki_msgs) by extensions ['ros']
[0.162s] Level 1:colcon.colcon_core.package_identification:_identify(src/kobuki_msgs) by extension 'ros'
[0.162s] Level 1:colcon.colcon_core.package_identification:_identify(src/kobuki_msgs) by extensions ['cmake', 'python']
[0.162s] Level 1:colcon.colcon_core.package_identification:_identify(src/kobuki_msgs) by extension 'cmake'
[0.162s] Level 1:colcon.colcon_core.package_identification:_identify(src/kobuki_msgs) by extension 'python'
[0.162s] Level 1:colcon.colcon_core.package_identification:_identify(src/kobuki_msgs) by extensions ['python_setup_py']
[0.162s] Level 1:colcon.colcon_core.package_identification:_identify(src/kobuki_msgs) by extension 'python_setup_py'
[0.163s] Level 1:colcon.colcon_core.package_identification:_identify(src/kobuki_ros_interfaces) by extensions ['ignore', 'ignore_ament_install']
[0.163s] Level 1:colcon.colcon_core.package_identification:_identify(src/kobuki_ros_interfaces) by extension 'ignore'
[0.163s] Level 1:colcon.colcon_core.package_identification:_identify(src/kobuki_ros_interfaces) by extension 'ignore_ament_install'
[0.163s] Level 1:colcon.colcon_core.package_identification:_identify(src/kobuki_ros_interfaces) by extensions ['colcon_pkg']
[0.163s] Level 1:colcon.colcon_core.package_identification:_identify(src/kobuki_ros_interfaces) by extension 'colcon_pkg'
[0.163s] Level 1:colcon.colcon_core.package_identification:_identify(src/kobuki_ros_interfaces) by extensions ['colcon_meta']
[0.163s] Level 1:colcon.colcon_core.package_identification:_identify(src/kobuki_ros_interfaces) by extension 'colcon_meta'
[0.163s] Level 1:colcon.colcon_core.package_identification:_identify(src/kobuki_ros_interfaces) by extensions ['ros']
[0.163s] Level 1:colcon.colcon_core.package_identification:_identify(src/kobuki_ros_interfaces) by extension 'ros'
[0.164s] DEBUG:colcon.colcon_core.package_identification:Package 'src/kobuki_ros_interfaces' with type 'ros.ament_cmake' and name 'kobuki_ros_interfaces'
[0.164s] Level 1:colcon.colcon_core.package_identification:_identify(src/opencv_tools) by extensions ['ignore', 'ignore_ament_install']
[0.164s] Level 1:colcon.colcon_core.package_identification:_identify(src/opencv_tools) by extension 'ignore'
[0.164s] Level 1:colcon.colcon_core.package_identification:_identify(src/opencv_tools) by extension 'ignore_ament_install'
[0.164s] Level 1:colcon.colcon_core.package_identification:_identify(src/opencv_tools) by extensions ['colcon_pkg']
[0.164s] Level 1:colcon.colcon_core.package_identification:_identify(src/opencv_tools) by extension 'colcon_pkg'
[0.164s] Level 1:colcon.colcon_core.package_identification:_identify(src/opencv_tools) by extensions ['colcon_meta']
[0.164s] Level 1:colcon.colcon_core.package_identification:_identify(src/opencv_tools) by extension 'colcon_meta'
[0.164s] Level 1:colcon.colcon_core.package_identification:_identify(src/opencv_tools) by extensions ['ros']
[0.164s] Level 1:colcon.colcon_core.package_identification:_identify(src/opencv_tools) by extension 'ros'
[0.165s] DEBUG:colcon.colcon_core.package_identification:Package 'src/opencv_tools' with type 'ros.ament_python' and name 'opencv_tools'
[0.165s] Level 1:colcon.colcon_core.package_identification:_identify(src/rov_practical) by extensions ['ignore', 'ignore_ament_install']
[0.165s] Level 1:colcon.colcon_core.package_identification:_identify(src/rov_practical) by extension 'ignore'
[0.166s] Level 1:colcon.colcon_core.package_identification:_identify(src/rov_practical) by extension 'ignore_ament_install'
[0.166s] Level 1:colcon.colcon_core.package_identification:_identify(src/rov_practical) by extensions ['colcon_pkg']
[0.166s] Level 1:colcon.colcon_core.package_identification:_identify(src/rov_practical) by extension 'colcon_pkg'
[0.166s] Level 1:colcon.colcon_core.package_identification:_identify(src/rov_practical) by extensions ['colcon_meta']
[0.166s] Level 1:colcon.colcon_core.package_identification:_identify(src/rov_practical) by extension 'colcon_meta'
[0.166s] Level 1:colcon.colcon_core.package_identification:_identify(src/rov_practical) by extensions ['ros']
[0.166s] Level 1:colcon.colcon_core.package_identification:_identify(src/rov_practical) by extension 'ros'
[0.166s] DEBUG:colcon.colcon_core.package_identification:Package 'src/rov_practical' with type 'ros.ament_python' and name 'rov_practical'
[0.166s] Level 1:colcon.colcon_core.package_discovery:discover_packages(recursive) using defaults
[0.166s] Level 1:colcon.colcon_core.package_discovery:discover_packages(ignore) discover
[0.166s] Level 1:colcon.colcon_core.package_discovery:discover_packages(ignore) using defaults
[0.166s] Level 1:colcon.colcon_core.package_discovery:discover_packages(path) discover
[0.166s] Level 1:colcon.colcon_core.package_discovery:discover_packages(path) using defaults
[0.186s] Level 1:colcon.colcon_core.package_discovery:discover_packages(prefix_path) check parameters
[0.186s] Level 1:colcon.colcon_core.package_discovery:discover_packages(prefix_path) discover
[0.190s] DEBUG:colcon.colcon_installed_package_information.package_discovery:Found 39 installed packages in /home/eth/bookros2_ws/install
[0.190s] DEBUG:colcon.colcon_installed_package_information.package_discovery:Found 5 installed packages in /home/eth/ros2_ws/install
[0.192s] DEBUG:colcon.colcon_installed_package_information.package_discovery:Found 285 installed packages in /opt/ros/humble
[0.193s] Level 1:colcon.colcon_core.package_discovery:discover_packages(prefix_path) using defaults
[0.232s] Level 5:colcon.colcon_core.verb:set package 'autonomous_rov' build argument 'cmake_args' from command line to 'None'
[0.232s] Level 5:colcon.colcon_core.verb:set package 'autonomous_rov' build argument 'cmake_target' from command line to 'None'
[0.232s] Level 5:colcon.colcon_core.verb:set package 'autonomous_rov' build argument 'cmake_target_skip_unavailable' from command line to 'False'
[0.232s] Level 5:colcon.colcon_core.verb:set package 'autonomous_rov' build argument 'cmake_clean_cache' from command line to 'False'
[0.232s] Level 5:colcon.colcon_core.verb:set package 'autonomous_rov' build argument 'cmake_clean_first' from command line to 'False'
[0.232s] Level 5:colcon.colcon_core.verb:set package 'autonomous_rov' build argument 'cmake_force_configure' from command line to 'False'
[0.232s] Level 5:colcon.colcon_core.verb:set package 'autonomous_rov' build argument 'ament_cmake_args' from command line to 'None'
[0.232s] Level 5:colcon.colcon_core.verb:set package 'autonomous_rov' build argument 'catkin_cmake_args' from command line to 'None'
[0.232s] Level 5:colcon.colcon_core.verb:set package 'autonomous_rov' build argument 'catkin_skip_building_tests' from command line to 'False'
[0.232s] DEBUG:colcon.colcon_core.verb:Building package 'autonomous_rov' with the following arguments: {'ament_cmake_args': None, 'build_base': '/home/eth/ros2_ws/build/autonomous_rov', 'catkin_cmake_args': None, 'catkin_skip_building_tests': False, 'cmake_args': None, 'cmake_clean_cache': False, 'cmake_clean_first': False, 'cmake_force_configure': False, 'cmake_target': None, 'cmake_target_skip_unavailable': False, 'install_base': '/home/eth/ros2_ws/install/autonomous_rov', 'merge_install': False, 'path': '/home/eth/ros2_ws/src/autonomous_rov', 'symlink_install': False, 'test_result_base': None}
[0.232s] Level 5:colcon.colcon_core.verb:set package 'kobuki_ros_interfaces' build argument 'cmake_args' from command line to 'None'
[0.232s] Level 5:colcon.colcon_core.verb:set package 'kobuki_ros_interfaces' build argument 'cmake_target' from command line to 'None'
[0.232s] Level 5:colcon.colcon_core.verb:set package 'kobuki_ros_interfaces' build argument 'cmake_target_skip_unavailable' from command line to 'False'
[0.232s] Level 5:colcon.colcon_core.verb:set package 'kobuki_ros_interfaces' build argument 'cmake_clean_cache' from command line to 'False'
[0.232s] Level 5:colcon.colcon_core.verb:set package 'kobuki_ros_interfaces' build argument 'cmake_clean_first' from command line to 'False'
[0.232s] Level 5:colcon.colcon_core.verb:set package 'kobuki_ros_interfaces' build argument 'cmake_force_configure' from command line to 'False'
[0.232s] Level 5:colcon.colcon_core.verb:set package 'kobuki_ros_interfaces' build argument 'ament_cmake_args' from command line to 'None'
[0.232s] Level 5:colcon.colcon_core.verb:set package 'kobuki_ros_interfaces' build argument 'catkin_cmake_args' from command line to 'None'
[0.233s] Level 5:colcon.colcon_core.verb:set package 'kobuki_ros_interfaces' build argument 'catkin_skip_building_tests' from command line to 'False'
[0.233s] DEBUG:colcon.colcon_core.verb:Building package 'kobuki_ros_interfaces' with the following arguments: {'ament_cmake_args': None, 'build_base': '/home/eth/ros2_ws/build/kobuki_ros_interfaces', 'catkin_cmake_args': None, 'catkin_skip_building_tests': False, 'cmake_args': None, 'cmake_clean_cache': False, 'cmake_clean_first': False, 'cmake_force_configure': False, 'cmake_target': None, 'cmake_target_skip_unavailable': False, 'install_base': '/home/eth/ros2_ws/install/kobuki_ros_interfaces', 'merge_install': False, 'path': '/home/eth/ros2_ws/src/kobuki_ros_interfaces', 'symlink_install': False, 'test_result_base': None}
[0.233s] Level 5:colcon.colcon_core.verb:set package 'opencv_tools' build argument 'cmake_args' from command line to 'None'
[0.233s] Level 5:colcon.colcon_core.verb:set package 'opencv_tools' build argument 'cmake_target' from command line to 'None'
[0.233s] Level 5:colcon.colcon_core.verb:set package 'opencv_tools' build argument 'cmake_target_skip_unavailable' from command line to 'False'
[0.233s] Level 5:colcon.colcon_core.verb:set package 'opencv_tools' build argument 'cmake_clean_cache' from command line to 'False'
[0.233s] Level 5:colcon.colcon_core.verb:set package 'opencv_tools' build argument 'cmake_clean_first' from command line to 'False'
[0.233s] Level 5:colcon.colcon_core.verb:set package 'opencv_tools' build argument 'cmake_force_configure' from command line to 'False'
[0.233s] Level 5:colcon.colcon_core.verb:set package 'opencv_tools' build argument 'ament_cmake_args' from command line to 'None'
[0.233s] Level 5:colcon.colcon_core.verb:set package 'opencv_tools' build argument 'catkin_cmake_args' from command line to 'None'
[0.233s] Level 5:colcon.colcon_core.verb:set package 'opencv_tools' build argument 'catkin_skip_building_tests' from command line to 'False'
[0.233s] DEBUG:colcon.colcon_core.verb:Building package 'opencv_tools' with the following arguments: {'ament_cmake_args': None, 'build_base': '/home/eth/ros2_ws/build/opencv_tools', 'catkin_cmake_args': None, 'catkin_skip_building_tests': False, 'cmake_args': None, 'cmake_clean_cache': False, 'cmake_clean_first': False, 'cmake_force_configure': False, 'cmake_target': None, 'cmake_target_skip_unavailable': False, 'install_base': '/home/eth/ros2_ws/install/opencv_tools', 'merge_install': False, 'path': '/home/eth/ros2_ws/src/opencv_tools', 'symlink_install': False, 'test_result_base': None}
[0.234s] Level 5:colcon.colcon_core.verb:set package 'rov_practical' build argument 'cmake_args' from command line to 'None'
[0.234s] Level 5:colcon.colcon_core.verb:set package 'rov_practical' build argument 'cmake_target' from command line to 'None'
[0.234s] Level 5:colcon.colcon_core.verb:set package 'rov_practical' build argument 'cmake_target_skip_unavailable' from command line to 'False'
[0.234s] Level 5:colcon.colcon_core.verb:set package 'rov_practical' build argument 'cmake_clean_cache' from command line to 'False'
[0.234s] Level 5:colcon.colcon_core.verb:set package 'rov_practical' build argument 'cmake_clean_first' from command line to 'False'
[0.234s] Level 5:colcon.colcon_core.verb:set package 'rov_practical' build argument 'cmake_force_configure' from command line to 'False'
[0.234s] Level 5:colcon.colcon_core.verb:set package 'rov_practical' build argument 'ament_cmake_args' from command line to 'None'
[0.234s] Level 5:colcon.colcon_core.verb:set package 'rov_practical' build argument 'catkin_cmake_args' from command line to 'None'
[0.234s] Level 5:colcon.colcon_core.verb:set package 'rov_practical' build argument 'catkin_skip_building_tests' from command line to 'False'
[0.234s] DEBUG:colcon.colcon_core.verb:Building package 'rov_practical' with the following arguments: {'ament_cmake_args': None, 'build_base': '/home/eth/ros2_ws/build/rov_practical', 'catkin_cmake_args': None, 'catkin_skip_building_tests': False, 'cmake_args': None, 'cmake_clean_cache': False, 'cmake_clean_first': False, 'cmake_force_configure': False, 'cmake_target': None, 'cmake_target_skip_unavailable': False, 'install_base': '/home/eth/ros2_ws/install/rov_practical', 'merge_install': False, 'path': '/home/eth/ros2_ws/src/rov_practical', 'symlink_install': False, 'test_result_base': None}
[0.234s] INFO:colcon.colcon_core.executor:Executing jobs using 'parallel' executor
[0.235s] DEBUG:colcon.colcon_parallel_executor.executor.parallel:run_until_complete
[0.235s] INFO:colcon.colcon_ros.task.ament_python.build:Building ROS package in '/home/eth/ros2_ws/src/autonomous_rov' with build type 'ament_python'
[0.235s] Level 1:colcon.colcon_core.shell:create_environment_hook('autonomous_rov', 'ament_prefix_path')
[0.238s] INFO:colcon.colcon_core.plugin_system:Skipping extension 'colcon_core.shell.bat': Not used on non-Windows systems
[0.238s] INFO:colcon.colcon_core.shell:Creating environment hook '/home/eth/ros2_ws/install/autonomous_rov/share/autonomous_rov/hook/ament_prefix_path.ps1'
[0.239s] INFO:colcon.colcon_core.shell:Creating environment descriptor '/home/eth/ros2_ws/install/autonomous_rov/share/autonomous_rov/hook/ament_prefix_path.dsv'
[0.239s] INFO:colcon.colcon_core.shell:Creating environment hook '/home/eth/ros2_ws/install/autonomous_rov/share/autonomous_rov/hook/ament_prefix_path.sh'
[0.240s] INFO:colcon.colcon_core.shell:Skip shell extension 'powershell' for command environment: Not usable outside of PowerShell
[0.240s] DEBUG:colcon.colcon_core.shell:Skip shell extension 'dsv' for command environment
[0.246s] INFO:colcon.colcon_ros.task.ament_cmake.build:Building ROS package in '/home/eth/ros2_ws/src/kobuki_ros_interfaces' with build type 'ament_cmake'
[0.246s] INFO:colcon.colcon_cmake.task.cmake.build:Building CMake package in '/home/eth/ros2_ws/src/kobuki_ros_interfaces'
[0.246s] INFO:colcon.colcon_core.shell:Skip shell extension 'powershell' for command environment: Not usable outside of PowerShell
[0.247s] DEBUG:colcon.colcon_core.shell:Skip shell extension 'dsv' for command environment
[0.255s] INFO:colcon.colcon_ros.task.ament_python.build:Building ROS package in '/home/eth/ros2_ws/src/opencv_tools' with build type 'ament_python'
[0.255s] Level 1:colcon.colcon_core.shell:create_environment_hook('opencv_tools', 'ament_prefix_path')
[0.256s] INFO:colcon.colcon_core.shell:Creating environment hook '/home/eth/ros2_ws/install/opencv_tools/share/opencv_tools/hook/ament_prefix_path.ps1'
[0.256s] INFO:colcon.colcon_core.shell:Creating environment descriptor '/home/eth/ros2_ws/install/opencv_tools/share/opencv_tools/hook/ament_prefix_path.dsv'
[0.257s] INFO:colcon.colcon_core.shell:Creating environment hook '/home/eth/ros2_ws/install/opencv_tools/share/opencv_tools/hook/ament_prefix_path.sh'
[0.258s] INFO:colcon.colcon_core.shell:Skip shell extension 'powershell' for command environment: Not usable outside of PowerShell
[0.258s] DEBUG:colcon.colcon_core.shell:Skip shell extension 'dsv' for command environment
[0.264s] INFO:colcon.colcon_ros.task.ament_python.build:Building ROS package in '/home/eth/ros2_ws/src/rov_practical' with build type 'ament_python'
[0.265s] Level 1:colcon.colcon_core.shell:create_environment_hook('rov_practical', 'ament_prefix_path')
[0.265s] INFO:colcon.colcon_core.shell:Creating environment hook '/home/eth/ros2_ws/install/rov_practical/share/rov_practical/hook/ament_prefix_path.ps1'
[0.266s] INFO:colcon.colcon_core.shell:Creating environment descriptor '/home/eth/ros2_ws/install/rov_practical/share/rov_practical/hook/ament_prefix_path.dsv'
[0.266s] INFO:colcon.colcon_core.shell:Creating environment hook '/home/eth/ros2_ws/install/rov_practical/share/rov_practical/hook/ament_prefix_path.sh'
[0.267s] INFO:colcon.colcon_core.shell:Skip shell extension 'powershell' for command environment: Not usable outside of PowerShell
[0.268s] DEBUG:colcon.colcon_core.shell:Skip shell extension 'dsv' for command environment
[0.519s] INFO:colcon.colcon_core.task.python.build:Building Python package in '/home/eth/ros2_ws/src/autonomous_rov'
[0.520s] INFO:colcon.colcon_core.shell:Skip shell extension 'powershell' for command environment: Not usable outside of PowerShell
[0.520s] DEBUG:colcon.colcon_core.shell:Skip shell extension 'dsv' for command environment
[0.529s] DEBUG:colcon.colcon_core.event_handler.log_command:Invoking command in '/home/eth/ros2_ws/build/kobuki_ros_interfaces': CMAKE_PREFIX_PATH=${CMAKE_PREFIX_PATH}:/home/eth/ros2_ws/install/rov_practical:/home/eth/ros2_ws/install/opencv_tools:/home/eth/ros2_ws/install/autonomous_rov:/home/eth/bookros2_ws/install/launch_pal:/home/eth/bookros2_ws/install/br2_vff_avoidance_py:/home/eth/bookros2_ws/install/br2_fsm_bumpgo_py_ex_1:/home/eth/bookros2_ws/install/br2_fsm_bumpgo_py:/opt/ros/humble /usr/bin/cmake --build /home/eth/ros2_ws/build/kobuki_ros_interfaces -- -j8 -l8
[0.981s] INFO:colcon.colcon_core.task.python.build:Building Python package in '/home/eth/ros2_ws/src/opencv_tools'
[0.982s] INFO:colcon.colcon_core.shell:Skip shell extension 'powershell' for command environment: Not usable outside of PowerShell
[0.982s] DEBUG:colcon.colcon_core.shell:Skip shell extension 'dsv' for command environment
[1.251s] INFO:colcon.colcon_core.task.python.build:Building Python package in '/home/eth/ros2_ws/src/rov_practical'
[1.252s] INFO:colcon.colcon_core.shell:Skip shell extension 'powershell' for command environment: Not usable outside of PowerShell
[1.252s] DEBUG:colcon.colcon_core.shell:Skip shell extension 'dsv' for command environment
[1.264s] DEBUG:colcon.colcon_core.event_handler.log_command:Invoked command in '/home/eth/ros2_ws/build/kobuki_ros_interfaces' returned '2': CMAKE_PREFIX_PATH=${CMAKE_PREFIX_PATH}:/home/eth/ros2_ws/install/rov_practical:/home/eth/ros2_ws/install/opencv_tools:/home/eth/ros2_ws/install/autonomous_rov:/home/eth/bookros2_ws/install/launch_pal:/home/eth/bookros2_ws/install/br2_vff_avoidance_py:/home/eth/bookros2_ws/install/br2_fsm_bumpgo_py_ex_1:/home/eth/bookros2_ws/install/br2_fsm_bumpgo_py:/opt/ros/humble /usr/bin/cmake --build /home/eth/ros2_ws/build/kobuki_ros_interfaces -- -j8 -l8
[1.740s] Level 1:colcon.colcon_core.environment:create_environment_scripts_only(kobuki_ros_interfaces)
[1.744s] Level 1:colcon.colcon_core.environment:checking '/home/eth/ros2_ws/install/kobuki_ros_interfaces' for CMake module files
[1.745s] Level 1:colcon.colcon_core.environment:checking '/home/eth/ros2_ws/install/kobuki_ros_interfaces' for CMake config files
[1.747s] Level 1:colcon.colcon_core.shell:create_environment_hook('kobuki_ros_interfaces', 'cmake_prefix_path')
[1.747s] INFO:colcon.colcon_core.shell:Creating environment hook '/home/eth/ros2_ws/install/kobuki_ros_interfaces/share/kobuki_ros_interfaces/hook/cmake_prefix_path.ps1'
[1.748s] INFO:colcon.colcon_core.shell:Creating environment descriptor '/home/eth/ros2_ws/install/kobuki_ros_interfaces/share/kobuki_ros_interfaces/hook/cmake_prefix_path.dsv'
[1.749s] INFO:colcon.colcon_core.shell:Creating environment hook '/home/eth/ros2_ws/install/kobuki_ros_interfaces/share/kobuki_ros_interfaces/hook/cmake_prefix_path.sh'
[1.750s] Level 1:colcon.colcon_core.environment:checking '/home/eth/ros2_ws/install/kobuki_ros_interfaces/lib'
[1.750s] Level 1:colcon.colcon_core.shell:create_environment_hook('kobuki_ros_interfaces', 'ld_library_path_lib')
[1.751s] INFO:colcon.colcon_core.shell:Creating environment hook '/home/eth/ros2_ws/install/kobuki_ros_interfaces/share/kobuki_ros_interfaces/hook/ld_library_path_lib.ps1'
[1.751s] INFO:colcon.colcon_core.shell:Creating environment descriptor '/home/eth/ros2_ws/install/kobuki_ros_interfaces/share/kobuki_ros_interfaces/hook/ld_library_path_lib.dsv'
[1.752s] INFO:colcon.colcon_core.shell:Creating environment hook '/home/eth/ros2_ws/install/kobuki_ros_interfaces/share/kobuki_ros_interfaces/hook/ld_library_path_lib.sh'
[1.753s] Level 1:colcon.colcon_core.environment:checking '/home/eth/ros2_ws/install/kobuki_ros_interfaces/bin'
[1.753s] Level 1:colcon.colcon_core.environment:checking '/home/eth/ros2_ws/install/kobuki_ros_interfaces/lib/pkgconfig/kobuki_ros_interfaces.pc'
[1.753s] Level 1:colcon.colcon_core.environment:checking '/home/eth/ros2_ws/install/kobuki_ros_interfaces/lib/python3.10/site-packages'
[1.754s] Level 1:colcon.colcon_core.environment:checking '/home/eth/ros2_ws/install/kobuki_ros_interfaces/bin'
[1.754s] INFO:colcon.colcon_core.shell:Creating package script '/home/eth/ros2_ws/install/kobuki_ros_interfaces/share/kobuki_ros_interfaces/package.ps1'
[1.756s] INFO:colcon.colcon_core.shell:Creating package descriptor '/home/eth/ros2_ws/install/kobuki_ros_interfaces/share/kobuki_ros_interfaces/package.dsv'
[1.757s] INFO:colcon.colcon_core.shell:Creating package script '/home/eth/ros2_ws/install/kobuki_ros_interfaces/share/kobuki_ros_interfaces/package.sh'
[1.758s] INFO:colcon.colcon_core.shell:Creating package script '/home/eth/ros2_ws/install/kobuki_ros_interfaces/share/kobuki_ros_interfaces/package.bash'
[1.759s] INFO:colcon.colcon_core.shell:Creating package script '/home/eth/ros2_ws/install/kobuki_ros_interfaces/share/kobuki_ros_interfaces/package.zsh'
[1.760s] Level 1:colcon.colcon_core.environment:create_file_with_runtime_dependencies(/home/eth/ros2_ws/install/kobuki_ros_interfaces/share/colcon-core/packages/kobuki_ros_interfaces)
[2.119s] DEBUG:colcon.colcon_parallel_executor.executor.parallel:closing loop
[2.119s] DEBUG:colcon.colcon_parallel_executor.executor.parallel:loop closed
[2.119s] DEBUG:colcon.colcon_parallel_executor.executor.parallel:run_until_complete finished with '2'
[2.119s] DEBUG:colcon.colcon_core.event_reactor:joining thread
[2.127s] INFO:colcon.colcon_core.plugin_system:Skipping extension 'colcon_notification.desktop_notification.terminal_notifier': Not used on non-Darwin systems
[2.127s] INFO:colcon.colcon_core.plugin_system:Skipping extension 'colcon_notification.desktop_notification.win32': Not used on non-Windows systems
[2.127s] INFO:colcon.colcon_notification.desktop_notification:Sending desktop notification using 'notify2'
[2.139s] DEBUG:colcon.colcon_core.event_reactor:joined thread
[2.140s] INFO:colcon.colcon_core.shell:Creating prefix script '/home/eth/ros2_ws/install/local_setup.ps1'
[2.141s] INFO:colcon.colcon_core.shell:Creating prefix util module '/home/eth/ros2_ws/install/_local_setup_util_ps1.py'
[2.143s] INFO:colcon.colcon_core.shell:Creating prefix chain script '/home/eth/ros2_ws/install/setup.ps1'
[2.146s] INFO:colcon.colcon_core.shell:Creating prefix script '/home/eth/ros2_ws/install/local_setup.sh'
[2.147s] INFO:colcon.colcon_core.shell:Creating prefix util module '/home/eth/ros2_ws/install/_local_setup_util_sh.py'
[2.147s] INFO:colcon.colcon_core.shell:Creating prefix chain script '/home/eth/ros2_ws/install/setup.sh'
[2.151s] INFO:colcon.colcon_core.shell:Creating prefix script '/home/eth/ros2_ws/install/local_setup.bash'
[2.151s] INFO:colcon.colcon_core.shell:Creating prefix chain script '/home/eth/ros2_ws/install/setup.bash'
[2.155s] INFO:colcon.colcon_core.shell:Creating prefix script '/home/eth/ros2_ws/install/local_setup.zsh'
[2.156s] INFO:colcon.colcon_core.shell:Creating prefix chain script '/home/eth/ros2_ws/install/setup.zsh'
