[0.255s] Invoking command in '/home/eth/ros2_ws/build/webcam_publisher': CMAKE_PREFIX_PATH=${CMAKE_PREFIX_PATH}:/home/eth/ros2_ws/install/autonomous_rov:/home/eth/MIR_Project_2024/glassy_challenge_ws/install/glassy_challenge:/home/eth/bookros2_ws/install/launch_pal:/home/eth/bookros2_ws/install/br2_vff_avoidance_py:/home/eth/bookros2_ws/install/br2_fsm_bumpgo_py_ex_1:/home/eth/bookros2_ws/install/br2_fsm_bumpgo_py:/opt/ros/humble /usr/bin/cmake --build /home/eth/ros2_ws/build/webcam_publisher -- -j8 -l8
[0.274s] -- Found ament_cmake: 1.3.9 (/opt/ros/humble/share/ament_cmake/cmake)
[0.416s] -- Found rclpy: 3.3.13 (/opt/ros/humble/share/rclpy/cmake)
[0.421s] -- Found sensor_msgs: 4.2.4 (/opt/ros/humble/share/sensor_msgs/cmake)
[0.533s] -- Found rosidl_generator_c: 3.1.5 (/opt/ros/humble/share/rosidl_generator_c/cmake)
[0.548s] -- Found rosidl_adapter: 3.1.5 (/opt/ros/humble/share/rosidl_adapter/cmake)
[0.565s] -- Found rosidl_generator_cpp: 3.1.5 (/opt/ros/humble/share/rosidl_generator_cpp/cmake)
[0.589s] -- Using all available rosidl_typesupport_c: rosidl_typesupport_fastrtps_c;rosidl_typesupport_introspection_c
[0.627s] -- Using all available rosidl_typesupport_cpp: rosidl_typesupport_fastrtps_cpp;rosidl_typesupport_introspection_cpp
[0.893s] -- Found cv_bridge: 3.2.1 (/opt/ros/humble/share/cv_bridge/cmake)
[0.994s] -- Configuring done
[0.997s] -- Generating done
[0.998s] -- Build files have been written to: /home/eth/ros2_ws/build/webcam_publisher
[1.022s] Invoked command in '/home/eth/ros2_ws/build/webcam_publisher' returned '0': CMAKE_PREFIX_PATH=${CMAKE_PREFIX_PATH}:/home/eth/ros2_ws/install/autonomous_rov:/home/eth/MIR_Project_2024/glassy_challenge_ws/install/glassy_challenge:/home/eth/bookros2_ws/install/launch_pal:/home/eth/bookros2_ws/install/br2_vff_avoidance_py:/home/eth/bookros2_ws/install/br2_fsm_bumpgo_py_ex_1:/home/eth/bookros2_ws/install/br2_fsm_bumpgo_py:/opt/ros/humble /usr/bin/cmake --build /home/eth/ros2_ws/build/webcam_publisher -- -j8 -l8
[1.051s] Invoking command in '/home/eth/ros2_ws/build/webcam_publisher': CMAKE_PREFIX_PATH=${CMAKE_PREFIX_PATH}:/home/eth/ros2_ws/install/autonomous_rov:/home/eth/MIR_Project_2024/glassy_challenge_ws/install/glassy_challenge:/home/eth/bookros2_ws/install/launch_pal:/home/eth/bookros2_ws/install/br2_vff_avoidance_py:/home/eth/bookros2_ws/install/br2_fsm_bumpgo_py_ex_1:/home/eth/bookros2_ws/install/br2_fsm_bumpgo_py:/opt/ros/humble /usr/bin/cmake --install /home/eth/ros2_ws/build/webcam_publisher
[1.057s] -- Install configuration: ""
[1.057s] -- Installing: /home/eth/ros2_ws/install/webcam_publisher/lib/webcam_publisher/webcam_publisher_node.py
[1.058s] -- Installing: /home/eth/ros2_ws/install/webcam_publisher/share/webcam_publisher/launch
[1.058s] -- Up-to-date: /home/eth/ros2_ws/install/webcam_publisher/share/ament_index/resource_index/package_run_dependencies/webcam_publisher
[1.058s] -- Installing: /home/eth/ros2_ws/install/webcam_publisher/share/ament_index/resource_index/parent_prefix_path/webcam_publisher
[1.058s] -- Up-to-date: /home/eth/ros2_ws/install/webcam_publisher/share/webcam_publisher/environment/ament_prefix_path.sh
[1.058s] -- Installing: /home/eth/ros2_ws/install/webcam_publisher/share/webcam_publisher/environment/ament_prefix_path.dsv
[1.058s] -- Up-to-date: /home/eth/ros2_ws/install/webcam_publisher/share/webcam_publisher/environment/path.sh
[1.058s] -- Installing: /home/eth/ros2_ws/install/webcam_publisher/share/webcam_publisher/environment/path.dsv
[1.059s] -- Up-to-date: /home/eth/ros2_ws/install/webcam_publisher/share/webcam_publisher/local_setup.bash
[1.059s] -- Up-to-date: /home/eth/ros2_ws/install/webcam_publisher/share/webcam_publisher/local_setup.sh
[1.059s] -- Up-to-date: /home/eth/ros2_ws/install/webcam_publisher/share/webcam_publisher/local_setup.zsh
[1.059s] -- Installing: /home/eth/ros2_ws/install/webcam_publisher/share/webcam_publisher/local_setup.dsv
[1.059s] -- Installing: /home/eth/ros2_ws/install/webcam_publisher/share/webcam_publisher/package.dsv
[1.059s] -- Up-to-date: /home/eth/ros2_ws/install/webcam_publisher/share/ament_index/resource_index/packages/webcam_publisher
[1.059s] -- Installing: /home/eth/ros2_ws/install/webcam_publisher/share/webcam_publisher/cmake/ament_cmake_export_dependencies-extras.cmake
[1.059s] -- Installing: /home/eth/ros2_ws/install/webcam_publisher/share/webcam_publisher/cmake/webcam_publisherConfig.cmake
[1.060s] -- Up-to-date: /home/eth/ros2_ws/install/webcam_publisher/share/webcam_publisher/cmake/webcam_publisherConfig-version.cmake
[1.060s] -- Up-to-date: /home/eth/ros2_ws/install/webcam_publisher/share/webcam_publisher/package.xml
[1.062s] Invoked command in '/home/eth/ros2_ws/build/webcam_publisher' returned '0': CMAKE_PREFIX_PATH=${CMAKE_PREFIX_PATH}:/home/eth/ros2_ws/install/autonomous_rov:/home/eth/MIR_Project_2024/glassy_challenge_ws/install/glassy_challenge:/home/eth/bookros2_ws/install/launch_pal:/home/eth/bookros2_ws/install/br2_vff_avoidance_py:/home/eth/bookros2_ws/install/br2_fsm_bumpgo_py_ex_1:/home/eth/bookros2_ws/install/br2_fsm_bumpgo_py:/opt/ros/humble /usr/bin/cmake --install /home/eth/ros2_ws/build/webcam_publisher
