[0.273s] Invoking command in '/home/eth/ros2_ws/build/kobuki_ros_interfaces': CMAKE_PREFIX_PATH=${CMAKE_PREFIX_PATH}:/home/eth/ros2_ws/install/rov_practical:/home/eth/ros2_ws/install/opencv_tools:/home/eth/ros2_ws/install/autonomous_rov:/home/eth/bookros2_ws/install/launch_pal:/home/eth/bookros2_ws/install/br2_vff_avoidance_py:/home/eth/bookros2_ws/install/br2_fsm_bumpgo_py_ex_1:/home/eth/bookros2_ws/install/br2_fsm_bumpgo_py:/opt/ros/humble /usr/bin/cmake /home/eth/ros2_ws/src/kobuki_ros_interfaces -DAMENT_CMAKE_SYMLINK_INSTALL=1 -DCMAKE_INSTALL_PREFIX=/home/eth/ros2_ws/install/kobuki_ros_interfaces
[0.635s] -- The C compiler identification is GNU 11.4.0
[0.635s] -- The CXX compiler identification is GNU 11.4.0
[0.635s] -- Detecting C compiler ABI info
[0.636s] -- Detecting C compiler ABI info - done
[0.636s] -- Check for working C compiler: /usr/bin/cc - skipped
[0.638s] -- Detecting C compile features
[0.638s] -- Detecting C compile features - done
[0.638s] -- Detecting CXX compiler ABI info
[0.658s] -- Detecting CXX compiler ABI info - done
[0.668s] -- Check for working CXX compiler: /usr/bin/c++ - skipped
[0.668s] -- Detecting CXX compile features
[0.669s] -- Detecting CXX compile features - done
[0.678s] -- Found action_msgs: 1.2.1 (/opt/ros/humble/share/action_msgs/cmake)
[1.177s] -- Found Python3: /usr/bin/python3 (found version "3.10.12") found components: Interpreter 
[1.315s] -- Override CMake install command with custom implementation using symlinks instead of copying resources
[1.531s] -- Found rosidl_generator_c: 3.1.5 (/opt/ros/humble/share/rosidl_generator_c/cmake)
[1.546s] -- Found rosidl_adapter: 3.1.5 (/opt/ros/humble/share/rosidl_adapter/cmake)
[1.566s] -- Found rosidl_generator_cpp: 3.1.5 (/opt/ros/humble/share/rosidl_generator_cpp/cmake)
[1.594s] -- Using all available rosidl_typesupport_c: rosidl_typesupport_fastrtps_c;rosidl_typesupport_introspection_c
[1.637s] -- Using all available rosidl_typesupport_cpp: rosidl_typesupport_fastrtps_cpp;rosidl_typesupport_introspection_cpp
[1.767s] -- Found rosidl_default_generators: 1.2.0 (/opt/ros/humble/share/rosidl_default_generators/cmake)
[1.796s] -- Found std_msgs: 4.2.4 (/opt/ros/humble/share/std_msgs/cmake)
[2.551s] -- Found ament_cmake_ros: 0.10.0 (/opt/ros/humble/share/ament_cmake_ros/cmake)
[3.326s] -- Using all available rosidl_typesupport_c: rosidl_typesupport_fastrtps_c;rosidl_typesupport_introspection_c
[3.546s] -- Using all available rosidl_typesupport_cpp: rosidl_typesupport_fastrtps_cpp;rosidl_typesupport_introspection_cpp
[3.580s] -- Found PythonInterp: /usr/bin/python3 (found suitable version "3.10.12", minimum required is "3.6") 
[3.587s] -- Found python_cmake_module: 0.10.0 (/opt/ros/humble/share/python_cmake_module/cmake)
[3.632s] -- Found PythonLibs: /usr/lib/x86_64-linux-gnu/libpython3.10.so (found suitable version "3.10.12", minimum required is "3.5") 
[3.632s] -- Using PYTHON_EXECUTABLE: /usr/bin/python3
[3.632s] -- Using PYTHON_INCLUDE_DIRS: /usr/include/python3.10
[3.632s] -- Using PYTHON_LIBRARIES: /usr/lib/x86_64-linux-gnu/libpython3.10.so
[3.662s] -- Found PythonExtra: .so  
[3.945s] -- Using numpy include directory: /home/eth/.local/lib/python3.10/site-packages/numpy/core/include
[4.027s] -- Configuring done
[4.156s] -- Generating done
[4.163s] -- Build files have been written to: /home/eth/ros2_ws/build/kobuki_ros_interfaces
[4.175s] Invoked command in '/home/eth/ros2_ws/build/kobuki_ros_interfaces' returned '0': CMAKE_PREFIX_PATH=${CMAKE_PREFIX_PATH}:/home/eth/ros2_ws/install/rov_practical:/home/eth/ros2_ws/install/opencv_tools:/home/eth/ros2_ws/install/autonomous_rov:/home/eth/bookros2_ws/install/launch_pal:/home/eth/bookros2_ws/install/br2_vff_avoidance_py:/home/eth/bookros2_ws/install/br2_fsm_bumpgo_py_ex_1:/home/eth/bookros2_ws/install/br2_fsm_bumpgo_py:/opt/ros/humble /usr/bin/cmake /home/eth/ros2_ws/src/kobuki_ros_interfaces -DAMENT_CMAKE_SYMLINK_INSTALL=1 -DCMAKE_INSTALL_PREFIX=/home/eth/ros2_ws/install/kobuki_ros_interfaces
[4.178s] Invoking command in '/home/eth/ros2_ws/build/kobuki_ros_interfaces': CMAKE_PREFIX_PATH=${CMAKE_PREFIX_PATH}:/home/eth/ros2_ws/install/rov_practical:/home/eth/ros2_ws/install/opencv_tools:/home/eth/ros2_ws/install/autonomous_rov:/home/eth/bookros2_ws/install/launch_pal:/home/eth/bookros2_ws/install/br2_vff_avoidance_py:/home/eth/bookros2_ws/install/br2_fsm_bumpgo_py_ex_1:/home/eth/bookros2_ws/install/br2_fsm_bumpgo_py:/opt/ros/humble /usr/bin/cmake --build /home/eth/ros2_ws/build/kobuki_ros_interfaces -- -j8 -l8
[4.266s] [35m[1mConsolidate compiler generated dependencies of target kobuki_ros_interfaces__rosidl_generator_c[0m
[4.282s] [  0%] Built target kobuki_ros_interfaces__cpp
[4.290s] failed to create symbolic link '/home/eth/ros2_ws/build/kobuki_ros_interfaces/ament_cmake_python/kobuki_ros_interfaces/kobuki_ros_interfaces' because existing path cannot be removed: Is a directory
[4.290s] gmake[2]: *** [CMakeFiles/ament_cmake_python_symlink_kobuki_ros_interfaces.dir/build.make:70: CMakeFiles/ament_cmake_python_symlink_kobuki_ros_interfaces] Error 1
[4.290s] gmake[1]: *** [CMakeFiles/Makefile2:421: CMakeFiles/ament_cmake_python_symlink_kobuki_ros_interfaces.dir/all] Error 2
[4.290s] gmake[1]: *** Waiting for unfinished jobs....
[4.306s] [ 12%] Built target kobuki_ros_interfaces__rosidl_generator_c
[4.315s] [35m[1mConsolidate compiler generated dependencies of target kobuki_ros_interfaces__rosidl_typesupport_cpp[0m
[4.319s] [35m[1mConsolidate compiler generated dependencies of target kobuki_ros_interfaces__rosidl_typesupport_fastrtps_cpp[0m
[4.339s] [35m[1mConsolidate compiler generated dependencies of target kobuki_ros_interfaces__rosidl_typesupport_introspection_cpp[0m
[4.379s] [ 24%] Built target kobuki_ros_interfaces__rosidl_typesupport_cpp
[4.387s] [ 36%] Built target kobuki_ros_interfaces__rosidl_typesupport_introspection_cpp
[4.393s] [ 48%] Built target kobuki_ros_interfaces__rosidl_typesupport_fastrtps_cpp
[4.395s] gmake: *** [Makefile:146: all] Error 2
[4.398s] Invoked command in '/home/eth/ros2_ws/build/kobuki_ros_interfaces' returned '2': CMAKE_PREFIX_PATH=${CMAKE_PREFIX_PATH}:/home/eth/ros2_ws/install/rov_practical:/home/eth/ros2_ws/install/opencv_tools:/home/eth/ros2_ws/install/autonomous_rov:/home/eth/bookros2_ws/install/launch_pal:/home/eth/bookros2_ws/install/br2_vff_avoidance_py:/home/eth/bookros2_ws/install/br2_fsm_bumpgo_py_ex_1:/home/eth/bookros2_ws/install/br2_fsm_bumpgo_py:/opt/ros/humble /usr/bin/cmake --build /home/eth/ros2_ws/build/kobuki_ros_interfaces -- -j8 -l8
