[0.286s] DEBUG:colcon:Command line arguments: ['/usr/bin/colcon', 'build']
[0.287s] DEBUG:colcon:Parsed command line arguments: Namespace(log_base=None, log_level=None, verb_name='build', build_base='build', install_base='install', merge_install=False, symlink_install=False, test_result_base=None, continue_on_error=False, executor='parallel', parallel_workers=8, event_handlers=None, ignore_user_meta=False, metas=['./colcon.meta'], base_paths=['.'], packages_ignore=None, packages_ignore_regex=None, paths=None, packages_up_to=None, packages_up_to_regex=None, packages_above=None, packages_above_and_dependencies=None, packages_above_depth=None, packages_select_by_dep=None, packages_skip_by_dep=None, packages_skip_up_to=None, packages_select_build_failed=False, packages_skip_build_finished=False, packages_select_test_failures=False, packages_skip_test_passed=False, packages_select=None, packages_skip=None, packages_select_regex=None, packages_skip_regex=None, packages_start=None, packages_end=None, allow_overriding=[], cmake_args=None, cmake_target=None, cmake_target_skip_unavailable=False, cmake_clean_cache=False, cmake_clean_first=False, cmake_force_configure=False, ament_cmake_args=None, catkin_cmake_args=None, catkin_skip_building_tests=False, mixin_files=None, mixin=None, verb_parser=<colcon_mixin.mixin.mixin_argument.MixinArgumentDecorator object at 0x740f2c96c310>, verb_extension=<colcon_core.verb.build.BuildVerb object at 0x740f2ca23f70>, main=<bound method BuildVerb.main of <colcon_core.verb.build.BuildVerb object at 0x740f2ca23f70>>, mixin_verb=('build',))
[0.382s] Level 1:colcon.colcon_core.package_discovery:discover_packages(colcon_meta) check parameters
[0.382s] Level 1:colcon.colcon_core.package_discovery:discover_packages(recursive) check parameters
[0.382s] Level 1:colcon.colcon_core.package_discovery:discover_packages(ignore) check parameters
[0.382s] Level 1:colcon.colcon_core.package_discovery:discover_packages(path) check parameters
[0.382s] Level 1:colcon.colcon_core.package_discovery:discover_packages(colcon_meta) discover
[0.383s] Level 1:colcon.colcon_core.package_discovery:discover_packages(recursive) discover
[0.383s] INFO:colcon.colcon_core.package_discovery:Crawling recursively for packages in '/home/eth/ros2_ws'
[0.383s] Level 1:colcon.colcon_core.package_identification:_identify(.) by extensions ['ignore', 'ignore_ament_install']
[0.383s] Level 1:colcon.colcon_core.package_identification:_identify(.) by extension 'ignore'
[0.383s] Level 1:colcon.colcon_core.package_identification:_identify(.) by extension 'ignore_ament_install'
[0.383s] Level 1:colcon.colcon_core.package_identification:_identify(.) by extensions ['colcon_pkg']
[0.383s] Level 1:colcon.colcon_core.package_identification:_identify(.) by extension 'colcon_pkg'
[0.383s] Level 1:colcon.colcon_core.package_identification:_identify(.) by extensions ['colcon_meta']
[0.384s] Level 1:colcon.colcon_core.package_identification:_identify(.) by extension 'colcon_meta'
[0.384s] Level 1:colcon.colcon_core.package_identification:_identify(.) by extensions ['ros']
[0.384s] Level 1:colcon.colcon_core.package_identification:_identify(.) by extension 'ros'
[0.417s] Level 1:colcon.colcon_core.package_identification:_identify(.) by extensions ['cmake', 'python']
[0.417s] Level 1:colcon.colcon_core.package_identification:_identify(.) by extension 'cmake'
[0.417s] Level 1:colcon.colcon_core.package_identification:_identify(.) by extension 'python'
[0.417s] Level 1:colcon.colcon_core.package_identification:_identify(.) by extensions ['python_setup_py']
[0.417s] Level 1:colcon.colcon_core.package_identification:_identify(.) by extension 'python_setup_py'
[0.417s] Level 1:colcon.colcon_core.package_identification:_identify(build) by extensions ['ignore', 'ignore_ament_install']
[0.417s] Level 1:colcon.colcon_core.package_identification:_identify(build) by extension 'ignore'
[0.418s] Level 1:colcon.colcon_core.package_identification:_identify(build) ignored
[0.418s] Level 1:colcon.colcon_core.package_identification:_identify(install) by extensions ['ignore', 'ignore_ament_install']
[0.418s] Level 1:colcon.colcon_core.package_identification:_identify(install) by extension 'ignore'
[0.418s] Level 1:colcon.colcon_core.package_identification:_identify(install) ignored
[0.418s] Level 1:colcon.colcon_core.package_identification:_identify(log) by extensions ['ignore', 'ignore_ament_install']
[0.419s] Level 1:colcon.colcon_core.package_identification:_identify(log) by extension 'ignore'
[0.419s] Level 1:colcon.colcon_core.package_identification:_identify(log) ignored
[0.419s] Level 1:colcon.colcon_core.package_identification:_identify(src) by extensions ['ignore', 'ignore_ament_install']
[0.419s] Level 1:colcon.colcon_core.package_identification:_identify(src) by extension 'ignore'
[0.419s] Level 1:colcon.colcon_core.package_identification:_identify(src) by extension 'ignore_ament_install'
[0.419s] Level 1:colcon.colcon_core.package_identification:_identify(src) by extensions ['colcon_pkg']
[0.419s] Level 1:colcon.colcon_core.package_identification:_identify(src) by extension 'colcon_pkg'
[0.419s] Level 1:colcon.colcon_core.package_identification:_identify(src) by extensions ['colcon_meta']
[0.419s] Level 1:colcon.colcon_core.package_identification:_identify(src) by extension 'colcon_meta'
[0.420s] Level 1:colcon.colcon_core.package_identification:_identify(src) by extensions ['ros']
[0.420s] Level 1:colcon.colcon_core.package_identification:_identify(src) by extension 'ros'
[0.420s] Level 1:colcon.colcon_core.package_identification:_identify(src) by extensions ['cmake', 'python']
[0.420s] Level 1:colcon.colcon_core.package_identification:_identify(src) by extension 'cmake'
[0.420s] Level 1:colcon.colcon_core.package_identification:_identify(src) by extension 'python'
[0.420s] Level 1:colcon.colcon_core.package_identification:_identify(src) by extensions ['python_setup_py']
[0.420s] Level 1:colcon.colcon_core.package_identification:_identify(src) by extension 'python_setup_py'
[0.420s] Level 1:colcon.colcon_core.package_identification:_identify(src/autonomous_rov) by extensions ['ignore', 'ignore_ament_install']
[0.420s] Level 1:colcon.colcon_core.package_identification:_identify(src/autonomous_rov) by extension 'ignore'
[0.421s] Level 1:colcon.colcon_core.package_identification:_identify(src/autonomous_rov) by extension 'ignore_ament_install'
[0.421s] Level 1:colcon.colcon_core.package_identification:_identify(src/autonomous_rov) by extensions ['colcon_pkg']
[0.421s] Level 1:colcon.colcon_core.package_identification:_identify(src/autonomous_rov) by extension 'colcon_pkg'
[0.421s] Level 1:colcon.colcon_core.package_identification:_identify(src/autonomous_rov) by extensions ['colcon_meta']
[0.421s] Level 1:colcon.colcon_core.package_identification:_identify(src/autonomous_rov) by extension 'colcon_meta'
[0.421s] Level 1:colcon.colcon_core.package_identification:_identify(src/autonomous_rov) by extensions ['ros']
[0.421s] Level 1:colcon.colcon_core.package_identification:_identify(src/autonomous_rov) by extension 'ros'
[0.426s] DEBUG:colcon.colcon_core.package_identification:Package 'src/autonomous_rov' with type 'ros.ament_python' and name 'autonomous_rov'
[0.426s] Level 1:colcon.colcon_core.package_identification:_identify(src/opencv_tools) by extensions ['ignore', 'ignore_ament_install']
[0.426s] Level 1:colcon.colcon_core.package_identification:_identify(src/opencv_tools) by extension 'ignore'
[0.426s] Level 1:colcon.colcon_core.package_identification:_identify(src/opencv_tools) by extension 'ignore_ament_install'
[0.427s] Level 1:colcon.colcon_core.package_identification:_identify(src/opencv_tools) by extensions ['colcon_pkg']
[0.427s] Level 1:colcon.colcon_core.package_identification:_identify(src/opencv_tools) by extension 'colcon_pkg'
[0.427s] Level 1:colcon.colcon_core.package_identification:_identify(src/opencv_tools) by extensions ['colcon_meta']
[0.427s] Level 1:colcon.colcon_core.package_identification:_identify(src/opencv_tools) by extension 'colcon_meta'
[0.427s] Level 1:colcon.colcon_core.package_identification:_identify(src/opencv_tools) by extensions ['ros']
[0.427s] Level 1:colcon.colcon_core.package_identification:_identify(src/opencv_tools) by extension 'ros'
[0.430s] DEBUG:colcon.colcon_core.package_identification:Package 'src/opencv_tools' with type 'ros.ament_python' and name 'opencv_tools'
[0.430s] Level 1:colcon.colcon_core.package_identification:_identify(src/rov_practical) by extensions ['ignore', 'ignore_ament_install']
[0.430s] Level 1:colcon.colcon_core.package_identification:_identify(src/rov_practical) by extension 'ignore'
[0.430s] Level 1:colcon.colcon_core.package_identification:_identify(src/rov_practical) by extension 'ignore_ament_install'
[0.430s] Level 1:colcon.colcon_core.package_identification:_identify(src/rov_practical) by extensions ['colcon_pkg']
[0.430s] Level 1:colcon.colcon_core.package_identification:_identify(src/rov_practical) by extension 'colcon_pkg'
[0.430s] Level 1:colcon.colcon_core.package_identification:_identify(src/rov_practical) by extensions ['colcon_meta']
[0.431s] Level 1:colcon.colcon_core.package_identification:_identify(src/rov_practical) by extension 'colcon_meta'
[0.431s] Level 1:colcon.colcon_core.package_identification:_identify(src/rov_practical) by extensions ['ros']
[0.431s] Level 1:colcon.colcon_core.package_identification:_identify(src/rov_practical) by extension 'ros'
[0.432s] DEBUG:colcon.colcon_core.package_identification:Package 'src/rov_practical' with type 'ros.ament_python' and name 'rov_practical'
[0.432s] Level 1:colcon.colcon_core.package_discovery:discover_packages(recursive) using defaults
[0.432s] Level 1:colcon.colcon_core.package_discovery:discover_packages(ignore) discover
[0.432s] Level 1:colcon.colcon_core.package_discovery:discover_packages(ignore) using defaults
[0.432s] Level 1:colcon.colcon_core.package_discovery:discover_packages(path) discover
[0.432s] Level 1:colcon.colcon_core.package_discovery:discover_packages(path) using defaults
[0.479s] Level 1:colcon.colcon_core.package_discovery:discover_packages(prefix_path) check parameters
[0.479s] Level 1:colcon.colcon_core.package_discovery:discover_packages(prefix_path) discover
[0.486s] DEBUG:colcon.colcon_installed_package_information.package_discovery:Found 5 installed packages in /home/eth/MIR_Project_2024/glassy_challenge_ws/install
[0.490s] DEBUG:colcon.colcon_installed_package_information.package_discovery:Found 39 installed packages in /home/eth/bookros2_ws/install
[0.494s] DEBUG:colcon.colcon_installed_package_information.package_discovery:Found 277 installed packages in /opt/ros/humble
[0.497s] Level 1:colcon.colcon_core.package_discovery:discover_packages(prefix_path) using defaults
[0.602s] Level 5:colcon.colcon_core.verb:set package 'autonomous_rov' build argument 'cmake_args' from command line to 'None'
[0.602s] Level 5:colcon.colcon_core.verb:set package 'autonomous_rov' build argument 'cmake_target' from command line to 'None'
[0.602s] Level 5:colcon.colcon_core.verb:set package 'autonomous_rov' build argument 'cmake_target_skip_unavailable' from command line to 'False'
[0.602s] Level 5:colcon.colcon_core.verb:set package 'autonomous_rov' build argument 'cmake_clean_cache' from command line to 'False'
[0.602s] Level 5:colcon.colcon_core.verb:set package 'autonomous_rov' build argument 'cmake_clean_first' from command line to 'False'
[0.602s] Level 5:colcon.colcon_core.verb:set package 'autonomous_rov' build argument 'cmake_force_configure' from command line to 'False'
[0.602s] Level 5:colcon.colcon_core.verb:set package 'autonomous_rov' build argument 'ament_cmake_args' from command line to 'None'
[0.602s] Level 5:colcon.colcon_core.verb:set package 'autonomous_rov' build argument 'catkin_cmake_args' from command line to 'None'
[0.602s] Level 5:colcon.colcon_core.verb:set package 'autonomous_rov' build argument 'catkin_skip_building_tests' from command line to 'False'
[0.602s] DEBUG:colcon.colcon_core.verb:Building package 'autonomous_rov' with the following arguments: {'ament_cmake_args': None, 'build_base': '/home/eth/ros2_ws/build/autonomous_rov', 'catkin_cmake_args': None, 'catkin_skip_building_tests': False, 'cmake_args': None, 'cmake_clean_cache': False, 'cmake_clean_first': False, 'cmake_force_configure': False, 'cmake_target': None, 'cmake_target_skip_unavailable': False, 'install_base': '/home/eth/ros2_ws/install/autonomous_rov', 'merge_install': False, 'path': '/home/eth/ros2_ws/src/autonomous_rov', 'symlink_install': False, 'test_result_base': None}
[0.603s] Level 5:colcon.colcon_core.verb:set package 'opencv_tools' build argument 'cmake_args' from command line to 'None'
[0.604s] Level 5:colcon.colcon_core.verb:set package 'opencv_tools' build argument 'cmake_target' from command line to 'None'
[0.604s] Level 5:colcon.colcon_core.verb:set package 'opencv_tools' build argument 'cmake_target_skip_unavailable' from command line to 'False'
[0.604s] Level 5:colcon.colcon_core.verb:set package 'opencv_tools' build argument 'cmake_clean_cache' from command line to 'False'
[0.604s] Level 5:colcon.colcon_core.verb:set package 'opencv_tools' build argument 'cmake_clean_first' from command line to 'False'
[0.604s] Level 5:colcon.colcon_core.verb:set package 'opencv_tools' build argument 'cmake_force_configure' from command line to 'False'
[0.604s] Level 5:colcon.colcon_core.verb:set package 'opencv_tools' build argument 'ament_cmake_args' from command line to 'None'
[0.605s] Level 5:colcon.colcon_core.verb:set package 'opencv_tools' build argument 'catkin_cmake_args' from command line to 'None'
[0.605s] Level 5:colcon.colcon_core.verb:set package 'opencv_tools' build argument 'catkin_skip_building_tests' from command line to 'False'
[0.605s] DEBUG:colcon.colcon_core.verb:Building package 'opencv_tools' with the following arguments: {'ament_cmake_args': None, 'build_base': '/home/eth/ros2_ws/build/opencv_tools', 'catkin_cmake_args': None, 'catkin_skip_building_tests': False, 'cmake_args': None, 'cmake_clean_cache': False, 'cmake_clean_first': False, 'cmake_force_configure': False, 'cmake_target': None, 'cmake_target_skip_unavailable': False, 'install_base': '/home/eth/ros2_ws/install/opencv_tools', 'merge_install': False, 'path': '/home/eth/ros2_ws/src/opencv_tools', 'symlink_install': False, 'test_result_base': None}
[0.605s] Level 5:colcon.colcon_core.verb:set package 'rov_practical' build argument 'cmake_args' from command line to 'None'
[0.606s] Level 5:colcon.colcon_core.verb:set package 'rov_practical' build argument 'cmake_target' from command line to 'None'
[0.606s] Level 5:colcon.colcon_core.verb:set package 'rov_practical' build argument 'cmake_target_skip_unavailable' from command line to 'False'
[0.606s] Level 5:colcon.colcon_core.verb:set package 'rov_practical' build argument 'cmake_clean_cache' from command line to 'False'
[0.606s] Level 5:colcon.colcon_core.verb:set package 'rov_practical' build argument 'cmake_clean_first' from command line to 'False'
[0.606s] Level 5:colcon.colcon_core.verb:set package 'rov_practical' build argument 'cmake_force_configure' from command line to 'False'
[0.606s] Level 5:colcon.colcon_core.verb:set package 'rov_practical' build argument 'ament_cmake_args' from command line to 'None'
[0.606s] Level 5:colcon.colcon_core.verb:set package 'rov_practical' build argument 'catkin_cmake_args' from command line to 'None'
[0.606s] Level 5:colcon.colcon_core.verb:set package 'rov_practical' build argument 'catkin_skip_building_tests' from command line to 'False'
[0.606s] DEBUG:colcon.colcon_core.verb:Building package 'rov_practical' with the following arguments: {'ament_cmake_args': None, 'build_base': '/home/eth/ros2_ws/build/rov_practical', 'catkin_cmake_args': None, 'catkin_skip_building_tests': False, 'cmake_args': None, 'cmake_clean_cache': False, 'cmake_clean_first': False, 'cmake_force_configure': False, 'cmake_target': None, 'cmake_target_skip_unavailable': False, 'install_base': '/home/eth/ros2_ws/install/rov_practical', 'merge_install': False, 'path': '/home/eth/ros2_ws/src/rov_practical', 'symlink_install': False, 'test_result_base': None}
[0.606s] INFO:colcon.colcon_core.executor:Executing jobs using 'parallel' executor
[0.608s] DEBUG:colcon.colcon_parallel_executor.executor.parallel:run_until_complete
[0.609s] INFO:colcon.colcon_ros.task.ament_python.build:Building ROS package in '/home/eth/ros2_ws/src/autonomous_rov' with build type 'ament_python'
[0.609s] Level 1:colcon.colcon_core.shell:create_environment_hook('autonomous_rov', 'ament_prefix_path')
[0.614s] INFO:colcon.colcon_core.plugin_system:Skipping extension 'colcon_core.shell.bat': Not used on non-Windows systems
[0.614s] INFO:colcon.colcon_core.shell:Creating environment hook '/home/eth/ros2_ws/install/autonomous_rov/share/autonomous_rov/hook/ament_prefix_path.ps1'
[0.615s] INFO:colcon.colcon_core.shell:Creating environment descriptor '/home/eth/ros2_ws/install/autonomous_rov/share/autonomous_rov/hook/ament_prefix_path.dsv'
[0.616s] INFO:colcon.colcon_core.shell:Creating environment hook '/home/eth/ros2_ws/install/autonomous_rov/share/autonomous_rov/hook/ament_prefix_path.sh'
[0.618s] INFO:colcon.colcon_core.shell:Skip shell extension 'powershell' for command environment: Not usable outside of PowerShell
[0.618s] DEBUG:colcon.colcon_core.shell:Skip shell extension 'dsv' for command environment
[0.637s] INFO:colcon.colcon_ros.task.ament_python.build:Building ROS package in '/home/eth/ros2_ws/src/opencv_tools' with build type 'ament_python'
[0.638s] Level 1:colcon.colcon_core.shell:create_environment_hook('opencv_tools', 'ament_prefix_path')
[0.638s] INFO:colcon.colcon_core.shell:Creating environment hook '/home/eth/ros2_ws/install/opencv_tools/share/opencv_tools/hook/ament_prefix_path.ps1'
[0.639s] INFO:colcon.colcon_core.shell:Creating environment descriptor '/home/eth/ros2_ws/install/opencv_tools/share/opencv_tools/hook/ament_prefix_path.dsv'
[0.640s] INFO:colcon.colcon_core.shell:Creating environment hook '/home/eth/ros2_ws/install/opencv_tools/share/opencv_tools/hook/ament_prefix_path.sh'
[0.641s] INFO:colcon.colcon_core.shell:Skip shell extension 'powershell' for command environment: Not usable outside of PowerShell
[0.641s] DEBUG:colcon.colcon_core.shell:Skip shell extension 'dsv' for command environment
[0.671s] INFO:colcon.colcon_ros.task.ament_python.build:Building ROS package in '/home/eth/ros2_ws/src/rov_practical' with build type 'ament_python'
[0.671s] Level 1:colcon.colcon_core.shell:create_environment_hook('rov_practical', 'ament_prefix_path')
[0.672s] INFO:colcon.colcon_core.shell:Creating environment hook '/home/eth/ros2_ws/install/rov_practical/share/rov_practical/hook/ament_prefix_path.ps1'
[0.672s] INFO:colcon.colcon_core.shell:Creating environment descriptor '/home/eth/ros2_ws/install/rov_practical/share/rov_practical/hook/ament_prefix_path.dsv'
[0.673s] INFO:colcon.colcon_core.shell:Creating environment hook '/home/eth/ros2_ws/install/rov_practical/share/rov_practical/hook/ament_prefix_path.sh'
[0.674s] INFO:colcon.colcon_core.shell:Skip shell extension 'powershell' for command environment: Not usable outside of PowerShell
[0.674s] DEBUG:colcon.colcon_core.shell:Skip shell extension 'dsv' for command environment
[1.307s] INFO:colcon.colcon_core.task.python.build:Building Python package in '/home/eth/ros2_ws/src/autonomous_rov'
[1.308s] INFO:colcon.colcon_core.shell:Skip shell extension 'powershell' for command environment: Not usable outside of PowerShell
[1.308s] DEBUG:colcon.colcon_core.shell:Skip shell extension 'dsv' for command environment
[1.872s] INFO:colcon.colcon_core.task.python.build:Building Python package in '/home/eth/ros2_ws/src/opencv_tools'
[1.873s] INFO:colcon.colcon_core.shell:Skip shell extension 'powershell' for command environment: Not usable outside of PowerShell
[1.873s] DEBUG:colcon.colcon_core.shell:Skip shell extension 'dsv' for command environment
[2.448s] INFO:colcon.colcon_core.task.python.build:Building Python package in '/home/eth/ros2_ws/src/rov_practical'
[2.448s] INFO:colcon.colcon_core.shell:Skip shell extension 'powershell' for command environment: Not usable outside of PowerShell
[2.448s] DEBUG:colcon.colcon_core.shell:Skip shell extension 'dsv' for command environment
[4.058s] DEBUG:colcon.colcon_core.event_handler.log_command:Invoking command in '/home/eth/ros2_ws/src/opencv_tools': PYTHONPATH=/home/eth/ros2_ws/build/opencv_tools/prefix_override:/usr/lib/python3/dist-packages/colcon_core/task/python/colcon_distutils_commands:/home/eth/ros2_ws/install/opencv_tools/lib/python3.10/site-packages:${PYTHONPATH} /usr/bin/python3 -W ignore:setup.py install is deprecated setup.py egg_info --egg-base ../../build/opencv_tools build --build-base /home/eth/ros2_ws/build/opencv_tools/build install --record /home/eth/ros2_ws/build/opencv_tools/install.log --single-version-externally-managed install_data
[4.088s] DEBUG:colcon.colcon_core.event_handler.log_command:Invoking command in '/home/eth/ros2_ws/src/autonomous_rov': PYTHONPATH=/home/eth/ros2_ws/build/autonomous_rov/prefix_override:/usr/lib/python3/dist-packages/colcon_core/task/python/colcon_distutils_commands:/home/eth/ros2_ws/install/autonomous_rov/lib/python3.10/site-packages:${PYTHONPATH} /usr/bin/python3 -W ignore:setup.py install is deprecated setup.py egg_info --egg-base ../../build/autonomous_rov build --build-base /home/eth/ros2_ws/build/autonomous_rov/build install --record /home/eth/ros2_ws/build/autonomous_rov/install.log --single-version-externally-managed install_data
[4.115s] DEBUG:colcon.colcon_core.event_handler.log_command:Invoking command in '/home/eth/ros2_ws/src/rov_practical': PYTHONPATH=/home/eth/ros2_ws/build/rov_practical/prefix_override:/usr/lib/python3/dist-packages/colcon_core/task/python/colcon_distutils_commands:/home/eth/ros2_ws/install/rov_practical/lib/python3.10/site-packages:${PYTHONPATH} /usr/bin/python3 -W ignore:setup.py install is deprecated setup.py egg_info --egg-base ../../build/rov_practical build --build-base /home/eth/ros2_ws/build/rov_practical/build install --record /home/eth/ros2_ws/build/rov_practical/install.log --single-version-externally-managed install_data
[5.670s] Level 1:colcon.colcon_core.environment:checking '/home/eth/ros2_ws/install/autonomous_rov' for CMake module files
[5.671s] Level 1:colcon.colcon_core.environment:checking '/home/eth/ros2_ws/install/autonomous_rov' for CMake config files
[5.673s] Level 1:colcon.colcon_core.environment:checking '/home/eth/ros2_ws/install/autonomous_rov/lib'
[5.673s] Level 1:colcon.colcon_core.environment:checking '/home/eth/ros2_ws/install/autonomous_rov/bin'
[5.673s] Level 1:colcon.colcon_core.environment:checking '/home/eth/ros2_ws/install/autonomous_rov/lib/pkgconfig/autonomous_rov.pc'
[5.674s] Level 1:colcon.colcon_core.environment:checking '/home/eth/ros2_ws/install/autonomous_rov/lib/python3.10/site-packages'
[5.674s] Level 1:colcon.colcon_core.shell:create_environment_hook('autonomous_rov', 'pythonpath')
[5.675s] INFO:colcon.colcon_core.shell:Creating environment hook '/home/eth/ros2_ws/install/autonomous_rov/share/autonomous_rov/hook/pythonpath.ps1'
[5.676s] INFO:colcon.colcon_core.shell:Creating environment descriptor '/home/eth/ros2_ws/install/autonomous_rov/share/autonomous_rov/hook/pythonpath.dsv'
[5.683s] INFO:colcon.colcon_core.shell:Creating environment hook '/home/eth/ros2_ws/install/autonomous_rov/share/autonomous_rov/hook/pythonpath.sh'
[5.685s] Level 1:colcon.colcon_core.environment:checking '/home/eth/ros2_ws/install/autonomous_rov/bin'
[5.685s] Level 1:colcon.colcon_core.environment:create_environment_scripts_only(autonomous_rov)
[5.686s] INFO:colcon.colcon_core.shell:Creating package script '/home/eth/ros2_ws/install/autonomous_rov/share/autonomous_rov/package.ps1'
[5.688s] INFO:colcon.colcon_core.shell:Creating package descriptor '/home/eth/ros2_ws/install/autonomous_rov/share/autonomous_rov/package.dsv'
[5.689s] DEBUG:colcon.colcon_core.event_handler.log_command:Invoked command in '/home/eth/ros2_ws/src/autonomous_rov' returned '0': PYTHONPATH=/home/eth/ros2_ws/build/autonomous_rov/prefix_override:/usr/lib/python3/dist-packages/colcon_core/task/python/colcon_distutils_commands:/home/eth/ros2_ws/install/autonomous_rov/lib/python3.10/site-packages:${PYTHONPATH} /usr/bin/python3 -W ignore:setup.py install is deprecated setup.py egg_info --egg-base ../../build/autonomous_rov build --build-base /home/eth/ros2_ws/build/autonomous_rov/build install --record /home/eth/ros2_ws/build/autonomous_rov/install.log --single-version-externally-managed install_data
[5.697s] INFO:colcon.colcon_core.shell:Creating package script '/home/eth/ros2_ws/install/autonomous_rov/share/autonomous_rov/package.sh'
[5.700s] INFO:colcon.colcon_core.shell:Creating package script '/home/eth/ros2_ws/install/autonomous_rov/share/autonomous_rov/package.bash'
[5.702s] INFO:colcon.colcon_core.shell:Creating package script '/home/eth/ros2_ws/install/autonomous_rov/share/autonomous_rov/package.zsh'
[5.705s] Level 1:colcon.colcon_core.environment:create_file_with_runtime_dependencies(/home/eth/ros2_ws/install/autonomous_rov/share/colcon-core/packages/autonomous_rov)
[5.782s] Level 1:colcon.colcon_core.environment:checking '/home/eth/ros2_ws/install/rov_practical' for CMake module files
[5.783s] DEBUG:colcon.colcon_core.event_handler.log_command:Invoked command in '/home/eth/ros2_ws/src/rov_practical' returned '0': PYTHONPATH=/home/eth/ros2_ws/build/rov_practical/prefix_override:/usr/lib/python3/dist-packages/colcon_core/task/python/colcon_distutils_commands:/home/eth/ros2_ws/install/rov_practical/lib/python3.10/site-packages:${PYTHONPATH} /usr/bin/python3 -W ignore:setup.py install is deprecated setup.py egg_info --egg-base ../../build/rov_practical build --build-base /home/eth/ros2_ws/build/rov_practical/build install --record /home/eth/ros2_ws/build/rov_practical/install.log --single-version-externally-managed install_data
[5.784s] Level 1:colcon.colcon_core.environment:checking '/home/eth/ros2_ws/install/rov_practical' for CMake config files
[5.785s] Level 1:colcon.colcon_core.environment:checking '/home/eth/ros2_ws/install/rov_practical/lib'
[5.785s] Level 1:colcon.colcon_core.environment:checking '/home/eth/ros2_ws/install/rov_practical/bin'
[5.785s] Level 1:colcon.colcon_core.environment:checking '/home/eth/ros2_ws/install/rov_practical/lib/pkgconfig/rov_practical.pc'
[5.786s] Level 1:colcon.colcon_core.environment:checking '/home/eth/ros2_ws/install/rov_practical/lib/python3.10/site-packages'
[5.786s] Level 1:colcon.colcon_core.shell:create_environment_hook('rov_practical', 'pythonpath')
[5.787s] INFO:colcon.colcon_core.shell:Creating environment hook '/home/eth/ros2_ws/install/rov_practical/share/rov_practical/hook/pythonpath.ps1'
[5.788s] INFO:colcon.colcon_core.shell:Creating environment descriptor '/home/eth/ros2_ws/install/rov_practical/share/rov_practical/hook/pythonpath.dsv'
[5.788s] INFO:colcon.colcon_core.shell:Creating environment hook '/home/eth/ros2_ws/install/rov_practical/share/rov_practical/hook/pythonpath.sh'
[5.790s] Level 1:colcon.colcon_core.environment:checking '/home/eth/ros2_ws/install/rov_practical/bin'
[5.790s] Level 1:colcon.colcon_core.environment:create_environment_scripts_only(rov_practical)
[5.791s] INFO:colcon.colcon_core.shell:Creating package script '/home/eth/ros2_ws/install/rov_practical/share/rov_practical/package.ps1'
[5.792s] INFO:colcon.colcon_core.shell:Creating package descriptor '/home/eth/ros2_ws/install/rov_practical/share/rov_practical/package.dsv'
[5.793s] INFO:colcon.colcon_core.shell:Creating package script '/home/eth/ros2_ws/install/rov_practical/share/rov_practical/package.sh'
[5.794s] INFO:colcon.colcon_core.shell:Creating package script '/home/eth/ros2_ws/install/rov_practical/share/rov_practical/package.bash'
[5.795s] INFO:colcon.colcon_core.shell:Creating package script '/home/eth/ros2_ws/install/rov_practical/share/rov_practical/package.zsh'
[5.796s] Level 1:colcon.colcon_core.environment:create_file_with_runtime_dependencies(/home/eth/ros2_ws/install/rov_practical/share/colcon-core/packages/rov_practical)
[5.798s] Level 1:colcon.colcon_core.environment:checking '/home/eth/ros2_ws/install/opencv_tools' for CMake module files
[5.799s] DEBUG:colcon.colcon_core.event_handler.log_command:Invoked command in '/home/eth/ros2_ws/src/opencv_tools' returned '0': PYTHONPATH=/home/eth/ros2_ws/build/opencv_tools/prefix_override:/usr/lib/python3/dist-packages/colcon_core/task/python/colcon_distutils_commands:/home/eth/ros2_ws/install/opencv_tools/lib/python3.10/site-packages:${PYTHONPATH} /usr/bin/python3 -W ignore:setup.py install is deprecated setup.py egg_info --egg-base ../../build/opencv_tools build --build-base /home/eth/ros2_ws/build/opencv_tools/build install --record /home/eth/ros2_ws/build/opencv_tools/install.log --single-version-externally-managed install_data
[5.800s] Level 1:colcon.colcon_core.environment:checking '/home/eth/ros2_ws/install/opencv_tools' for CMake config files
[5.802s] Level 1:colcon.colcon_core.environment:checking '/home/eth/ros2_ws/install/opencv_tools/lib'
[5.802s] Level 1:colcon.colcon_core.environment:checking '/home/eth/ros2_ws/install/opencv_tools/bin'
[5.802s] Level 1:colcon.colcon_core.environment:checking '/home/eth/ros2_ws/install/opencv_tools/lib/pkgconfig/opencv_tools.pc'
[5.803s] Level 1:colcon.colcon_core.environment:checking '/home/eth/ros2_ws/install/opencv_tools/lib/python3.10/site-packages'
[5.803s] Level 1:colcon.colcon_core.shell:create_environment_hook('opencv_tools', 'pythonpath')
[5.803s] INFO:colcon.colcon_core.shell:Creating environment hook '/home/eth/ros2_ws/install/opencv_tools/share/opencv_tools/hook/pythonpath.ps1'
[5.804s] INFO:colcon.colcon_core.shell:Creating environment descriptor '/home/eth/ros2_ws/install/opencv_tools/share/opencv_tools/hook/pythonpath.dsv'
[5.805s] INFO:colcon.colcon_core.shell:Creating environment hook '/home/eth/ros2_ws/install/opencv_tools/share/opencv_tools/hook/pythonpath.sh'
[5.806s] Level 1:colcon.colcon_core.environment:checking '/home/eth/ros2_ws/install/opencv_tools/bin'
[5.806s] Level 1:colcon.colcon_core.environment:create_environment_scripts_only(opencv_tools)
[5.807s] INFO:colcon.colcon_core.shell:Creating package script '/home/eth/ros2_ws/install/opencv_tools/share/opencv_tools/package.ps1'
[5.808s] INFO:colcon.colcon_core.shell:Creating package descriptor '/home/eth/ros2_ws/install/opencv_tools/share/opencv_tools/package.dsv'
[5.809s] INFO:colcon.colcon_core.shell:Creating package script '/home/eth/ros2_ws/install/opencv_tools/share/opencv_tools/package.sh'
[5.810s] INFO:colcon.colcon_core.shell:Creating package script '/home/eth/ros2_ws/install/opencv_tools/share/opencv_tools/package.bash'
[5.811s] INFO:colcon.colcon_core.shell:Creating package script '/home/eth/ros2_ws/install/opencv_tools/share/opencv_tools/package.zsh'
[5.812s] Level 1:colcon.colcon_core.environment:create_file_with_runtime_dependencies(/home/eth/ros2_ws/install/opencv_tools/share/colcon-core/packages/opencv_tools)
[5.813s] DEBUG:colcon.colcon_parallel_executor.executor.parallel:closing loop
[5.813s] DEBUG:colcon.colcon_parallel_executor.executor.parallel:loop closed
[5.819s] DEBUG:colcon.colcon_parallel_executor.executor.parallel:run_until_complete finished with '0'
[5.819s] DEBUG:colcon.colcon_core.event_reactor:joining thread
[5.835s] INFO:colcon.colcon_core.plugin_system:Skipping extension 'colcon_notification.desktop_notification.terminal_notifier': Not used on non-Darwin systems
[5.835s] INFO:colcon.colcon_core.plugin_system:Skipping extension 'colcon_notification.desktop_notification.win32': Not used on non-Windows systems
[5.835s] INFO:colcon.colcon_notification.desktop_notification:Sending desktop notification using 'notify2'
[5.869s] DEBUG:colcon.colcon_core.event_reactor:joined thread
[5.870s] INFO:colcon.colcon_core.shell:Creating prefix script '/home/eth/ros2_ws/install/local_setup.ps1'
[5.872s] INFO:colcon.colcon_core.shell:Creating prefix util module '/home/eth/ros2_ws/install/_local_setup_util_ps1.py'
[5.875s] INFO:colcon.colcon_core.shell:Creating prefix chain script '/home/eth/ros2_ws/install/setup.ps1'
[5.883s] INFO:colcon.colcon_core.shell:Creating prefix script '/home/eth/ros2_ws/install/local_setup.sh'
[5.884s] INFO:colcon.colcon_core.shell:Creating prefix util module '/home/eth/ros2_ws/install/_local_setup_util_sh.py'
[5.886s] INFO:colcon.colcon_core.shell:Creating prefix chain script '/home/eth/ros2_ws/install/setup.sh'
[5.899s] INFO:colcon.colcon_core.shell:Creating prefix script '/home/eth/ros2_ws/install/local_setup.bash'
[5.901s] INFO:colcon.colcon_core.shell:Creating prefix chain script '/home/eth/ros2_ws/install/setup.bash'
[5.908s] INFO:colcon.colcon_core.shell:Creating prefix script '/home/eth/ros2_ws/install/local_setup.zsh'
[5.909s] INFO:colcon.colcon_core.shell:Creating prefix chain script '/home/eth/ros2_ws/install/setup.zsh'
