[1.710s] Invoking command in '/home/eth/ros2_ws/build/autonomous_rov': PYTHONPATH=/home/eth/ros2_ws/build/autonomous_rov/prefix_override:/usr/lib/python3/dist-packages/colcon_core/task/python/colcon_distutils_commands:/home/eth/ros2_ws/install/autonomous_rov/lib/python3.10/site-packages:${PYTHONPATH} /usr/bin/python3 -W ignore:setup.py install is deprecated setup.py develop --uninstall --editable --build-directory /home/eth/ros2_ws/build/autonomous_rov/build
[2.280s] running develop
[2.280s] /home/eth/.local/lib/python3.10/site-packages/setuptools/command/develop.py:42: EasyInstallDeprecationWarning: easy_install command is deprecated.
[2.280s] !!
[2.280s] 
[2.281s]         ********************************************************************************
[2.281s]         Please avoid running ``setup.py`` and ``easy_install``.
[2.281s]         Instead, use pypa/build, pypa/installer or other
[2.281s]         standards-based tools.
[2.281s] 
[2.281s]         See https://github.com/pypa/setuptools/issues/917 for details.
[2.281s]         ********************************************************************************
[2.282s] 
[2.282s] !!
[2.282s]   easy_install.initialize_options(self)
[2.626s] Removing /home/eth/ros2_ws/install/autonomous_rov/lib/python3.10/site-packages/autonomous-rov.egg-link (link to .)
[2.668s] Invoked command in '/home/eth/ros2_ws/build/autonomous_rov' returned '0': PYTHONPATH=/home/eth/ros2_ws/build/autonomous_rov/prefix_override:/usr/lib/python3/dist-packages/colcon_core/task/python/colcon_distutils_commands:/home/eth/ros2_ws/install/autonomous_rov/lib/python3.10/site-packages:${PYTHONPATH} /usr/bin/python3 -W ignore:setup.py install is deprecated setup.py develop --uninstall --editable --build-directory /home/eth/ros2_ws/build/autonomous_rov/build
[2.670s] Invoking command in '/home/eth/ros2_ws/src/autonomous_rov': PYTHONPATH=/home/eth/ros2_ws/build/autonomous_rov/prefix_override:/usr/lib/python3/dist-packages/colcon_core/task/python/colcon_distutils_commands:/home/eth/ros2_ws/install/autonomous_rov/lib/python3.10/site-packages:${PYTHONPATH} /usr/bin/python3 -W ignore:setup.py install is deprecated setup.py egg_info --egg-base ../../build/autonomous_rov build --build-base /home/eth/ros2_ws/build/autonomous_rov/build install --record /home/eth/ros2_ws/build/autonomous_rov/install.log --single-version-externally-managed install_data --force
[3.076s] running egg_info
[3.101s] writing ../../build/autonomous_rov/autonomous_rov.egg-info/PKG-INFO
[3.101s] writing dependency_links to ../../build/autonomous_rov/autonomous_rov.egg-info/dependency_links.txt
[3.102s] writing entry points to ../../build/autonomous_rov/autonomous_rov.egg-info/entry_points.txt
[3.102s] writing requirements to ../../build/autonomous_rov/autonomous_rov.egg-info/requires.txt
[3.102s] writing top-level names to ../../build/autonomous_rov/autonomous_rov.egg-info/top_level.txt
[3.147s] reading manifest file '../../build/autonomous_rov/autonomous_rov.egg-info/SOURCES.txt'
[3.149s] writing manifest file '../../build/autonomous_rov/autonomous_rov.egg-info/SOURCES.txt'
[3.149s] running build
[3.149s] running build_py
[3.149s] copying autonomous_rov/video.py -> /home/eth/ros2_ws/build/autonomous_rov/build/lib/autonomous_rov
[3.150s] running install
[3.158s] running install_lib
[3.180s] creating /home/eth/ros2_ws/install/autonomous_rov/lib/python3.10/site-packages/autonomous_rov
[3.180s] copying /home/eth/ros2_ws/build/autonomous_rov/build/lib/autonomous_rov/listenerMIR.py -> /home/eth/ros2_ws/install/autonomous_rov/lib/python3.10/site-packages/autonomous_rov
[3.180s] copying /home/eth/ros2_ws/build/autonomous_rov/build/lib/autonomous_rov/__init__.py -> /home/eth/ros2_ws/install/autonomous_rov/lib/python3.10/site-packages/autonomous_rov
[3.180s] copying /home/eth/ros2_ws/build/autonomous_rov/build/lib/autonomous_rov/video.py -> /home/eth/ros2_ws/install/autonomous_rov/lib/python3.10/site-packages/autonomous_rov
[3.181s] byte-compiling /home/eth/ros2_ws/install/autonomous_rov/lib/python3.10/site-packages/autonomous_rov/listenerMIR.py to listenerMIR.cpython-310.pyc
[3.185s] byte-compiling /home/eth/ros2_ws/install/autonomous_rov/lib/python3.10/site-packages/autonomous_rov/__init__.py to __init__.cpython-310.pyc
[3.186s] byte-compiling /home/eth/ros2_ws/install/autonomous_rov/lib/python3.10/site-packages/autonomous_rov/video.py to video.cpython-310.pyc
[3.187s] running install_data
[3.187s] copying resource/autonomous_rov -> /home/eth/ros2_ws/install/autonomous_rov/share/ament_index/resource_index/packages
[3.188s] copying package.xml -> /home/eth/ros2_ws/install/autonomous_rov/share/autonomous_rov
[3.188s] copying launch/run_autonomous_rov.launch.py -> /home/eth/ros2_ws/install/autonomous_rov/share/autonomous_rov/launch
[3.188s] copying launch/video.launch.py -> /home/eth/ros2_ws/install/autonomous_rov/share/autonomous_rov/launch
[3.188s] copying launch/run_teleop.launch -> /home/eth/ros2_ws/install/autonomous_rov/share/autonomous_rov/launch
[3.189s] copying launch/run_mavros_only.launch -> /home/eth/ros2_ws/install/autonomous_rov/share/autonomous_rov/launch
[3.189s] copying launch/run_mavros_teleop.launch -> /home/eth/ros2_ws/install/autonomous_rov/share/autonomous_rov/launch
[3.189s] copying launch/run_all.launch -> /home/eth/ros2_ws/install/autonomous_rov/share/autonomous_rov/launch
[3.190s] copying config/xbox.config.yaml -> /home/eth/ros2_ws/install/autonomous_rov/share/autonomous_rov/config
[3.190s] running install_egg_info
[3.217s] Copying ../../build/autonomous_rov/autonomous_rov.egg-info to /home/eth/ros2_ws/install/autonomous_rov/lib/python3.10/site-packages/autonomous_rov-0.0.0-py3.10.egg-info
[3.219s] running install_scripts
[3.513s] Installing listenerMIR script to /home/eth/ros2_ws/install/autonomous_rov/lib/autonomous_rov
[3.513s] Installing video script to /home/eth/ros2_ws/install/autonomous_rov/lib/autonomous_rov
[3.514s] writing list of installed files to '/home/eth/ros2_ws/build/autonomous_rov/install.log'
