running egg_info
writing ../../build/opencv_tools/opencv_tools.egg-info/PKG-INFO
writing dependency_links to ../../build/opencv_tools/opencv_tools.egg-info/dependency_links.txt
writing entry points to ../../build/opencv_tools/opencv_tools.egg-info/entry_points.txt
writing requirements to ../../build/opencv_tools/opencv_tools.egg-info/requires.txt
writing top-level names to ../../build/opencv_tools/opencv_tools.egg-info/top_level.txt
reading manifest file '../../build/opencv_tools/opencv_tools.egg-info/SOURCES.txt'
writing manifest file '../../build/opencv_tools/opencv_tools.egg-info/SOURCES.txt'
running build
running build_py
copying opencv_tools/aruco_marker_pose_estimation_tf.py -> /home/eth/ros2_ws/build/opencv_tools/build/lib/opencv_tools
copying opencv_tools/basic_image_publisher.py -> /home/eth/ros2_ws/build/opencv_tools/build/lib/opencv_tools
copying opencv_tools/basic_image_subscriber.py -> /home/eth/ros2_ws/build/opencv_tools/build/lib/opencv_tools
running install
running install_lib
running install_data
copying resource/opencv_tools -> /home/eth/ros2_ws/install/opencv_tools/share/ament_index/resource_index/packages
copying package.xml -> /home/eth/ros2_ws/install/opencv_tools/share/opencv_tools
running install_egg_info
Copying ../../build/opencv_tools/opencv_tools.egg-info to /home/eth/ros2_ws/install/opencv_tools/lib/python3.10/site-packages/opencv_tools-0.0.0-py3.10.egg-info
running install_scripts
Installing aruco_marker_pose_estimator_tf script to /home/eth/ros2_ws/install/opencv_tools/lib/opencv_tools
Installing img_publisher script to /home/eth/ros2_ws/install/opencv_tools/lib/opencv_tools
Installing img_subscriber script to /home/eth/ros2_ws/install/opencv_tools/lib/opencv_tools
writing list of installed files to '/home/eth/ros2_ws/build/opencv_tools/install.log'
