[2.480s] Invoking command in '/home/eth/ros2_ws/src/opencv_tools': PYTHONPATH=/home/eth/ros2_ws/build/opencv_tools/prefix_override:/usr/lib/python3/dist-packages/colcon_core/task/python/colcon_distutils_commands:/home/eth/ros2_ws/install/opencv_tools/lib/python3.10/site-packages:${PYTHONPATH} /usr/bin/python3 -W ignore:setup.py install is deprecated setup.py egg_info --egg-base ../../build/opencv_tools build --build-base /home/eth/ros2_ws/build/opencv_tools/build install --record /home/eth/ros2_ws/build/opencv_tools/install.log --single-version-externally-managed install_data
[3.042s] running egg_info
[3.065s] writing ../../build/opencv_tools/opencv_tools.egg-info/PKG-INFO
[3.065s] writing dependency_links to ../../build/opencv_tools/opencv_tools.egg-info/dependency_links.txt
[3.066s] writing entry points to ../../build/opencv_tools/opencv_tools.egg-info/entry_points.txt
[3.066s] writing requirements to ../../build/opencv_tools/opencv_tools.egg-info/requires.txt
[3.066s] writing top-level names to ../../build/opencv_tools/opencv_tools.egg-info/top_level.txt
[3.123s] reading manifest file '../../build/opencv_tools/opencv_tools.egg-info/SOURCES.txt'
[3.124s] writing manifest file '../../build/opencv_tools/opencv_tools.egg-info/SOURCES.txt'
[3.124s] running build
[3.125s] running build_py
[3.125s] copying opencv_tools/aruco_marker_pose_estimation_tf.py -> /home/eth/ros2_ws/build/opencv_tools/build/lib/opencv_tools
[3.125s] copying opencv_tools/basic_image_publisher.py -> /home/eth/ros2_ws/build/opencv_tools/build/lib/opencv_tools
[3.125s] copying opencv_tools/robot_goal_pos_extimation.py -> /home/eth/ros2_ws/build/opencv_tools/build/lib/opencv_tools
[3.126s] copying opencv_tools/basic_image_subscriber.py -> /home/eth/ros2_ws/build/opencv_tools/build/lib/opencv_tools
[3.126s] running install
[3.136s] running install_lib
[3.160s] running install_data
[3.161s] copying resource/opencv_tools -> /home/eth/ros2_ws/install/opencv_tools/share/ament_index/resource_index/packages
[3.161s] copying package.xml -> /home/eth/ros2_ws/install/opencv_tools/share/opencv_tools
[3.161s] running install_egg_info
[3.186s] removing '/home/eth/ros2_ws/install/opencv_tools/lib/python3.10/site-packages/opencv_tools-0.0.0-py3.10.egg-info' (and everything under it)
[3.187s] Copying ../../build/opencv_tools/opencv_tools.egg-info to /home/eth/ros2_ws/install/opencv_tools/lib/python3.10/site-packages/opencv_tools-0.0.0-py3.10.egg-info
[3.188s] running install_scripts
[3.423s] Installing aruco_marker_pose_estimator_tf script to /home/eth/ros2_ws/install/opencv_tools/lib/opencv_tools
[3.423s] Installing img_publisher script to /home/eth/ros2_ws/install/opencv_tools/lib/opencv_tools
[3.423s] Installing img_subscriber script to /home/eth/ros2_ws/install/opencv_tools/lib/opencv_tools
[3.423s] Installing robot_goal_pos_extimation script to /home/eth/ros2_ws/install/opencv_tools/lib/opencv_tools
[3.424s] writing list of installed files to '/home/eth/ros2_ws/build/opencv_tools/install.log'
[3.465s] Invoked command in '/home/eth/ros2_ws/src/opencv_tools' returned '0': PYTHONPATH=/home/eth/ros2_ws/build/opencv_tools/prefix_override:/usr/lib/python3/dist-packages/colcon_core/task/python/colcon_distutils_commands:/home/eth/ros2_ws/install/opencv_tools/lib/python3.10/site-packages:${PYTHONPATH} /usr/bin/python3 -W ignore:setup.py install is deprecated setup.py egg_info --egg-base ../../build/opencv_tools build --build-base /home/eth/ros2_ws/build/opencv_tools/build install --record /home/eth/ros2_ws/build/opencv_tools/install.log --single-version-externally-managed install_data
