[8.240s] Invoking command in '/home/eth/ros2_ws/src/autonomous_rov': PYTHONPATH=/home/eth/ros2_ws/build/autonomous_rov/prefix_override:/usr/lib/python3/dist-packages/colcon_core/task/python/colcon_distutils_commands:/home/eth/ros2_ws/install/autonomous_rov/lib/python3.10/site-packages:${PYTHONPATH} /usr/bin/python3 -W ignore:setup.py install is deprecated setup.py egg_info --egg-base ../../build/autonomous_rov build --build-base /home/eth/ros2_ws/build/autonomous_rov/build install --record /home/eth/ros2_ws/build/autonomous_rov/install.log --single-version-externally-managed install_data
[10.667s] running egg_info
[10.814s] writing ../../build/autonomous_rov/autonomous_rov.egg-info/PKG-INFO
[10.823s] writing dependency_links to ../../build/autonomous_rov/autonomous_rov.egg-info/dependency_links.txt
[10.824s] writing entry points to ../../build/autonomous_rov/autonomous_rov.egg-info/entry_points.txt
[10.825s] writing requirements to ../../build/autonomous_rov/autonomous_rov.egg-info/requires.txt
[10.826s] writing top-level names to ../../build/autonomous_rov/autonomous_rov.egg-info/top_level.txt
[11.153s] reading manifest file '../../build/autonomous_rov/autonomous_rov.egg-info/SOURCES.txt'
[11.161s] writing manifest file '../../build/autonomous_rov/autonomous_rov.egg-info/SOURCES.txt'
[11.162s] running build
[11.163s] running build_py
[11.178s] copying autonomous_rov/video.py -> /home/eth/ros2_ws/build/autonomous_rov/build/lib/autonomous_rov
[11.179s] running install
[11.232s] running install_lib
[11.383s] copying /home/eth/ros2_ws/build/autonomous_rov/build/lib/autonomous_rov/video.py -> /home/eth/ros2_ws/install/autonomous_rov/lib/python3.10/site-packages/autonomous_rov
[11.390s] byte-compiling /home/eth/ros2_ws/install/autonomous_rov/lib/python3.10/site-packages/autonomous_rov/video.py to video.cpython-310.pyc
[11.401s] running install_data
[11.401s] running install_egg_info
[11.587s] removing '/home/eth/ros2_ws/install/autonomous_rov/lib/python3.10/site-packages/autonomous_rov-0.0.0-py3.10.egg-info' (and everything under it)
[11.590s] Copying ../../build/autonomous_rov/autonomous_rov.egg-info to /home/eth/ros2_ws/install/autonomous_rov/lib/python3.10/site-packages/autonomous_rov-0.0.0-py3.10.egg-info
[11.596s] running install_scripts
[13.129s] Installing listenerMIR script to /home/eth/ros2_ws/install/autonomous_rov/lib/autonomous_rov
[13.130s] Installing video script to /home/eth/ros2_ws/install/autonomous_rov/lib/autonomous_rov
[13.134s] writing list of installed files to '/home/eth/ros2_ws/build/autonomous_rov/install.log'
[13.252s] Invoked command in '/home/eth/ros2_ws/src/autonomous_rov' returned '0': PYTHONPATH=/home/eth/ros2_ws/build/autonomous_rov/prefix_override:/usr/lib/python3/dist-packages/colcon_core/task/python/colcon_distutils_commands:/home/eth/ros2_ws/install/autonomous_rov/lib/python3.10/site-packages:${PYTHONPATH} /usr/bin/python3 -W ignore:setup.py install is deprecated setup.py egg_info --egg-base ../../build/autonomous_rov build --build-base /home/eth/ros2_ws/build/autonomous_rov/build install --record /home/eth/ros2_ws/build/autonomous_rov/install.log --single-version-externally-managed install_data
