[1.576s] Invoking command in '/home/eth/ros2_ws/build/opencv_tools': PYTHONPATH=/home/eth/ros2_ws/build/opencv_tools/prefix_override:/usr/lib/python3/dist-packages/colcon_core/task/python/colcon_distutils_commands:/home/eth/ros2_ws/install/opencv_tools/lib/python3.10/site-packages:${PYTHONPATH} /usr/bin/python3 -W ignore:setup.py install is deprecated setup.py develop --uninstall --editable --build-directory /home/eth/ros2_ws/build/opencv_tools/build
[2.001s] running develop
[2.002s] /home/eth/.local/lib/python3.10/site-packages/setuptools/command/develop.py:42: EasyInstallDeprecationWarning: easy_install command is deprecated.
[2.002s] !!
[2.002s] 
[2.002s]         ********************************************************************************
[2.002s]         Please avoid running ``setup.py`` and ``easy_install``.
[2.002s]         Instead, use pypa/build, pypa/installer or other
[2.002s]         standards-based tools.
[2.002s] 
[2.002s]         See https://github.com/pypa/setuptools/issues/917 for details.
[2.002s]         ********************************************************************************
[2.002s] 
[2.002s] !!
[2.002s]   easy_install.initialize_options(self)
[2.396s] Removing /home/eth/ros2_ws/install/opencv_tools/lib/python3.10/site-packages/opencv-tools.egg-link (link to .)
[2.445s] Invoked command in '/home/eth/ros2_ws/build/opencv_tools' returned '0': PYTHONPATH=/home/eth/ros2_ws/build/opencv_tools/prefix_override:/usr/lib/python3/dist-packages/colcon_core/task/python/colcon_distutils_commands:/home/eth/ros2_ws/install/opencv_tools/lib/python3.10/site-packages:${PYTHONPATH} /usr/bin/python3 -W ignore:setup.py install is deprecated setup.py develop --uninstall --editable --build-directory /home/eth/ros2_ws/build/opencv_tools/build
[2.447s] Invoking command in '/home/eth/ros2_ws/src/opencv_tools': PYTHONPATH=/home/eth/ros2_ws/build/opencv_tools/prefix_override:/usr/lib/python3/dist-packages/colcon_core/task/python/colcon_distutils_commands:/home/eth/ros2_ws/install/opencv_tools/lib/python3.10/site-packages:${PYTHONPATH} /usr/bin/python3 -W ignore:setup.py install is deprecated setup.py egg_info --egg-base ../../build/opencv_tools build --build-base /home/eth/ros2_ws/build/opencv_tools/build install --record /home/eth/ros2_ws/build/opencv_tools/install.log --single-version-externally-managed install_data --force
[2.846s] running egg_info
[2.866s] writing ../../build/opencv_tools/opencv_tools.egg-info/PKG-INFO
[2.866s] writing dependency_links to ../../build/opencv_tools/opencv_tools.egg-info/dependency_links.txt
[2.866s] writing entry points to ../../build/opencv_tools/opencv_tools.egg-info/entry_points.txt
[2.866s] writing requirements to ../../build/opencv_tools/opencv_tools.egg-info/requires.txt
[2.866s] writing top-level names to ../../build/opencv_tools/opencv_tools.egg-info/top_level.txt
[2.918s] reading manifest file '../../build/opencv_tools/opencv_tools.egg-info/SOURCES.txt'
[2.919s] writing manifest file '../../build/opencv_tools/opencv_tools.egg-info/SOURCES.txt'
[2.919s] running build
[2.920s] running build_py
[2.920s] copying opencv_tools/aruco_marker_pose_estimation_tf.py -> /home/eth/ros2_ws/build/opencv_tools/build/lib/opencv_tools
[2.920s] copying opencv_tools/basic_image_publisher.py -> /home/eth/ros2_ws/build/opencv_tools/build/lib/opencv_tools
[2.920s] copying opencv_tools/robot_goal_pos_extimation.py -> /home/eth/ros2_ws/build/opencv_tools/build/lib/opencv_tools
[2.920s] copying opencv_tools/basic_image_subscriber.py -> /home/eth/ros2_ws/build/opencv_tools/build/lib/opencv_tools
[2.921s] running install
[2.928s] running install_lib
[2.949s] creating /home/eth/ros2_ws/install/opencv_tools/lib/python3.10/site-packages/opencv_tools
[2.950s] copying /home/eth/ros2_ws/build/opencv_tools/build/lib/opencv_tools/aruco_marker_pose_estimation_tf.py -> /home/eth/ros2_ws/install/opencv_tools/lib/python3.10/site-packages/opencv_tools
[2.950s] copying /home/eth/ros2_ws/build/opencv_tools/build/lib/opencv_tools/basic_image_publisher.py -> /home/eth/ros2_ws/install/opencv_tools/lib/python3.10/site-packages/opencv_tools
[2.950s] copying /home/eth/ros2_ws/build/opencv_tools/build/lib/opencv_tools/robot_goal_pos_extimation.py -> /home/eth/ros2_ws/install/opencv_tools/lib/python3.10/site-packages/opencv_tools
[2.950s] copying /home/eth/ros2_ws/build/opencv_tools/build/lib/opencv_tools/basic_image_subscriber.py -> /home/eth/ros2_ws/install/opencv_tools/lib/python3.10/site-packages/opencv_tools
[2.951s] byte-compiling /home/eth/ros2_ws/install/opencv_tools/lib/python3.10/site-packages/opencv_tools/aruco_marker_pose_estimation_tf.py to aruco_marker_pose_estimation_tf.cpython-310.pyc
[2.952s] byte-compiling /home/eth/ros2_ws/install/opencv_tools/lib/python3.10/site-packages/opencv_tools/basic_image_publisher.py to basic_image_publisher.cpython-310.pyc
[2.952s] byte-compiling /home/eth/ros2_ws/install/opencv_tools/lib/python3.10/site-packages/opencv_tools/robot_goal_pos_extimation.py to robot_goal_pos_extimation.cpython-310.pyc
[2.954s] byte-compiling /home/eth/ros2_ws/install/opencv_tools/lib/python3.10/site-packages/opencv_tools/basic_image_subscriber.py to basic_image_subscriber.cpython-310.pyc
[2.954s] running install_data
[2.955s] copying resource/opencv_tools -> /home/eth/ros2_ws/install/opencv_tools/share/ament_index/resource_index/packages
[2.955s] copying package.xml -> /home/eth/ros2_ws/install/opencv_tools/share/opencv_tools
[2.955s] running install_egg_info
[2.987s] Copying ../../build/opencv_tools/opencv_tools.egg-info to /home/eth/ros2_ws/install/opencv_tools/lib/python3.10/site-packages/opencv_tools-0.0.0-py3.10.egg-info
[2.989s] running install_scripts
[3.219s] Installing aruco_marker_pose_estimator_tf script to /home/eth/ros2_ws/install/opencv_tools/lib/opencv_tools
[3.220s] Installing img_publisher script to /home/eth/ros2_ws/install/opencv_tools/lib/opencv_tools
[3.220s] Installing img_subscriber script to /home/eth/ros2_ws/install/opencv_tools/lib/opencv_tools
[3.220s] Installing robot_goal_pos_extimation script to /home/eth/ros2_ws/install/opencv_tools/lib/opencv_tools
[3.221s] writing list of installed files to '/home/eth/ros2_ws/build/opencv_tools/install.log'
