[1.772s] Invoking command in '/home/eth/ros2_ws/build/opencv_tools': PYTHONPATH=/home/eth/ros2_ws/build/opencv_tools/prefix_override:/usr/lib/python3/dist-packages/colcon_core/task/python/colcon_distutils_commands:/home/eth/ros2_ws/install/opencv_tools/lib/python3.10/site-packages:${PYTHONPATH} /usr/bin/python3 -W ignore:setup.py install is deprecated setup.py develop --editable --build-directory /home/eth/ros2_ws/build/opencv_tools/build --no-deps symlink_data --force
[2.525s] running develop
[2.525s] /home/eth/.local/lib/python3.10/site-packages/setuptools/command/develop.py:42: EasyInstallDeprecationWarning: easy_install command is deprecated.
[2.525s] !!
[2.525s] 
[2.525s]         ********************************************************************************
[2.526s]         Please avoid running ``setup.py`` and ``easy_install``.
[2.526s]         Instead, use pypa/build, pypa/installer or other
[2.526s]         standards-based tools.
[2.526s] 
[2.526s]         See https://github.com/pypa/setuptools/issues/917 for details.
[2.526s]         ********************************************************************************
[2.526s] 
[2.527s] !!
[2.527s]   easy_install.initialize_options(self)
[2.989s] running egg_info
[3.030s] writing opencv_tools.egg-info/PKG-INFO
[3.030s] writing dependency_links to opencv_tools.egg-info/dependency_links.txt
[3.031s] writing entry points to opencv_tools.egg-info/entry_points.txt
[3.031s] writing requirements to opencv_tools.egg-info/requires.txt
[3.031s] writing top-level names to opencv_tools.egg-info/top_level.txt
[3.086s] reading manifest file 'opencv_tools.egg-info/SOURCES.txt'
[3.087s] writing manifest file 'opencv_tools.egg-info/SOURCES.txt'
[3.118s] running build_ext
[3.119s] Creating /home/eth/ros2_ws/install/opencv_tools/lib/python3.10/site-packages/opencv-tools.egg-link (link to .)
[3.120s] Installing aruco_marker_pose_estimator_tf script to /home/eth/ros2_ws/install/opencv_tools/lib/opencv_tools
[3.120s] Installing img_publisher script to /home/eth/ros2_ws/install/opencv_tools/lib/opencv_tools
[3.120s] Installing img_subscriber script to /home/eth/ros2_ws/install/opencv_tools/lib/opencv_tools
[3.121s] Installing robot_goal_pos_extimation script to /home/eth/ros2_ws/install/opencv_tools/lib/opencv_tools
[3.121s] 
[3.121s] Installed /home/eth/ros2_ws/build/opencv_tools
[3.122s] running symlink_data
[3.122s] symbolically linking /home/eth/ros2_ws/build/opencv_tools/resource/opencv_tools -> /home/eth/ros2_ws/install/opencv_tools/share/ament_index/resource_index/packages
[3.122s] symbolically linking /home/eth/ros2_ws/build/opencv_tools/package.xml -> /home/eth/ros2_ws/install/opencv_tools/share/opencv_tools
[3.172s] Invoked command in '/home/eth/ros2_ws/build/opencv_tools' returned '0': PYTHONPATH=/home/eth/ros2_ws/build/opencv_tools/prefix_override:/usr/lib/python3/dist-packages/colcon_core/task/python/colcon_distutils_commands:/home/eth/ros2_ws/install/opencv_tools/lib/python3.10/site-packages:${PYTHONPATH} /usr/bin/python3 -W ignore:setup.py install is deprecated setup.py develop --editable --build-directory /home/eth/ros2_ws/build/opencv_tools/build --no-deps symlink_data --force
