[0.241s] Invoking command in '/home/eth/ros2_ws/build/webcam_publisher': CMAKE_PREFIX_PATH=${CMAKE_PREFIX_PATH}:/home/eth/MIR_Project_2024/glassy_challenge_ws/install/glassy_challenge:/home/eth/bookros2_ws/install/launch_pal:/home/eth/bookros2_ws/install/br2_vff_avoidance_py:/home/eth/bookros2_ws/install/br2_fsm_bumpgo_py_ex_1:/home/eth/bookros2_ws/install/br2_fsm_bumpgo_py:/opt/ros/humble /usr/bin/cmake /home/eth/ros2_ws/src/webcam_publisher -DCMAKE_INSTALL_PREFIX=/home/eth/ros2_ws/install/webcam_publisher
[0.298s] -- The C compiler identification is GNU 11.4.0
[0.392s] -- The CXX compiler identification is GNU 11.4.0
[0.400s] -- Detecting C compiler ABI info
[0.463s] -- Detecting C compiler ABI info - done
[0.470s] -- Check for working C compiler: /usr/bin/cc - skipped
[0.471s] -- Detecting C compile features
[0.471s] -- Detecting C compile features - done
[0.475s] -- Detecting CXX compiler ABI info
[0.549s] -- Detecting CXX compiler ABI info - done
[0.557s] -- Check for working CXX compiler: /usr/bin/c++ - skipped
[0.557s] -- Detecting CXX compile features
[0.558s] -- Detecting CXX compile features - done
[0.565s] -- Found ament_cmake: 1.3.9 (/opt/ros/humble/share/ament_cmake/cmake)
[0.995s] -- Found Python3: /usr/bin/python3 (found version "3.10.12") found components: Interpreter 
[1.156s] -- Found ament_lint_auto: 0.12.11 (/opt/ros/humble/share/ament_lint_auto/cmake)
[1.282s] -- Added test 'flake8' to check Python code syntax and style conventions
[1.284s] -- Added test 'lint_cmake' to check CMake code style
[1.286s] -- Added test 'pep257' to check Python code against some of the docstring style conventions in PEP 257
[1.288s] -- Added test 'xmllint' to check XML markup files
[1.290s] -- Configuring done
[1.293s] -- Generating done
[1.294s] -- Build files have been written to: /home/eth/ros2_ws/build/webcam_publisher
[1.299s] Invoked command in '/home/eth/ros2_ws/build/webcam_publisher' returned '0': CMAKE_PREFIX_PATH=${CMAKE_PREFIX_PATH}:/home/eth/MIR_Project_2024/glassy_challenge_ws/install/glassy_challenge:/home/eth/bookros2_ws/install/launch_pal:/home/eth/bookros2_ws/install/br2_vff_avoidance_py:/home/eth/bookros2_ws/install/br2_fsm_bumpgo_py_ex_1:/home/eth/bookros2_ws/install/br2_fsm_bumpgo_py:/opt/ros/humble /usr/bin/cmake /home/eth/ros2_ws/src/webcam_publisher -DCMAKE_INSTALL_PREFIX=/home/eth/ros2_ws/install/webcam_publisher
[1.301s] Invoking command in '/home/eth/ros2_ws/build/webcam_publisher': CMAKE_PREFIX_PATH=${CMAKE_PREFIX_PATH}:/home/eth/MIR_Project_2024/glassy_challenge_ws/install/glassy_challenge:/home/eth/bookros2_ws/install/launch_pal:/home/eth/bookros2_ws/install/br2_vff_avoidance_py:/home/eth/bookros2_ws/install/br2_fsm_bumpgo_py_ex_1:/home/eth/bookros2_ws/install/br2_fsm_bumpgo_py:/opt/ros/humble /usr/bin/cmake --build /home/eth/ros2_ws/build/webcam_publisher -- -j8 -l8
[1.339s] Invoked command in '/home/eth/ros2_ws/build/webcam_publisher' returned '0': CMAKE_PREFIX_PATH=${CMAKE_PREFIX_PATH}:/home/eth/MIR_Project_2024/glassy_challenge_ws/install/glassy_challenge:/home/eth/bookros2_ws/install/launch_pal:/home/eth/bookros2_ws/install/br2_vff_avoidance_py:/home/eth/bookros2_ws/install/br2_fsm_bumpgo_py_ex_1:/home/eth/bookros2_ws/install/br2_fsm_bumpgo_py:/opt/ros/humble /usr/bin/cmake --build /home/eth/ros2_ws/build/webcam_publisher -- -j8 -l8
[1.370s] Invoking command in '/home/eth/ros2_ws/build/webcam_publisher': CMAKE_PREFIX_PATH=${CMAKE_PREFIX_PATH}:/home/eth/MIR_Project_2024/glassy_challenge_ws/install/glassy_challenge:/home/eth/bookros2_ws/install/launch_pal:/home/eth/bookros2_ws/install/br2_vff_avoidance_py:/home/eth/bookros2_ws/install/br2_fsm_bumpgo_py_ex_1:/home/eth/bookros2_ws/install/br2_fsm_bumpgo_py:/opt/ros/humble /usr/bin/cmake --install /home/eth/ros2_ws/build/webcam_publisher
[1.377s] -- Install configuration: ""
[1.377s] -- Installing: /home/eth/ros2_ws/install/webcam_publisher/share/ament_index/resource_index/package_run_dependencies/webcam_publisher
[1.377s] -- Installing: /home/eth/ros2_ws/install/webcam_publisher/share/ament_index/resource_index/parent_prefix_path/webcam_publisher
[1.377s] -- Installing: /home/eth/ros2_ws/install/webcam_publisher/share/webcam_publisher/environment/ament_prefix_path.sh
[1.378s] -- Installing: /home/eth/ros2_ws/install/webcam_publisher/share/webcam_publisher/environment/ament_prefix_path.dsv
[1.378s] -- Installing: /home/eth/ros2_ws/install/webcam_publisher/share/webcam_publisher/environment/path.sh
[1.378s] -- Installing: /home/eth/ros2_ws/install/webcam_publisher/share/webcam_publisher/environment/path.dsv
[1.378s] -- Installing: /home/eth/ros2_ws/install/webcam_publisher/share/webcam_publisher/local_setup.bash
[1.378s] -- Installing: /home/eth/ros2_ws/install/webcam_publisher/share/webcam_publisher/local_setup.sh
[1.378s] -- Installing: /home/eth/ros2_ws/install/webcam_publisher/share/webcam_publisher/local_setup.zsh
[1.378s] -- Installing: /home/eth/ros2_ws/install/webcam_publisher/share/webcam_publisher/local_setup.dsv
[1.378s] -- Installing: /home/eth/ros2_ws/install/webcam_publisher/share/webcam_publisher/package.dsv
[1.379s] -- Installing: /home/eth/ros2_ws/install/webcam_publisher/share/ament_index/resource_index/packages/webcam_publisher
[1.379s] -- Installing: /home/eth/ros2_ws/install/webcam_publisher/share/webcam_publisher/cmake/webcam_publisherConfig.cmake
[1.379s] -- Installing: /home/eth/ros2_ws/install/webcam_publisher/share/webcam_publisher/cmake/webcam_publisherConfig-version.cmake
[1.379s] -- Installing: /home/eth/ros2_ws/install/webcam_publisher/share/webcam_publisher/package.xml
[1.381s] Invoked command in '/home/eth/ros2_ws/build/webcam_publisher' returned '0': CMAKE_PREFIX_PATH=${CMAKE_PREFIX_PATH}:/home/eth/MIR_Project_2024/glassy_challenge_ws/install/glassy_challenge:/home/eth/bookros2_ws/install/launch_pal:/home/eth/bookros2_ws/install/br2_vff_avoidance_py:/home/eth/bookros2_ws/install/br2_fsm_bumpgo_py_ex_1:/home/eth/bookros2_ws/install/br2_fsm_bumpgo_py:/opt/ros/humble /usr/bin/cmake --install /home/eth/ros2_ws/build/webcam_publisher
