[0.497s] Invoking command in '/home/eth/ros2_ws/build/publish_tf': CMAKE_PREFIX_PATH=${CMAKE_PREFIX_PATH}:/home/eth/ros2_ws/install/autonomous_rov:/home/eth/MIR_Project_2024/glassy_challenge_ws/install/glassy_challenge:/home/eth/bookros2_ws/install/launch_pal:/home/eth/bookros2_ws/install/br2_vff_avoidance_py:/home/eth/bookros2_ws/install/br2_fsm_bumpgo_py_ex_1:/home/eth/bookros2_ws/install/br2_fsm_bumpgo_py:/opt/ros/humble /usr/bin/cmake /home/eth/ros2_ws/src/publish_tf -DCMAKE_INSTALL_PREFIX=/home/eth/ros2_ws/install/publish_tf
[0.842s] -- The C compiler identification is GNU 11.4.0
[1.231s] -- The CXX compiler identification is GNU 11.4.0
[1.286s] -- Detecting C compiler ABI info
[1.572s] -- Detecting C compiler ABI info - done
[1.584s] -- Check for working C compiler: /usr/bin/cc - skipped
[1.585s] -- Detecting C compile features
[1.585s] -- Detecting C compile features - done
[1.589s] -- Detecting CXX compiler ABI info
[1.865s] -- Detecting CXX compiler ABI info - done
[1.877s] -- Check for working CXX compiler: /usr/bin/c++ - skipped
[1.877s] -- Detecting CXX compile features
[1.878s] -- Detecting CXX compile features - done
[1.887s] -- Found ament_cmake: 1.3.9 (/opt/ros/humble/share/ament_cmake/cmake)
[2.356s] -- Found Python3: /usr/bin/python3 (found version "3.10.12") found components: Interpreter 
[2.585s] -- Found ament_lint_auto: 0.12.11 (/opt/ros/humble/share/ament_lint_auto/cmake)
[2.706s] -- Added test 'flake8' to check Python code syntax and style conventions
[2.707s] -- Added test 'lint_cmake' to check CMake code style
[2.708s] -- Added test 'pep257' to check Python code against some of the docstring style conventions in PEP 257
[2.710s] -- Added test 'xmllint' to check XML markup files
[2.712s] -- Configuring done
[2.715s] -- Generating done
[2.716s] -- Build files have been written to: /home/eth/ros2_ws/build/publish_tf
[2.720s] Invoked command in '/home/eth/ros2_ws/build/publish_tf' returned '0': CMAKE_PREFIX_PATH=${CMAKE_PREFIX_PATH}:/home/eth/ros2_ws/install/autonomous_rov:/home/eth/MIR_Project_2024/glassy_challenge_ws/install/glassy_challenge:/home/eth/bookros2_ws/install/launch_pal:/home/eth/bookros2_ws/install/br2_vff_avoidance_py:/home/eth/bookros2_ws/install/br2_fsm_bumpgo_py_ex_1:/home/eth/bookros2_ws/install/br2_fsm_bumpgo_py:/opt/ros/humble /usr/bin/cmake /home/eth/ros2_ws/src/publish_tf -DCMAKE_INSTALL_PREFIX=/home/eth/ros2_ws/install/publish_tf
[2.723s] Invoking command in '/home/eth/ros2_ws/build/publish_tf': CMAKE_PREFIX_PATH=${CMAKE_PREFIX_PATH}:/home/eth/ros2_ws/install/autonomous_rov:/home/eth/MIR_Project_2024/glassy_challenge_ws/install/glassy_challenge:/home/eth/bookros2_ws/install/launch_pal:/home/eth/bookros2_ws/install/br2_vff_avoidance_py:/home/eth/bookros2_ws/install/br2_fsm_bumpgo_py_ex_1:/home/eth/bookros2_ws/install/br2_fsm_bumpgo_py:/opt/ros/humble /usr/bin/cmake --build /home/eth/ros2_ws/build/publish_tf -- -j8 -l8
[2.765s] Invoked command in '/home/eth/ros2_ws/build/publish_tf' returned '0': CMAKE_PREFIX_PATH=${CMAKE_PREFIX_PATH}:/home/eth/ros2_ws/install/autonomous_rov:/home/eth/MIR_Project_2024/glassy_challenge_ws/install/glassy_challenge:/home/eth/bookros2_ws/install/launch_pal:/home/eth/bookros2_ws/install/br2_vff_avoidance_py:/home/eth/bookros2_ws/install/br2_fsm_bumpgo_py_ex_1:/home/eth/bookros2_ws/install/br2_fsm_bumpgo_py:/opt/ros/humble /usr/bin/cmake --build /home/eth/ros2_ws/build/publish_tf -- -j8 -l8
