[3.444s] Invoking command in '/home/eth/ros2_ws/src/rov_practical': PYTHONPATH=/home/eth/ros2_ws/build/rov_practical/prefix_override:/usr/lib/python3/dist-packages/colcon_core/task/python/colcon_distutils_commands:/home/eth/ros2_ws/install/rov_practical/lib/python3.10/site-packages:${PYTHONPATH} /usr/bin/python3 -W ignore:setup.py install is deprecated setup.py egg_info --egg-base ../../build/rov_practical build --build-base /home/eth/ros2_ws/build/rov_practical/build install --record /home/eth/ros2_ws/build/rov_practical/install.log --single-version-externally-managed install_data
[4.206s] running egg_info
[4.258s] writing ../../build/rov_practical/rov_practical.egg-info/PKG-INFO
[4.259s] writing dependency_links to ../../build/rov_practical/rov_practical.egg-info/dependency_links.txt
[4.259s] writing entry points to ../../build/rov_practical/rov_practical.egg-info/entry_points.txt
[4.260s] writing requirements to ../../build/rov_practical/rov_practical.egg-info/requires.txt
[4.260s] writing top-level names to ../../build/rov_practical/rov_practical.egg-info/top_level.txt
[4.364s] reading manifest file '../../build/rov_practical/rov_practical.egg-info/SOURCES.txt'
[4.367s] writing manifest file '../../build/rov_practical/rov_practical.egg-info/SOURCES.txt'
[4.367s] running build
[4.367s] running build_py
[4.367s] copying rov_practical/__init__.py -> /home/eth/ros2_ws/build/rov_practical/build/lib/rov_practical
[4.368s] copying rov_practical/DDDQN.py -> /home/eth/ros2_ws/build/rov_practical/build/lib/rov_practical
[4.368s] copying rov_practical/gazebo_world.py -> /home/eth/ros2_ws/build/rov_practical/build/lib/rov_practical
[4.369s] running install
[4.388s] running install_lib
[4.440s] copying /home/eth/ros2_ws/build/rov_practical/build/lib/rov_practical/gazebo_world.py -> /home/eth/ros2_ws/install/rov_practical/lib/python3.10/site-packages/rov_practical
[4.440s] byte-compiling /home/eth/ros2_ws/install/rov_practical/lib/python3.10/site-packages/rov_practical/gazebo_world.py to gazebo_world.cpython-310.pyc
[4.448s] running install_data
[4.448s] copying resource/rov_practical -> /home/eth/ros2_ws/install/rov_practical/share/ament_index/resource_index/packages
[4.452s] copying package.xml -> /home/eth/ros2_ws/install/rov_practical/share/rov_practical
[4.452s] running install_egg_info
[4.500s] removing '/home/eth/ros2_ws/install/rov_practical/lib/python3.10/site-packages/rov_practical-0.0.0-py3.10.egg-info' (and everything under it)
[4.504s] Copying ../../build/rov_practical/rov_practical.egg-info to /home/eth/ros2_ws/install/rov_practical/lib/python3.10/site-packages/rov_practical-0.0.0-py3.10.egg-info
[4.504s] running install_scripts
[5.040s] Installing dddqn script to /home/eth/ros2_ws/install/rov_practical/lib/rov_practical
[5.040s] writing list of installed files to '/home/eth/ros2_ws/build/rov_practical/install.log'
[5.112s] Invoked command in '/home/eth/ros2_ws/src/rov_practical' returned '0': PYTHONPATH=/home/eth/ros2_ws/build/rov_practical/prefix_override:/usr/lib/python3/dist-packages/colcon_core/task/python/colcon_distutils_commands:/home/eth/ros2_ws/install/rov_practical/lib/python3.10/site-packages:${PYTHONPATH} /usr/bin/python3 -W ignore:setup.py install is deprecated setup.py egg_info --egg-base ../../build/rov_practical build --build-base /home/eth/ros2_ws/build/rov_practical/build install --record /home/eth/ros2_ws/build/rov_practical/install.log --single-version-externally-managed install_data
