[1.746s] Invoking command in '/home/eth/ros2_ws/src/rov_practical': PYTHONPATH=/home/eth/ros2_ws/build/rov_practical/prefix_override:/usr/lib/python3/dist-packages/colcon_core/task/python/colcon_distutils_commands:/home/eth/ros2_ws/install/rov_practical/lib/python3.10/site-packages:${PYTHONPATH} /usr/bin/python3 -W ignore:setup.py install is deprecated setup.py egg_info --egg-base ../../build/rov_practical build --build-base /home/eth/ros2_ws/build/rov_practical/build install --record /home/eth/ros2_ws/build/rov_practical/install.log --single-version-externally-managed install_data
[2.124s] running egg_info
[2.148s] writing ../../build/rov_practical/rov_practical.egg-info/PKG-INFO
[2.149s] writing dependency_links to ../../build/rov_practical/rov_practical.egg-info/dependency_links.txt
[2.149s] writing entry points to ../../build/rov_practical/rov_practical.egg-info/entry_points.txt
[2.149s] writing requirements to ../../build/rov_practical/rov_practical.egg-info/requires.txt
[2.150s] writing top-level names to ../../build/rov_practical/rov_practical.egg-info/top_level.txt
[2.209s] reading manifest file '../../build/rov_practical/rov_practical.egg-info/SOURCES.txt'
[2.210s] writing manifest file '../../build/rov_practical/rov_practical.egg-info/SOURCES.txt'
[2.211s] running build
[2.211s] running build_py
[2.211s] copying rov_practical/__init__.py -> /home/eth/ros2_ws/build/rov_practical/build/lib/rov_practical
[2.211s] copying rov_practical/DDDQN.py -> /home/eth/ros2_ws/build/rov_practical/build/lib/rov_practical
[2.212s] copying rov_practical/gazebo_world.py -> /home/eth/ros2_ws/build/rov_practical/build/lib/rov_practical
[2.212s] running install
[2.223s] running install_lib
[2.255s] running install_data
[2.256s] copying resource/rov_practical -> /home/eth/ros2_ws/install/rov_practical/share/ament_index/resource_index/packages
[2.256s] copying package.xml -> /home/eth/ros2_ws/install/rov_practical/share/rov_practical
[2.256s] running install_egg_info
[2.290s] removing '/home/eth/ros2_ws/install/rov_practical/lib/python3.10/site-packages/rov_practical-0.0.0-py3.10.egg-info' (and everything under it)
[2.291s] Copying ../../build/rov_practical/rov_practical.egg-info to /home/eth/ros2_ws/install/rov_practical/lib/python3.10/site-packages/rov_practical-0.0.0-py3.10.egg-info
[2.292s] running install_scripts
[2.552s] Installing dddqn script to /home/eth/ros2_ws/install/rov_practical/lib/rov_practical
[2.553s] writing list of installed files to '/home/eth/ros2_ws/build/rov_practical/install.log'
[2.586s] Invoked command in '/home/eth/ros2_ws/src/rov_practical' returned '0': PYTHONPATH=/home/eth/ros2_ws/build/rov_practical/prefix_override:/usr/lib/python3/dist-packages/colcon_core/task/python/colcon_distutils_commands:/home/eth/ros2_ws/install/rov_practical/lib/python3.10/site-packages:${PYTHONPATH} /usr/bin/python3 -W ignore:setup.py install is deprecated setup.py egg_info --egg-base ../../build/rov_practical build --build-base /home/eth/ros2_ws/build/rov_practical/build install --record /home/eth/ros2_ws/build/rov_practical/install.log --single-version-externally-managed install_data
