[0.104s] DEBUG:colcon:Command line arguments: ['/usr/bin/colcon', 'build']
[0.104s] DEBUG:colcon:Parsed command line arguments: Namespace(log_base=None, log_level=None, verb_name='build', build_base='build', install_base='install', merge_install=False, symlink_install=False, test_result_base=None, continue_on_error=False, executor='parallel', parallel_workers=8, event_handlers=None, ignore_user_meta=False, metas=['./colcon.meta'], base_paths=['.'], packages_ignore=None, packages_ignore_regex=None, paths=None, packages_up_to=None, packages_up_to_regex=None, packages_above=None, packages_above_and_dependencies=None, packages_above_depth=None, packages_select_by_dep=None, packages_skip_by_dep=None, packages_skip_up_to=None, packages_select_build_failed=False, packages_skip_build_finished=False, packages_select_test_failures=False, packages_skip_test_passed=False, packages_select=None, packages_skip=None, packages_select_regex=None, packages_skip_regex=None, packages_start=None, packages_end=None, allow_overriding=[], cmake_args=None, cmake_target=None, cmake_target_skip_unavailable=False, cmake_clean_cache=False, cmake_clean_first=False, cmake_force_configure=False, ament_cmake_args=None, catkin_cmake_args=None, catkin_skip_building_tests=False, mixin_files=None, mixin=None, verb_parser=<colcon_mixin.mixin.mixin_argument.MixinArgumentDecorator object at 0x7314acd644c0>, verb_extension=<colcon_core.verb.build.BuildVerb object at 0x7314ace64910>, main=<bound method BuildVerb.main of <colcon_core.verb.build.BuildVerb object at 0x7314ace64910>>, mixin_verb=('build',))
[0.140s] Level 1:colcon.colcon_core.package_discovery:discover_packages(colcon_meta) check parameters
[0.140s] Level 1:colcon.colcon_core.package_discovery:discover_packages(recursive) check parameters
[0.140s] Level 1:colcon.colcon_core.package_discovery:discover_packages(ignore) check parameters
[0.140s] Level 1:colcon.colcon_core.package_discovery:discover_packages(path) check parameters
[0.140s] Level 1:colcon.colcon_core.package_discovery:discover_packages(colcon_meta) discover
[0.140s] Level 1:colcon.colcon_core.package_discovery:discover_packages(recursive) discover
[0.140s] INFO:colcon.colcon_core.package_discovery:Crawling recursively for packages in '/home/eth/ros2_ws'
[0.140s] Level 1:colcon.colcon_core.package_identification:_identify(.) by extensions ['ignore', 'ignore_ament_install']
[0.140s] Level 1:colcon.colcon_core.package_identification:_identify(.) by extension 'ignore'
[0.140s] Level 1:colcon.colcon_core.package_identification:_identify(.) by extension 'ignore_ament_install'
[0.140s] Level 1:colcon.colcon_core.package_identification:_identify(.) by extensions ['colcon_pkg']
[0.140s] Level 1:colcon.colcon_core.package_identification:_identify(.) by extension 'colcon_pkg'
[0.140s] Level 1:colcon.colcon_core.package_identification:_identify(.) by extensions ['colcon_meta']
[0.140s] Level 1:colcon.colcon_core.package_identification:_identify(.) by extension 'colcon_meta'
[0.140s] Level 1:colcon.colcon_core.package_identification:_identify(.) by extensions ['ros']
[0.140s] Level 1:colcon.colcon_core.package_identification:_identify(.) by extension 'ros'
[0.154s] Level 1:colcon.colcon_core.package_identification:_identify(.) by extensions ['cmake', 'python']
[0.154s] Level 1:colcon.colcon_core.package_identification:_identify(.) by extension 'cmake'
[0.154s] Level 1:colcon.colcon_core.package_identification:_identify(.) by extension 'python'
[0.154s] Level 1:colcon.colcon_core.package_identification:_identify(.) by extensions ['python_setup_py']
[0.154s] Level 1:colcon.colcon_core.package_identification:_identify(.) by extension 'python_setup_py'
[0.154s] Level 1:colcon.colcon_core.package_identification:_identify(build) by extensions ['ignore', 'ignore_ament_install']
[0.154s] Level 1:colcon.colcon_core.package_identification:_identify(build) by extension 'ignore'
[0.154s] Level 1:colcon.colcon_core.package_identification:_identify(build) ignored
[0.154s] Level 1:colcon.colcon_core.package_identification:_identify(install) by extensions ['ignore', 'ignore_ament_install']
[0.154s] Level 1:colcon.colcon_core.package_identification:_identify(install) by extension 'ignore'
[0.154s] Level 1:colcon.colcon_core.package_identification:_identify(install) ignored
[0.155s] Level 1:colcon.colcon_core.package_identification:_identify(log) by extensions ['ignore', 'ignore_ament_install']
[0.155s] Level 1:colcon.colcon_core.package_identification:_identify(log) by extension 'ignore'
[0.155s] Level 1:colcon.colcon_core.package_identification:_identify(log) ignored
[0.155s] Level 1:colcon.colcon_core.package_identification:_identify(src) by extensions ['ignore', 'ignore_ament_install']
[0.155s] Level 1:colcon.colcon_core.package_identification:_identify(src) by extension 'ignore'
[0.155s] Level 1:colcon.colcon_core.package_identification:_identify(src) by extension 'ignore_ament_install'
[0.155s] Level 1:colcon.colcon_core.package_identification:_identify(src) by extensions ['colcon_pkg']
[0.155s] Level 1:colcon.colcon_core.package_identification:_identify(src) by extension 'colcon_pkg'
[0.155s] Level 1:colcon.colcon_core.package_identification:_identify(src) by extensions ['colcon_meta']
[0.155s] Level 1:colcon.colcon_core.package_identification:_identify(src) by extension 'colcon_meta'
[0.155s] Level 1:colcon.colcon_core.package_identification:_identify(src) by extensions ['ros']
[0.155s] Level 1:colcon.colcon_core.package_identification:_identify(src) by extension 'ros'
[0.155s] Level 1:colcon.colcon_core.package_identification:_identify(src) by extensions ['cmake', 'python']
[0.155s] Level 1:colcon.colcon_core.package_identification:_identify(src) by extension 'cmake'
[0.155s] Level 1:colcon.colcon_core.package_identification:_identify(src) by extension 'python'
[0.155s] Level 1:colcon.colcon_core.package_identification:_identify(src) by extensions ['python_setup_py']
[0.155s] Level 1:colcon.colcon_core.package_identification:_identify(src) by extension 'python_setup_py'
[0.155s] Level 1:colcon.colcon_core.package_identification:_identify(src/autonomous_rov) by extensions ['ignore', 'ignore_ament_install']
[0.155s] Level 1:colcon.colcon_core.package_identification:_identify(src/autonomous_rov) by extension 'ignore'
[0.155s] Level 1:colcon.colcon_core.package_identification:_identify(src/autonomous_rov) by extension 'ignore_ament_install'
[0.156s] Level 1:colcon.colcon_core.package_identification:_identify(src/autonomous_rov) by extensions ['colcon_pkg']
[0.156s] Level 1:colcon.colcon_core.package_identification:_identify(src/autonomous_rov) by extension 'colcon_pkg'
[0.156s] Level 1:colcon.colcon_core.package_identification:_identify(src/autonomous_rov) by extensions ['colcon_meta']
[0.156s] Level 1:colcon.colcon_core.package_identification:_identify(src/autonomous_rov) by extension 'colcon_meta'
[0.156s] Level 1:colcon.colcon_core.package_identification:_identify(src/autonomous_rov) by extensions ['ros']
[0.156s] Level 1:colcon.colcon_core.package_identification:_identify(src/autonomous_rov) by extension 'ros'
[0.158s] DEBUG:colcon.colcon_core.package_identification:Package 'src/autonomous_rov' with type 'ros.ament_python' and name 'autonomous_rov'
[0.158s] Level 1:colcon.colcon_core.package_identification:_identify(src/opencv_tools) by extensions ['ignore', 'ignore_ament_install']
[0.158s] Level 1:colcon.colcon_core.package_identification:_identify(src/opencv_tools) by extension 'ignore'
[0.158s] Level 1:colcon.colcon_core.package_identification:_identify(src/opencv_tools) by extension 'ignore_ament_install'
[0.158s] Level 1:colcon.colcon_core.package_identification:_identify(src/opencv_tools) by extensions ['colcon_pkg']
[0.158s] Level 1:colcon.colcon_core.package_identification:_identify(src/opencv_tools) by extension 'colcon_pkg'
[0.158s] Level 1:colcon.colcon_core.package_identification:_identify(src/opencv_tools) by extensions ['colcon_meta']
[0.158s] Level 1:colcon.colcon_core.package_identification:_identify(src/opencv_tools) by extension 'colcon_meta'
[0.158s] Level 1:colcon.colcon_core.package_identification:_identify(src/opencv_tools) by extensions ['ros']
[0.158s] Level 1:colcon.colcon_core.package_identification:_identify(src/opencv_tools) by extension 'ros'
[0.159s] DEBUG:colcon.colcon_core.package_identification:Package 'src/opencv_tools' with type 'ros.ament_python' and name 'opencv_tools'
[0.159s] Level 1:colcon.colcon_core.package_identification:_identify(src/publish_tf) by extensions ['ignore', 'ignore_ament_install']
[0.159s] Level 1:colcon.colcon_core.package_identification:_identify(src/publish_tf) by extension 'ignore'
[0.159s] Level 1:colcon.colcon_core.package_identification:_identify(src/publish_tf) by extension 'ignore_ament_install'
[0.160s] Level 1:colcon.colcon_core.package_identification:_identify(src/publish_tf) by extensions ['colcon_pkg']
[0.160s] Level 1:colcon.colcon_core.package_identification:_identify(src/publish_tf) by extension 'colcon_pkg'
[0.160s] Level 1:colcon.colcon_core.package_identification:_identify(src/publish_tf) by extensions ['colcon_meta']
[0.160s] Level 1:colcon.colcon_core.package_identification:_identify(src/publish_tf) by extension 'colcon_meta'
[0.160s] Level 1:colcon.colcon_core.package_identification:_identify(src/publish_tf) by extensions ['ros']
[0.160s] Level 1:colcon.colcon_core.package_identification:_identify(src/publish_tf) by extension 'ros'
[0.160s] DEBUG:colcon.colcon_core.package_identification:Package 'src/publish_tf' with type 'ros.ament_cmake' and name 'publish_tf'
[0.160s] Level 1:colcon.colcon_core.package_identification:_identify(src/webcam_publisher) by extensions ['ignore', 'ignore_ament_install']
[0.160s] Level 1:colcon.colcon_core.package_identification:_identify(src/webcam_publisher) by extension 'ignore'
[0.160s] Level 1:colcon.colcon_core.package_identification:_identify(src/webcam_publisher) by extension 'ignore_ament_install'
[0.160s] Level 1:colcon.colcon_core.package_identification:_identify(src/webcam_publisher) by extensions ['colcon_pkg']
[0.161s] Level 1:colcon.colcon_core.package_identification:_identify(src/webcam_publisher) by extension 'colcon_pkg'
[0.161s] Level 1:colcon.colcon_core.package_identification:_identify(src/webcam_publisher) by extensions ['colcon_meta']
[0.161s] Level 1:colcon.colcon_core.package_identification:_identify(src/webcam_publisher) by extension 'colcon_meta'
[0.161s] Level 1:colcon.colcon_core.package_identification:_identify(src/webcam_publisher) by extensions ['ros']
[0.161s] Level 1:colcon.colcon_core.package_identification:_identify(src/webcam_publisher) by extension 'ros'
[0.161s] DEBUG:colcon.colcon_core.package_identification:Package 'src/webcam_publisher' with type 'ros.ament_cmake' and name 'webcam_publisher'
[0.161s] Level 1:colcon.colcon_core.package_discovery:discover_packages(recursive) using defaults
[0.161s] Level 1:colcon.colcon_core.package_discovery:discover_packages(ignore) discover
[0.161s] Level 1:colcon.colcon_core.package_discovery:discover_packages(ignore) using defaults
[0.161s] Level 1:colcon.colcon_core.package_discovery:discover_packages(path) discover
[0.161s] Level 1:colcon.colcon_core.package_discovery:discover_packages(path) using defaults
[0.181s] Level 1:colcon.colcon_core.package_discovery:discover_packages(prefix_path) check parameters
[0.181s] Level 1:colcon.colcon_core.package_discovery:discover_packages(prefix_path) discover
[0.184s] DEBUG:colcon.colcon_installed_package_information.package_discovery:Found 2 installed packages in /home/eth/ros2_ws/install
[0.184s] DEBUG:colcon.colcon_installed_package_information.package_discovery:Found 5 installed packages in /home/eth/MIR_Project_2024/glassy_challenge_ws/install
[0.186s] DEBUG:colcon.colcon_installed_package_information.package_discovery:Found 39 installed packages in /home/eth/bookros2_ws/install
[0.187s] DEBUG:colcon.colcon_installed_package_information.package_discovery:Found 277 installed packages in /opt/ros/humble
[0.188s] Level 1:colcon.colcon_core.package_discovery:discover_packages(prefix_path) using defaults
[0.227s] Level 5:colcon.colcon_core.verb:set package 'autonomous_rov' build argument 'cmake_args' from command line to 'None'
[0.227s] Level 5:colcon.colcon_core.verb:set package 'autonomous_rov' build argument 'cmake_target' from command line to 'None'
[0.227s] Level 5:colcon.colcon_core.verb:set package 'autonomous_rov' build argument 'cmake_target_skip_unavailable' from command line to 'False'
[0.227s] Level 5:colcon.colcon_core.verb:set package 'autonomous_rov' build argument 'cmake_clean_cache' from command line to 'False'
[0.227s] Level 5:colcon.colcon_core.verb:set package 'autonomous_rov' build argument 'cmake_clean_first' from command line to 'False'
[0.227s] Level 5:colcon.colcon_core.verb:set package 'autonomous_rov' build argument 'cmake_force_configure' from command line to 'False'
[0.227s] Level 5:colcon.colcon_core.verb:set package 'autonomous_rov' build argument 'ament_cmake_args' from command line to 'None'
[0.227s] Level 5:colcon.colcon_core.verb:set package 'autonomous_rov' build argument 'catkin_cmake_args' from command line to 'None'
[0.227s] Level 5:colcon.colcon_core.verb:set package 'autonomous_rov' build argument 'catkin_skip_building_tests' from command line to 'False'
[0.227s] DEBUG:colcon.colcon_core.verb:Building package 'autonomous_rov' with the following arguments: {'ament_cmake_args': None, 'build_base': '/home/eth/ros2_ws/build/autonomous_rov', 'catkin_cmake_args': None, 'catkin_skip_building_tests': False, 'cmake_args': None, 'cmake_clean_cache': False, 'cmake_clean_first': False, 'cmake_force_configure': False, 'cmake_target': None, 'cmake_target_skip_unavailable': False, 'install_base': '/home/eth/ros2_ws/install/autonomous_rov', 'merge_install': False, 'path': '/home/eth/ros2_ws/src/autonomous_rov', 'symlink_install': False, 'test_result_base': None}
[0.228s] Level 5:colcon.colcon_core.verb:set package 'opencv_tools' build argument 'cmake_args' from command line to 'None'
[0.228s] Level 5:colcon.colcon_core.verb:set package 'opencv_tools' build argument 'cmake_target' from command line to 'None'
[0.228s] Level 5:colcon.colcon_core.verb:set package 'opencv_tools' build argument 'cmake_target_skip_unavailable' from command line to 'False'
[0.228s] Level 5:colcon.colcon_core.verb:set package 'opencv_tools' build argument 'cmake_clean_cache' from command line to 'False'
[0.228s] Level 5:colcon.colcon_core.verb:set package 'opencv_tools' build argument 'cmake_clean_first' from command line to 'False'
[0.228s] Level 5:colcon.colcon_core.verb:set package 'opencv_tools' build argument 'cmake_force_configure' from command line to 'False'
[0.228s] Level 5:colcon.colcon_core.verb:set package 'opencv_tools' build argument 'ament_cmake_args' from command line to 'None'
[0.228s] Level 5:colcon.colcon_core.verb:set package 'opencv_tools' build argument 'catkin_cmake_args' from command line to 'None'
[0.228s] Level 5:colcon.colcon_core.verb:set package 'opencv_tools' build argument 'catkin_skip_building_tests' from command line to 'False'
[0.228s] DEBUG:colcon.colcon_core.verb:Building package 'opencv_tools' with the following arguments: {'ament_cmake_args': None, 'build_base': '/home/eth/ros2_ws/build/opencv_tools', 'catkin_cmake_args': None, 'catkin_skip_building_tests': False, 'cmake_args': None, 'cmake_clean_cache': False, 'cmake_clean_first': False, 'cmake_force_configure': False, 'cmake_target': None, 'cmake_target_skip_unavailable': False, 'install_base': '/home/eth/ros2_ws/install/opencv_tools', 'merge_install': False, 'path': '/home/eth/ros2_ws/src/opencv_tools', 'symlink_install': False, 'test_result_base': None}
[0.228s] Level 5:colcon.colcon_core.verb:set package 'publish_tf' build argument 'cmake_args' from command line to 'None'
[0.228s] Level 5:colcon.colcon_core.verb:set package 'publish_tf' build argument 'cmake_target' from command line to 'None'
[0.228s] Level 5:colcon.colcon_core.verb:set package 'publish_tf' build argument 'cmake_target_skip_unavailable' from command line to 'False'
[0.228s] Level 5:colcon.colcon_core.verb:set package 'publish_tf' build argument 'cmake_clean_cache' from command line to 'False'
[0.229s] Level 5:colcon.colcon_core.verb:set package 'publish_tf' build argument 'cmake_clean_first' from command line to 'False'
[0.229s] Level 5:colcon.colcon_core.verb:set package 'publish_tf' build argument 'cmake_force_configure' from command line to 'False'
[0.229s] Level 5:colcon.colcon_core.verb:set package 'publish_tf' build argument 'ament_cmake_args' from command line to 'None'
[0.229s] Level 5:colcon.colcon_core.verb:set package 'publish_tf' build argument 'catkin_cmake_args' from command line to 'None'
[0.229s] Level 5:colcon.colcon_core.verb:set package 'publish_tf' build argument 'catkin_skip_building_tests' from command line to 'False'
[0.229s] DEBUG:colcon.colcon_core.verb:Building package 'publish_tf' with the following arguments: {'ament_cmake_args': None, 'build_base': '/home/eth/ros2_ws/build/publish_tf', 'catkin_cmake_args': None, 'catkin_skip_building_tests': False, 'cmake_args': None, 'cmake_clean_cache': False, 'cmake_clean_first': False, 'cmake_force_configure': False, 'cmake_target': None, 'cmake_target_skip_unavailable': False, 'install_base': '/home/eth/ros2_ws/install/publish_tf', 'merge_install': False, 'path': '/home/eth/ros2_ws/src/publish_tf', 'symlink_install': False, 'test_result_base': None}
[0.229s] Level 5:colcon.colcon_core.verb:set package 'webcam_publisher' build argument 'cmake_args' from command line to 'None'
[0.229s] Level 5:colcon.colcon_core.verb:set package 'webcam_publisher' build argument 'cmake_target' from command line to 'None'
[0.229s] Level 5:colcon.colcon_core.verb:set package 'webcam_publisher' build argument 'cmake_target_skip_unavailable' from command line to 'False'
[0.229s] Level 5:colcon.colcon_core.verb:set package 'webcam_publisher' build argument 'cmake_clean_cache' from command line to 'False'
[0.229s] Level 5:colcon.colcon_core.verb:set package 'webcam_publisher' build argument 'cmake_clean_first' from command line to 'False'
[0.229s] Level 5:colcon.colcon_core.verb:set package 'webcam_publisher' build argument 'cmake_force_configure' from command line to 'False'
[0.229s] Level 5:colcon.colcon_core.verb:set package 'webcam_publisher' build argument 'ament_cmake_args' from command line to 'None'
[0.229s] Level 5:colcon.colcon_core.verb:set package 'webcam_publisher' build argument 'catkin_cmake_args' from command line to 'None'
[0.229s] Level 5:colcon.colcon_core.verb:set package 'webcam_publisher' build argument 'catkin_skip_building_tests' from command line to 'False'
[0.229s] DEBUG:colcon.colcon_core.verb:Building package 'webcam_publisher' with the following arguments: {'ament_cmake_args': None, 'build_base': '/home/eth/ros2_ws/build/webcam_publisher', 'catkin_cmake_args': None, 'catkin_skip_building_tests': False, 'cmake_args': None, 'cmake_clean_cache': False, 'cmake_clean_first': False, 'cmake_force_configure': False, 'cmake_target': None, 'cmake_target_skip_unavailable': False, 'install_base': '/home/eth/ros2_ws/install/webcam_publisher', 'merge_install': False, 'path': '/home/eth/ros2_ws/src/webcam_publisher', 'symlink_install': False, 'test_result_base': None}
[0.229s] INFO:colcon.colcon_core.executor:Executing jobs using 'parallel' executor
[0.230s] DEBUG:colcon.colcon_parallel_executor.executor.parallel:run_until_complete
[0.230s] INFO:colcon.colcon_ros.task.ament_python.build:Building ROS package in '/home/eth/ros2_ws/src/autonomous_rov' with build type 'ament_python'
[0.230s] Level 1:colcon.colcon_core.shell:create_environment_hook('autonomous_rov', 'ament_prefix_path')
[0.233s] INFO:colcon.colcon_core.plugin_system:Skipping extension 'colcon_core.shell.bat': Not used on non-Windows systems
[0.233s] INFO:colcon.colcon_core.shell:Creating environment hook '/home/eth/ros2_ws/install/autonomous_rov/share/autonomous_rov/hook/ament_prefix_path.ps1'
[0.233s] INFO:colcon.colcon_core.shell:Creating environment descriptor '/home/eth/ros2_ws/install/autonomous_rov/share/autonomous_rov/hook/ament_prefix_path.dsv'
[0.234s] INFO:colcon.colcon_core.shell:Creating environment hook '/home/eth/ros2_ws/install/autonomous_rov/share/autonomous_rov/hook/ament_prefix_path.sh'
[0.234s] INFO:colcon.colcon_core.shell:Skip shell extension 'powershell' for command environment: Not usable outside of PowerShell
[0.234s] DEBUG:colcon.colcon_core.shell:Skip shell extension 'dsv' for command environment
[0.240s] INFO:colcon.colcon_ros.task.ament_python.build:Building ROS package in '/home/eth/ros2_ws/src/opencv_tools' with build type 'ament_python'
[0.240s] Level 1:colcon.colcon_core.shell:create_environment_hook('opencv_tools', 'ament_prefix_path')
[0.241s] INFO:colcon.colcon_core.shell:Creating environment hook '/home/eth/ros2_ws/install/opencv_tools/share/opencv_tools/hook/ament_prefix_path.ps1'
[0.241s] INFO:colcon.colcon_core.shell:Creating environment descriptor '/home/eth/ros2_ws/install/opencv_tools/share/opencv_tools/hook/ament_prefix_path.dsv'
[0.241s] INFO:colcon.colcon_core.shell:Creating environment hook '/home/eth/ros2_ws/install/opencv_tools/share/opencv_tools/hook/ament_prefix_path.sh'
[0.242s] INFO:colcon.colcon_core.shell:Skip shell extension 'powershell' for command environment: Not usable outside of PowerShell
[0.242s] DEBUG:colcon.colcon_core.shell:Skip shell extension 'dsv' for command environment
[0.248s] INFO:colcon.colcon_ros.task.ament_cmake.build:Building ROS package in '/home/eth/ros2_ws/src/publish_tf' with build type 'ament_cmake'
[0.249s] INFO:colcon.colcon_cmake.task.cmake.build:Building CMake package in '/home/eth/ros2_ws/src/publish_tf'
[0.249s] INFO:colcon.colcon_core.shell:Skip shell extension 'powershell' for command environment: Not usable outside of PowerShell
[0.249s] DEBUG:colcon.colcon_core.shell:Skip shell extension 'dsv' for command environment
[0.254s] INFO:colcon.colcon_ros.task.ament_cmake.build:Building ROS package in '/home/eth/ros2_ws/src/webcam_publisher' with build type 'ament_cmake'
[0.255s] INFO:colcon.colcon_cmake.task.cmake.build:Building CMake package in '/home/eth/ros2_ws/src/webcam_publisher'
[0.255s] INFO:colcon.colcon_core.shell:Skip shell extension 'powershell' for command environment: Not usable outside of PowerShell
[0.257s] DEBUG:colcon.colcon_core.shell:Skip shell extension 'dsv' for command environment
[0.521s] INFO:colcon.colcon_core.task.python.build:Building Python package in '/home/eth/ros2_ws/src/autonomous_rov'
[0.521s] INFO:colcon.colcon_core.shell:Skip shell extension 'powershell' for command environment: Not usable outside of PowerShell
[0.521s] DEBUG:colcon.colcon_core.shell:Skip shell extension 'dsv' for command environment
[0.738s] INFO:colcon.colcon_core.task.python.build:Building Python package in '/home/eth/ros2_ws/src/opencv_tools'
[0.739s] INFO:colcon.colcon_core.shell:Skip shell extension 'powershell' for command environment: Not usable outside of PowerShell
[0.739s] DEBUG:colcon.colcon_core.shell:Skip shell extension 'dsv' for command environment
[0.746s] DEBUG:colcon.colcon_core.event_handler.log_command:Invoking command in '/home/eth/ros2_ws/build/publish_tf': CMAKE_PREFIX_PATH=${CMAKE_PREFIX_PATH}:/home/eth/ros2_ws/install/autonomous_rov:/home/eth/MIR_Project_2024/glassy_challenge_ws/install/glassy_challenge:/home/eth/bookros2_ws/install/launch_pal:/home/eth/bookros2_ws/install/br2_vff_avoidance_py:/home/eth/bookros2_ws/install/br2_fsm_bumpgo_py_ex_1:/home/eth/bookros2_ws/install/br2_fsm_bumpgo_py:/opt/ros/humble /usr/bin/cmake /home/eth/ros2_ws/src/publish_tf -DCMAKE_INSTALL_PREFIX=/home/eth/ros2_ws/install/publish_tf
[0.755s] DEBUG:colcon.colcon_core.event_handler.log_command:Invoking command in '/home/eth/ros2_ws/build/webcam_publisher': CMAKE_PREFIX_PATH=${CMAKE_PREFIX_PATH}:/home/eth/ros2_ws/install/autonomous_rov:/home/eth/MIR_Project_2024/glassy_challenge_ws/install/glassy_challenge:/home/eth/bookros2_ws/install/launch_pal:/home/eth/bookros2_ws/install/br2_vff_avoidance_py:/home/eth/bookros2_ws/install/br2_fsm_bumpgo_py_ex_1:/home/eth/bookros2_ws/install/br2_fsm_bumpgo_py:/opt/ros/humble /usr/bin/cmake --build /home/eth/ros2_ws/build/webcam_publisher -- -j8 -l8
[1.017s] DEBUG:colcon.colcon_core.event_handler.log_command:Invoked command in '/home/eth/ros2_ws/build/webcam_publisher' returned '0': CMAKE_PREFIX_PATH=${CMAKE_PREFIX_PATH}:/home/eth/ros2_ws/install/autonomous_rov:/home/eth/MIR_Project_2024/glassy_challenge_ws/install/glassy_challenge:/home/eth/bookros2_ws/install/launch_pal:/home/eth/bookros2_ws/install/br2_vff_avoidance_py:/home/eth/bookros2_ws/install/br2_fsm_bumpgo_py_ex_1:/home/eth/bookros2_ws/install/br2_fsm_bumpgo_py:/opt/ros/humble /usr/bin/cmake --build /home/eth/ros2_ws/build/webcam_publisher -- -j8 -l8
[1.244s] DEBUG:colcon.colcon_core.event_handler.log_command:Invoking command in '/home/eth/ros2_ws/build/webcam_publisher': CMAKE_PREFIX_PATH=${CMAKE_PREFIX_PATH}:/home/eth/ros2_ws/install/autonomous_rov:/home/eth/MIR_Project_2024/glassy_challenge_ws/install/glassy_challenge:/home/eth/bookros2_ws/install/launch_pal:/home/eth/bookros2_ws/install/br2_vff_avoidance_py:/home/eth/bookros2_ws/install/br2_fsm_bumpgo_py_ex_1:/home/eth/bookros2_ws/install/br2_fsm_bumpgo_py:/opt/ros/humble /usr/bin/cmake --install /home/eth/ros2_ws/build/webcam_publisher
[1.318s] Level 1:colcon.colcon_core.environment:create_environment_scripts_only(webcam_publisher)
[1.324s] DEBUG:colcon.colcon_core.event_handler.log_command:Invoked command in '/home/eth/ros2_ws/build/webcam_publisher' returned '0': CMAKE_PREFIX_PATH=${CMAKE_PREFIX_PATH}:/home/eth/ros2_ws/install/autonomous_rov:/home/eth/MIR_Project_2024/glassy_challenge_ws/install/glassy_challenge:/home/eth/bookros2_ws/install/launch_pal:/home/eth/bookros2_ws/install/br2_vff_avoidance_py:/home/eth/bookros2_ws/install/br2_fsm_bumpgo_py_ex_1:/home/eth/bookros2_ws/install/br2_fsm_bumpgo_py:/opt/ros/humble /usr/bin/cmake --install /home/eth/ros2_ws/build/webcam_publisher
[1.327s] Level 1:colcon.colcon_core.environment:checking '/home/eth/ros2_ws/install/webcam_publisher' for CMake module files
[1.327s] Level 1:colcon.colcon_core.environment:checking '/home/eth/ros2_ws/install/webcam_publisher' for CMake config files
[1.328s] Level 1:colcon.colcon_core.shell:create_environment_hook('webcam_publisher', 'cmake_prefix_path')
[1.328s] INFO:colcon.colcon_core.shell:Creating environment hook '/home/eth/ros2_ws/install/webcam_publisher/share/webcam_publisher/hook/cmake_prefix_path.ps1'
[1.331s] INFO:colcon.colcon_core.shell:Creating environment descriptor '/home/eth/ros2_ws/install/webcam_publisher/share/webcam_publisher/hook/cmake_prefix_path.dsv'
[1.336s] INFO:colcon.colcon_core.shell:Creating environment hook '/home/eth/ros2_ws/install/webcam_publisher/share/webcam_publisher/hook/cmake_prefix_path.sh'
[1.339s] Level 1:colcon.colcon_core.environment:checking '/home/eth/ros2_ws/install/webcam_publisher/lib'
[1.339s] Level 1:colcon.colcon_core.environment:checking '/home/eth/ros2_ws/install/webcam_publisher/bin'
[1.340s] Level 1:colcon.colcon_core.environment:checking '/home/eth/ros2_ws/install/webcam_publisher/lib/pkgconfig/webcam_publisher.pc'
[1.340s] Level 1:colcon.colcon_core.environment:checking '/home/eth/ros2_ws/install/webcam_publisher/lib/python3.10/site-packages'
[1.340s] Level 1:colcon.colcon_core.environment:checking '/home/eth/ros2_ws/install/webcam_publisher/bin'
[1.346s] INFO:colcon.colcon_core.shell:Creating package script '/home/eth/ros2_ws/install/webcam_publisher/share/webcam_publisher/package.ps1'
[1.351s] INFO:colcon.colcon_core.shell:Creating package descriptor '/home/eth/ros2_ws/install/webcam_publisher/share/webcam_publisher/package.dsv'
[1.357s] INFO:colcon.colcon_core.shell:Creating package script '/home/eth/ros2_ws/install/webcam_publisher/share/webcam_publisher/package.sh'
[1.365s] INFO:colcon.colcon_core.shell:Creating package script '/home/eth/ros2_ws/install/webcam_publisher/share/webcam_publisher/package.bash'
[1.373s] INFO:colcon.colcon_core.shell:Creating package script '/home/eth/ros2_ws/install/webcam_publisher/share/webcam_publisher/package.zsh'
[1.381s] Level 1:colcon.colcon_core.environment:create_file_with_runtime_dependencies(/home/eth/ros2_ws/install/webcam_publisher/share/colcon-core/packages/webcam_publisher)
[1.562s] Level 1:colcon.colcon_core.environment:create_environment_scripts_only(webcam_publisher)
[1.565s] Level 1:colcon.colcon_core.environment:checking '/home/eth/ros2_ws/install/webcam_publisher' for CMake module files
[1.569s] Level 1:colcon.colcon_core.environment:checking '/home/eth/ros2_ws/install/webcam_publisher' for CMake config files
[1.572s] Level 1:colcon.colcon_core.shell:create_environment_hook('webcam_publisher', 'cmake_prefix_path')
[1.575s] INFO:colcon.colcon_core.shell:Creating environment hook '/home/eth/ros2_ws/install/webcam_publisher/share/webcam_publisher/hook/cmake_prefix_path.ps1'
[1.579s] INFO:colcon.colcon_core.shell:Creating environment descriptor '/home/eth/ros2_ws/install/webcam_publisher/share/webcam_publisher/hook/cmake_prefix_path.dsv'
[1.581s] INFO:colcon.colcon_core.shell:Creating environment hook '/home/eth/ros2_ws/install/webcam_publisher/share/webcam_publisher/hook/cmake_prefix_path.sh'
[1.586s] Level 1:colcon.colcon_core.environment:checking '/home/eth/ros2_ws/install/webcam_publisher/lib'
[1.587s] Level 1:colcon.colcon_core.environment:checking '/home/eth/ros2_ws/install/webcam_publisher/bin'
[1.588s] Level 1:colcon.colcon_core.environment:checking '/home/eth/ros2_ws/install/webcam_publisher/lib/pkgconfig/webcam_publisher.pc'
[1.590s] Level 1:colcon.colcon_core.environment:checking '/home/eth/ros2_ws/install/webcam_publisher/lib/python3.10/site-packages'
[1.592s] Level 1:colcon.colcon_core.environment:checking '/home/eth/ros2_ws/install/webcam_publisher/bin'
[1.596s] INFO:colcon.colcon_core.shell:Creating package script '/home/eth/ros2_ws/install/webcam_publisher/share/webcam_publisher/package.ps1'
[1.601s] INFO:colcon.colcon_core.shell:Creating package descriptor '/home/eth/ros2_ws/install/webcam_publisher/share/webcam_publisher/package.dsv'
[1.606s] INFO:colcon.colcon_core.shell:Creating package script '/home/eth/ros2_ws/install/webcam_publisher/share/webcam_publisher/package.sh'
[1.611s] INFO:colcon.colcon_core.shell:Creating package script '/home/eth/ros2_ws/install/webcam_publisher/share/webcam_publisher/package.bash'
[1.614s] INFO:colcon.colcon_core.shell:Creating package script '/home/eth/ros2_ws/install/webcam_publisher/share/webcam_publisher/package.zsh'
[1.618s] Level 1:colcon.colcon_core.environment:create_file_with_runtime_dependencies(/home/eth/ros2_ws/install/webcam_publisher/share/colcon-core/packages/webcam_publisher)
[2.530s] DEBUG:colcon.colcon_core.event_handler.log_command:Invoking command in '/home/eth/ros2_ws/src/autonomous_rov': PYTHONPATH=/home/eth/ros2_ws/build/autonomous_rov/prefix_override:/usr/lib/python3/dist-packages/colcon_core/task/python/colcon_distutils_commands:/home/eth/ros2_ws/install/autonomous_rov/lib/python3.10/site-packages:${PYTHONPATH} /usr/bin/python3 -W ignore:setup.py install is deprecated setup.py egg_info --egg-base ../../build/autonomous_rov build --build-base /home/eth/ros2_ws/build/autonomous_rov/build install --record /home/eth/ros2_ws/build/autonomous_rov/install.log --single-version-externally-managed install_data
[2.541s] DEBUG:colcon.colcon_core.event_handler.log_command:Invoking command in '/home/eth/ros2_ws/src/opencv_tools': PYTHONPATH=/home/eth/ros2_ws/build/opencv_tools/prefix_override:/usr/lib/python3/dist-packages/colcon_core/task/python/colcon_distutils_commands:/home/eth/ros2_ws/install/opencv_tools/lib/python3.10/site-packages:${PYTHONPATH} /usr/bin/python3 -W ignore:setup.py install is deprecated setup.py egg_info --egg-base ../../build/opencv_tools build --build-base /home/eth/ros2_ws/build/opencv_tools/build install --record /home/eth/ros2_ws/build/opencv_tools/install.log --single-version-externally-managed install_data
[2.970s] DEBUG:colcon.colcon_core.event_handler.log_command:Invoked command in '/home/eth/ros2_ws/build/publish_tf' returned '0': CMAKE_PREFIX_PATH=${CMAKE_PREFIX_PATH}:/home/eth/ros2_ws/install/autonomous_rov:/home/eth/MIR_Project_2024/glassy_challenge_ws/install/glassy_challenge:/home/eth/bookros2_ws/install/launch_pal:/home/eth/bookros2_ws/install/br2_vff_avoidance_py:/home/eth/bookros2_ws/install/br2_fsm_bumpgo_py_ex_1:/home/eth/bookros2_ws/install/br2_fsm_bumpgo_py:/opt/ros/humble /usr/bin/cmake /home/eth/ros2_ws/src/publish_tf -DCMAKE_INSTALL_PREFIX=/home/eth/ros2_ws/install/publish_tf
[2.972s] DEBUG:colcon.colcon_core.event_handler.log_command:Invoking command in '/home/eth/ros2_ws/build/publish_tf': CMAKE_PREFIX_PATH=${CMAKE_PREFIX_PATH}:/home/eth/ros2_ws/install/autonomous_rov:/home/eth/MIR_Project_2024/glassy_challenge_ws/install/glassy_challenge:/home/eth/bookros2_ws/install/launch_pal:/home/eth/bookros2_ws/install/br2_vff_avoidance_py:/home/eth/bookros2_ws/install/br2_fsm_bumpgo_py_ex_1:/home/eth/bookros2_ws/install/br2_fsm_bumpgo_py:/opt/ros/humble /usr/bin/cmake --build /home/eth/ros2_ws/build/publish_tf -- -j8 -l8
[3.014s] DEBUG:colcon.colcon_core.event_handler.log_command:Invoked command in '/home/eth/ros2_ws/build/publish_tf' returned '0': CMAKE_PREFIX_PATH=${CMAKE_PREFIX_PATH}:/home/eth/ros2_ws/install/autonomous_rov:/home/eth/MIR_Project_2024/glassy_challenge_ws/install/glassy_challenge:/home/eth/bookros2_ws/install/launch_pal:/home/eth/bookros2_ws/install/br2_vff_avoidance_py:/home/eth/bookros2_ws/install/br2_fsm_bumpgo_py_ex_1:/home/eth/bookros2_ws/install/br2_fsm_bumpgo_py:/opt/ros/humble /usr/bin/cmake --build /home/eth/ros2_ws/build/publish_tf -- -j8 -l8
[3.019s] DEBUG:colcon.colcon_core.event_handler.log_command:Invoked command in '/home/eth/ros2_ws/src/opencv_tools' returned '1': PYTHONPATH=/home/eth/ros2_ws/build/opencv_tools/prefix_override:/usr/lib/python3/dist-packages/colcon_core/task/python/colcon_distutils_commands:/home/eth/ros2_ws/install/opencv_tools/lib/python3.10/site-packages:${PYTHONPATH} /usr/bin/python3 -W ignore:setup.py install is deprecated setup.py egg_info --egg-base ../../build/opencv_tools build --build-base /home/eth/ros2_ws/build/opencv_tools/build install --record /home/eth/ros2_ws/build/opencv_tools/install.log --single-version-externally-managed install_data
[3.231s] DEBUG:colcon.colcon_parallel_executor.executor.parallel:closing loop
[3.232s] DEBUG:colcon.colcon_parallel_executor.executor.parallel:loop closed
[3.232s] DEBUG:colcon.colcon_parallel_executor.executor.parallel:run_until_complete finished with '1'
[3.232s] DEBUG:colcon.colcon_core.event_reactor:joining thread
[3.246s] INFO:colcon.colcon_core.plugin_system:Skipping extension 'colcon_notification.desktop_notification.terminal_notifier': Not used on non-Darwin systems
[3.246s] INFO:colcon.colcon_core.plugin_system:Skipping extension 'colcon_notification.desktop_notification.win32': Not used on non-Windows systems
[3.246s] INFO:colcon.colcon_notification.desktop_notification:Sending desktop notification using 'notify2'
[3.277s] DEBUG:colcon.colcon_core.event_reactor:joined thread
[3.277s] INFO:colcon.colcon_core.shell:Creating prefix script '/home/eth/ros2_ws/install/local_setup.ps1'
[3.280s] INFO:colcon.colcon_core.shell:Creating prefix util module '/home/eth/ros2_ws/install/_local_setup_util_ps1.py'
[3.290s] INFO:colcon.colcon_core.shell:Creating prefix chain script '/home/eth/ros2_ws/install/setup.ps1'
[3.302s] INFO:colcon.colcon_core.shell:Creating prefix script '/home/eth/ros2_ws/install/local_setup.sh'
[3.302s] INFO:colcon.colcon_core.shell:Creating prefix util module '/home/eth/ros2_ws/install/_local_setup_util_sh.py'
[3.303s] INFO:colcon.colcon_core.shell:Creating prefix chain script '/home/eth/ros2_ws/install/setup.sh'
[3.305s] INFO:colcon.colcon_core.shell:Creating prefix script '/home/eth/ros2_ws/install/local_setup.bash'
[3.306s] INFO:colcon.colcon_core.shell:Creating prefix chain script '/home/eth/ros2_ws/install/setup.bash'
[3.308s] INFO:colcon.colcon_core.shell:Creating prefix script '/home/eth/ros2_ws/install/local_setup.zsh'
[3.308s] INFO:colcon.colcon_core.shell:Creating prefix chain script '/home/eth/ros2_ws/install/setup.zsh'
