/home/eth/.local/lib/python3.10/site-packages/setuptools/command/develop.py:42: EasyInstallDeprecationWarning: easy_install command is deprecated.
!!

        ********************************************************************************
        Please avoid running ``setup.py`` and ``easy_install``.
        Instead, use pypa/build, pypa/installer or other
        standards-based tools.

        See https://github.com/pypa/setuptools/issues/917 for details.
        ********************************************************************************

!!
  easy_install.initialize_options(self)
running develop
running egg_info
writing autonomous_rov.egg-info/PKG-INFO
writing dependency_links to autonomous_rov.egg-info/dependency_links.txt
writing entry points to autonomous_rov.egg-info/entry_points.txt
writing requirements to autonomous_rov.egg-info/requires.txt
writing top-level names to autonomous_rov.egg-info/top_level.txt
reading manifest file 'autonomous_rov.egg-info/SOURCES.txt'
writing manifest file 'autonomous_rov.egg-info/SOURCES.txt'
running build_ext
Creating /home/eth/ros2_ws/install/autonomous_rov/lib/python3.10/site-packages/autonomous-rov.egg-link (link to .)
Installing listenerMIR script to /home/eth/ros2_ws/install/autonomous_rov/lib/autonomous_rov
Installing video script to /home/eth/ros2_ws/install/autonomous_rov/lib/autonomous_rov

Installed /home/eth/ros2_ws/build/autonomous_rov
running symlink_data
symbolically linking /home/eth/ros2_ws/build/autonomous_rov/resource/autonomous_rov -> /home/eth/ros2_ws/install/autonomous_rov/share/ament_index/resource_index/packages
symbolically linking /home/eth/ros2_ws/build/autonomous_rov/package.xml -> /home/eth/ros2_ws/install/autonomous_rov/share/autonomous_rov
symbolically linking /home/eth/ros2_ws/build/autonomous_rov/launch/run_autonomous_rov.launch.py -> /home/eth/ros2_ws/install/autonomous_rov/share/autonomous_rov/launch
symbolically linking /home/eth/ros2_ws/build/autonomous_rov/launch/video.launch.py -> /home/eth/ros2_ws/install/autonomous_rov/share/autonomous_rov/launch
symbolically linking /home/eth/ros2_ws/build/autonomous_rov/launch/run_teleop.launch -> /home/eth/ros2_ws/install/autonomous_rov/share/autonomous_rov/launch
symbolically linking /home/eth/ros2_ws/build/autonomous_rov/launch/run_mavros_only.launch -> /home/eth/ros2_ws/install/autonomous_rov/share/autonomous_rov/launch
symbolically linking /home/eth/ros2_ws/build/autonomous_rov/launch/run_mavros_teleop.launch -> /home/eth/ros2_ws/install/autonomous_rov/share/autonomous_rov/launch
symbolically linking /home/eth/ros2_ws/build/autonomous_rov/launch/run_all.launch -> /home/eth/ros2_ws/install/autonomous_rov/share/autonomous_rov/launch
symbolically linking /home/eth/ros2_ws/build/autonomous_rov/config/xbox.config.yaml -> /home/eth/ros2_ws/install/autonomous_rov/share/autonomous_rov/config
