[1.399s] Invoking command in '/home/eth/ros2_ws/src/rov_practical': PYTHONPATH=/home/eth/ros2_ws/build/rov_practical/prefix_override:/usr/lib/python3/dist-packages/colcon_core/task/python/colcon_distutils_commands:/home/eth/ros2_ws/install/rov_practical/lib/python3.10/site-packages:${PYTHONPATH} /usr/bin/python3 -W ignore:setup.py install is deprecated setup.py egg_info --egg-base ../../build/rov_practical build --build-base /home/eth/ros2_ws/build/rov_practical/build install --record /home/eth/ros2_ws/build/rov_practical/install.log --single-version-externally-managed install_data
[1.727s] running egg_info
[1.728s] creating ../../build/rov_practical/rov_practical.egg-info
[1.747s] writing ../../build/rov_practical/rov_practical.egg-info/PKG-INFO
[1.747s] writing dependency_links to ../../build/rov_practical/rov_practical.egg-info/dependency_links.txt
[1.748s] writing entry points to ../../build/rov_practical/rov_practical.egg-info/entry_points.txt
[1.748s] writing requirements to ../../build/rov_practical/rov_practical.egg-info/requires.txt
[1.748s] writing top-level names to ../../build/rov_practical/rov_practical.egg-info/top_level.txt
[1.748s] writing manifest file '../../build/rov_practical/rov_practical.egg-info/SOURCES.txt'
[1.790s] reading manifest file '../../build/rov_practical/rov_practical.egg-info/SOURCES.txt'
[1.791s] writing manifest file '../../build/rov_practical/rov_practical.egg-info/SOURCES.txt'
[1.791s] running build
[1.791s] running build_py
[1.791s] creating /home/eth/ros2_ws/build/rov_practical/build
[1.792s] creating /home/eth/ros2_ws/build/rov_practical/build/lib
[1.792s] creating /home/eth/ros2_ws/build/rov_practical/build/lib/rov_practical
[1.792s] copying rov_practical/__init__.py -> /home/eth/ros2_ws/build/rov_practical/build/lib/rov_practical
[1.792s] copying rov_practical/DDDQN.py -> /home/eth/ros2_ws/build/rov_practical/build/lib/rov_practical
[1.792s] running install
[1.799s] running install_lib
[1.823s] creating /home/eth/ros2_ws/install/rov_practical/lib/python3.10/site-packages/rov_practical
[1.823s] copying /home/eth/ros2_ws/build/rov_practical/build/lib/rov_practical/__init__.py -> /home/eth/ros2_ws/install/rov_practical/lib/python3.10/site-packages/rov_practical
[1.823s] copying /home/eth/ros2_ws/build/rov_practical/build/lib/rov_practical/DDDQN.py -> /home/eth/ros2_ws/install/rov_practical/lib/python3.10/site-packages/rov_practical
[1.824s] byte-compiling /home/eth/ros2_ws/install/rov_practical/lib/python3.10/site-packages/rov_practical/__init__.py to __init__.cpython-310.pyc
[1.824s] byte-compiling /home/eth/ros2_ws/install/rov_practical/lib/python3.10/site-packages/rov_practical/DDDQN.py to DDDQN.cpython-310.pyc
[1.826s] running install_data
[1.827s] creating /home/eth/ros2_ws/install/rov_practical/share/ament_index
[1.827s] creating /home/eth/ros2_ws/install/rov_practical/share/ament_index/resource_index
[1.827s] creating /home/eth/ros2_ws/install/rov_practical/share/ament_index/resource_index/packages
[1.827s] copying resource/rov_practical -> /home/eth/ros2_ws/install/rov_practical/share/ament_index/resource_index/packages
[1.827s] copying package.xml -> /home/eth/ros2_ws/install/rov_practical/share/rov_practical
[1.827s] running install_egg_info
[1.850s] Copying ../../build/rov_practical/rov_practical.egg-info to /home/eth/ros2_ws/install/rov_practical/lib/python3.10/site-packages/rov_practical-0.0.0-py3.10.egg-info
[1.851s] running install_scripts
[2.046s] Installing dddqn script to /home/eth/ros2_ws/install/rov_practical/lib/rov_practical
[2.047s] writing list of installed files to '/home/eth/ros2_ws/build/rov_practical/install.log'
[2.094s] Invoked command in '/home/eth/ros2_ws/src/rov_practical' returned '0': PYTHONPATH=/home/eth/ros2_ws/build/rov_practical/prefix_override:/usr/lib/python3/dist-packages/colcon_core/task/python/colcon_distutils_commands:/home/eth/ros2_ws/install/rov_practical/lib/python3.10/site-packages:${PYTHONPATH} /usr/bin/python3 -W ignore:setup.py install is deprecated setup.py egg_info --egg-base ../../build/rov_practical build --build-base /home/eth/ros2_ws/build/rov_practical/build install --record /home/eth/ros2_ws/build/rov_practical/install.log --single-version-externally-managed install_data
