[1.572s] Invoking command in '/home/eth/ros2_ws/src/autonomous_rov': PYTHONPATH=/home/eth/ros2_ws/build/autonomous_rov/prefix_override:/usr/lib/python3/dist-packages/colcon_core/task/python/colcon_distutils_commands:/home/eth/ros2_ws/install/autonomous_rov/lib/python3.10/site-packages:${PYTHONPATH} /usr/bin/python3 -W ignore:setup.py install is deprecated setup.py egg_info --egg-base ../../build/autonomous_rov build --build-base /home/eth/ros2_ws/build/autonomous_rov/build install --record /home/eth/ros2_ws/build/autonomous_rov/install.log --single-version-externally-managed install_data
[1.907s] running egg_info
[1.928s] writing ../../build/autonomous_rov/autonomous_rov.egg-info/PKG-INFO
[1.928s] writing dependency_links to ../../build/autonomous_rov/autonomous_rov.egg-info/dependency_links.txt
[1.929s] writing entry points to ../../build/autonomous_rov/autonomous_rov.egg-info/entry_points.txt
[1.929s] writing requirements to ../../build/autonomous_rov/autonomous_rov.egg-info/requires.txt
[1.929s] writing top-level names to ../../build/autonomous_rov/autonomous_rov.egg-info/top_level.txt
[1.976s] reading manifest file '../../build/autonomous_rov/autonomous_rov.egg-info/SOURCES.txt'
[1.978s] writing manifest file '../../build/autonomous_rov/autonomous_rov.egg-info/SOURCES.txt'
[1.978s] running build
[1.978s] running build_py
[1.978s] copying autonomous_rov/video.py -> /home/eth/ros2_ws/build/autonomous_rov/build/lib/autonomous_rov
[1.979s] running install
[1.990s] running install_lib
[2.021s] running install_data
[2.021s] running install_egg_info
[2.052s] removing '/home/eth/ros2_ws/install/autonomous_rov/lib/python3.10/site-packages/autonomous_rov-0.0.0-py3.10.egg-info' (and everything under it)
[2.053s] Copying ../../build/autonomous_rov/autonomous_rov.egg-info to /home/eth/ros2_ws/install/autonomous_rov/lib/python3.10/site-packages/autonomous_rov-0.0.0-py3.10.egg-info
[2.054s] running install_scripts
[2.260s] Installing listenerMIR script to /home/eth/ros2_ws/install/autonomous_rov/lib/autonomous_rov
[2.260s] Installing video script to /home/eth/ros2_ws/install/autonomous_rov/lib/autonomous_rov
[2.261s] writing list of installed files to '/home/eth/ros2_ws/build/autonomous_rov/install.log'
[2.297s] Invoked command in '/home/eth/ros2_ws/src/autonomous_rov' returned '0': PYTHONPATH=/home/eth/ros2_ws/build/autonomous_rov/prefix_override:/usr/lib/python3/dist-packages/colcon_core/task/python/colcon_distutils_commands:/home/eth/ros2_ws/install/autonomous_rov/lib/python3.10/site-packages:${PYTHONPATH} /usr/bin/python3 -W ignore:setup.py install is deprecated setup.py egg_info --egg-base ../../build/autonomous_rov build --build-base /home/eth/ros2_ws/build/autonomous_rov/build install --record /home/eth/ros2_ws/build/autonomous_rov/install.log --single-version-externally-managed install_data
