[1.639s] Invoking command in '/home/eth/ros2_ws/build/rov_practical': PYTHONPATH=/home/eth/ros2_ws/build/rov_practical/prefix_override:/usr/lib/python3/dist-packages/colcon_core/task/python/colcon_distutils_commands:/home/eth/ros2_ws/install/rov_practical/lib/python3.10/site-packages:${PYTHONPATH} /usr/bin/python3 -W ignore:setup.py install is deprecated setup.py develop --uninstall --editable --build-directory /home/eth/ros2_ws/build/rov_practical/build
[2.076s] running develop
[2.076s] /home/eth/.local/lib/python3.10/site-packages/setuptools/command/develop.py:42: EasyInstallDeprecationWarning: easy_install command is deprecated.
[2.076s] !!
[2.076s] 
[2.076s]         ********************************************************************************
[2.076s]         Please avoid running ``setup.py`` and ``easy_install``.
[2.077s]         Instead, use pypa/build, pypa/installer or other
[2.077s]         standards-based tools.
[2.077s] 
[2.077s]         See https://github.com/pypa/setuptools/issues/917 for details.
[2.077s]         ********************************************************************************
[2.077s] 
[2.077s] !!
[2.077s]   easy_install.initialize_options(self)
[2.415s] Removing /home/eth/ros2_ws/install/rov_practical/lib/python3.10/site-packages/rov-practical.egg-link (link to .)
[2.456s] Invoked command in '/home/eth/ros2_ws/build/rov_practical' returned '0': PYTHONPATH=/home/eth/ros2_ws/build/rov_practical/prefix_override:/usr/lib/python3/dist-packages/colcon_core/task/python/colcon_distutils_commands:/home/eth/ros2_ws/install/rov_practical/lib/python3.10/site-packages:${PYTHONPATH} /usr/bin/python3 -W ignore:setup.py install is deprecated setup.py develop --uninstall --editable --build-directory /home/eth/ros2_ws/build/rov_practical/build
[2.458s] Invoking command in '/home/eth/ros2_ws/src/rov_practical': PYTHONPATH=/home/eth/ros2_ws/build/rov_practical/prefix_override:/usr/lib/python3/dist-packages/colcon_core/task/python/colcon_distutils_commands:/home/eth/ros2_ws/install/rov_practical/lib/python3.10/site-packages:${PYTHONPATH} /usr/bin/python3 -W ignore:setup.py install is deprecated setup.py egg_info --egg-base ../../build/rov_practical build --build-base /home/eth/ros2_ws/build/rov_practical/build install --record /home/eth/ros2_ws/build/rov_practical/install.log --single-version-externally-managed install_data --force
[2.844s] running egg_info
[2.873s] writing ../../build/rov_practical/rov_practical.egg-info/PKG-INFO
[2.874s] writing dependency_links to ../../build/rov_practical/rov_practical.egg-info/dependency_links.txt
[2.874s] writing entry points to ../../build/rov_practical/rov_practical.egg-info/entry_points.txt
[2.875s] writing requirements to ../../build/rov_practical/rov_practical.egg-info/requires.txt
[2.875s] writing top-level names to ../../build/rov_practical/rov_practical.egg-info/top_level.txt
[2.933s] reading manifest file '../../build/rov_practical/rov_practical.egg-info/SOURCES.txt'
[2.934s] writing manifest file '../../build/rov_practical/rov_practical.egg-info/SOURCES.txt'
[2.935s] running build
[2.935s] running build_py
[2.935s] copying rov_practical/__init__.py -> /home/eth/ros2_ws/build/rov_practical/build/lib/rov_practical
[2.935s] copying rov_practical/unw.py -> /home/eth/ros2_ws/build/rov_practical/build/lib/rov_practical
[2.935s] copying rov_practical/DDDQN.py -> /home/eth/ros2_ws/build/rov_practical/build/lib/rov_practical
[2.935s] copying rov_practical/gazebo_world.py -> /home/eth/ros2_ws/build/rov_practical/build/lib/rov_practical
[2.936s] copying rov_practical/models/__init__.py -> /home/eth/ros2_ws/build/rov_practical/build/lib/rov_practical/models
[2.936s] copying rov_practical/models/mlp_policy.py -> /home/eth/ros2_ws/build/rov_practical/build/lib/rov_practical/models
[2.936s] copying rov_practical/models/mlp_critic.py -> /home/eth/ros2_ws/build/rov_practical/build/lib/rov_practical/models
[2.937s] running install
[2.943s] running install_lib
[2.972s] copying /home/eth/ros2_ws/build/rov_practical/build/lib/rov_practical/__init__.py -> /home/eth/ros2_ws/install/rov_practical/lib/python3.10/site-packages/rov_practical
[2.973s] creating /home/eth/ros2_ws/install/rov_practical/lib/python3.10/site-packages/rov_practical/models
[2.973s] copying /home/eth/ros2_ws/build/rov_practical/build/lib/rov_practical/models/__init__.py -> /home/eth/ros2_ws/install/rov_practical/lib/python3.10/site-packages/rov_practical/models
[2.973s] copying /home/eth/ros2_ws/build/rov_practical/build/lib/rov_practical/models/mlp_policy.py -> /home/eth/ros2_ws/install/rov_practical/lib/python3.10/site-packages/rov_practical/models
[2.973s] copying /home/eth/ros2_ws/build/rov_practical/build/lib/rov_practical/models/mlp_critic.py -> /home/eth/ros2_ws/install/rov_practical/lib/python3.10/site-packages/rov_practical/models
[2.973s] copying /home/eth/ros2_ws/build/rov_practical/build/lib/rov_practical/unw.py -> /home/eth/ros2_ws/install/rov_practical/lib/python3.10/site-packages/rov_practical
[2.973s] copying /home/eth/ros2_ws/build/rov_practical/build/lib/rov_practical/DDDQN.py -> /home/eth/ros2_ws/install/rov_practical/lib/python3.10/site-packages/rov_practical
[2.974s] copying /home/eth/ros2_ws/build/rov_practical/build/lib/rov_practical/gazebo_world.py -> /home/eth/ros2_ws/install/rov_practical/lib/python3.10/site-packages/rov_practical
[2.974s] byte-compiling /home/eth/ros2_ws/install/rov_practical/lib/python3.10/site-packages/rov_practical/__init__.py to __init__.cpython-310.pyc
[2.975s] byte-compiling /home/eth/ros2_ws/install/rov_practical/lib/python3.10/site-packages/rov_practical/models/__init__.py to __init__.cpython-310.pyc
[2.975s] byte-compiling /home/eth/ros2_ws/install/rov_practical/lib/python3.10/site-packages/rov_practical/models/mlp_policy.py to mlp_policy.cpython-310.pyc
[2.976s] byte-compiling /home/eth/ros2_ws/install/rov_practical/lib/python3.10/site-packages/rov_practical/models/mlp_critic.py to mlp_critic.cpython-310.pyc
[2.976s] byte-compiling /home/eth/ros2_ws/install/rov_practical/lib/python3.10/site-packages/rov_practical/unw.py to unw.cpython-310.pyc
[2.979s] byte-compiling /home/eth/ros2_ws/install/rov_practical/lib/python3.10/site-packages/rov_practical/DDDQN.py to DDDQN.cpython-310.pyc
[2.981s] byte-compiling /home/eth/ros2_ws/install/rov_practical/lib/python3.10/site-packages/rov_practical/gazebo_world.py to gazebo_world.cpython-310.pyc
[2.986s] running install_data
[2.986s] copying resource/rov_practical -> /home/eth/ros2_ws/install/rov_practical/share/ament_index/resource_index/packages
[2.986s] copying package.xml -> /home/eth/ros2_ws/install/rov_practical/share/rov_practical
[2.987s] running install_egg_info
[3.011s] Copying ../../build/rov_practical/rov_practical.egg-info to /home/eth/ros2_ws/install/rov_practical/lib/python3.10/site-packages/rov_practical-0.0.0-py3.10.egg-info
[3.012s] running install_scripts
[3.220s] Installing dddqn script to /home/eth/ros2_ws/install/rov_practical/lib/rov_practical
[3.220s] Installing uw script to /home/eth/ros2_ws/install/rov_practical/lib/rov_practical
[3.220s] writing list of installed files to '/home/eth/ros2_ws/build/rov_practical/install.log'
