/home/eth/ros2_ws/install/autonomous_rov/lib/python3.10/site-packages/autonomous_rov/listenerMIR.py
/home/eth/ros2_ws/install/autonomous_rov/lib/python3.10/site-packages/autonomous_rov/__init__.py
/home/eth/ros2_ws/install/autonomous_rov/lib/python3.10/site-packages/autonomous_rov/video.py
/home/eth/ros2_ws/install/autonomous_rov/lib/python3.10/site-packages/autonomous_rov/__pycache__/listenerMIR.cpython-310.pyc
/home/eth/ros2_ws/install/autonomous_rov/lib/python3.10/site-packages/autonomous_rov/__pycache__/__init__.cpython-310.pyc
/home/eth/ros2_ws/install/autonomous_rov/lib/python3.10/site-packages/autonomous_rov/__pycache__/video.cpython-310.pyc
/home/eth/ros2_ws/install/autonomous_rov/share/ament_index/resource_index/packages/autonomous_rov
/home/eth/ros2_ws/install/autonomous_rov/share/autonomous_rov/package.xml
/home/eth/ros2_ws/install/autonomous_rov/share/autonomous_rov/launch/run_autonomous_rov.launch.py
/home/eth/ros2_ws/install/autonomous_rov/share/autonomous_rov/launch/video.launch.py
/home/eth/ros2_ws/install/autonomous_rov/share/autonomous_rov/launch/run_teleop.launch
/home/eth/ros2_ws/install/autonomous_rov/share/autonomous_rov/launch/run_mavros_only.launch
/home/eth/ros2_ws/install/autonomous_rov/share/autonomous_rov/launch/run_mavros_teleop.launch
/home/eth/ros2_ws/install/autonomous_rov/share/autonomous_rov/launch/run_all.launch
/home/eth/ros2_ws/install/autonomous_rov/share/autonomous_rov/config/xbox.config.yaml
/home/eth/ros2_ws/install/autonomous_rov/lib/python3.10/site-packages/autonomous_rov-0.0.0-py3.10.egg-info/requires.txt
/home/eth/ros2_ws/install/autonomous_rov/lib/python3.10/site-packages/autonomous_rov-0.0.0-py3.10.egg-info/entry_points.txt
/home/eth/ros2_ws/install/autonomous_rov/lib/python3.10/site-packages/autonomous_rov-0.0.0-py3.10.egg-info/zip-safe
/home/eth/ros2_ws/install/autonomous_rov/lib/python3.10/site-packages/autonomous_rov-0.0.0-py3.10.egg-info/PKG-INFO
/home/eth/ros2_ws/install/autonomous_rov/lib/python3.10/site-packages/autonomous_rov-0.0.0-py3.10.egg-info/dependency_links.txt
/home/eth/ros2_ws/install/autonomous_rov/lib/python3.10/site-packages/autonomous_rov-0.0.0-py3.10.egg-info/SOURCES.txt
/home/eth/ros2_ws/install/autonomous_rov/lib/python3.10/site-packages/autonomous_rov-0.0.0-py3.10.egg-info/top_level.txt
/home/eth/ros2_ws/install/autonomous_rov/lib/autonomous_rov/listenerMIR
/home/eth/ros2_ws/install/autonomous_rov/lib/autonomous_rov/video
