[2.034s] Invoking command in '/home/eth/ros2_ws/build/autonomous_rov': PYTHONPATH=/home/eth/ros2_ws/build/autonomous_rov/prefix_override:/usr/lib/python3/dist-packages/colcon_core/task/python/colcon_distutils_commands:/home/eth/ros2_ws/install/autonomous_rov/lib/python3.10/site-packages:${PYTHONPATH} /usr/bin/python3 -W ignore:setup.py install is deprecated setup.py develop --uninstall --editable --build-directory /home/eth/ros2_ws/build/autonomous_rov/build
[2.622s] running develop
[2.623s] /home/eth/.local/lib/python3.10/site-packages/setuptools/command/develop.py:42: EasyInstallDeprecationWarning: easy_install command is deprecated.
[2.623s] !!
[2.623s] 
[2.623s]         ********************************************************************************
[2.623s]         Please avoid running ``setup.py`` and ``easy_install``.
[2.623s]         Instead, use pypa/build, pypa/installer or other
[2.623s]         standards-based tools.
[2.623s] 
[2.624s]         See https://github.com/pypa/setuptools/issues/917 for details.
[2.624s]         ********************************************************************************
[2.624s] 
[2.624s] !!
[2.624s]   easy_install.initialize_options(self)
[3.123s] Removing /home/eth/ros2_ws/install/autonomous_rov/lib/python3.10/site-packages/autonomous-rov.egg-link (link to .)
[3.164s] Invoked command in '/home/eth/ros2_ws/build/autonomous_rov' returned '0': PYTHONPATH=/home/eth/ros2_ws/build/autonomous_rov/prefix_override:/usr/lib/python3/dist-packages/colcon_core/task/python/colcon_distutils_commands:/home/eth/ros2_ws/install/autonomous_rov/lib/python3.10/site-packages:${PYTHONPATH} /usr/bin/python3 -W ignore:setup.py install is deprecated setup.py develop --uninstall --editable --build-directory /home/eth/ros2_ws/build/autonomous_rov/build
[3.166s] Invoking command in '/home/eth/ros2_ws/src/autonomous_rov': PYTHONPATH=/home/eth/ros2_ws/build/autonomous_rov/prefix_override:/usr/lib/python3/dist-packages/colcon_core/task/python/colcon_distutils_commands:/home/eth/ros2_ws/install/autonomous_rov/lib/python3.10/site-packages:${PYTHONPATH} /usr/bin/python3 -W ignore:setup.py install is deprecated setup.py egg_info --egg-base ../../build/autonomous_rov build --build-base /home/eth/ros2_ws/build/autonomous_rov/build install --record /home/eth/ros2_ws/build/autonomous_rov/install.log --single-version-externally-managed install_data --force
[3.610s] running egg_info
[3.635s] writing ../../build/autonomous_rov/autonomous_rov.egg-info/PKG-INFO
[3.635s] writing dependency_links to ../../build/autonomous_rov/autonomous_rov.egg-info/dependency_links.txt
[3.636s] writing entry points to ../../build/autonomous_rov/autonomous_rov.egg-info/entry_points.txt
[3.636s] writing requirements to ../../build/autonomous_rov/autonomous_rov.egg-info/requires.txt
[3.636s] writing top-level names to ../../build/autonomous_rov/autonomous_rov.egg-info/top_level.txt
[3.689s] reading manifest file '../../build/autonomous_rov/autonomous_rov.egg-info/SOURCES.txt'
[3.690s] writing manifest file '../../build/autonomous_rov/autonomous_rov.egg-info/SOURCES.txt'
[3.690s] running build
[3.690s] running build_py
[3.691s] copying autonomous_rov/video.py -> /home/eth/ros2_ws/build/autonomous_rov/build/lib/autonomous_rov
[3.692s] running install
[3.700s] running install_lib
[3.726s] creating /home/eth/ros2_ws/install/autonomous_rov/lib/python3.10/site-packages/autonomous_rov
[3.726s] copying /home/eth/ros2_ws/build/autonomous_rov/build/lib/autonomous_rov/listenerMIR.py -> /home/eth/ros2_ws/install/autonomous_rov/lib/python3.10/site-packages/autonomous_rov
[3.727s] copying /home/eth/ros2_ws/build/autonomous_rov/build/lib/autonomous_rov/__init__.py -> /home/eth/ros2_ws/install/autonomous_rov/lib/python3.10/site-packages/autonomous_rov
[3.727s] copying /home/eth/ros2_ws/build/autonomous_rov/build/lib/autonomous_rov/video.py -> /home/eth/ros2_ws/install/autonomous_rov/lib/python3.10/site-packages/autonomous_rov
[3.727s] byte-compiling /home/eth/ros2_ws/install/autonomous_rov/lib/python3.10/site-packages/autonomous_rov/listenerMIR.py to listenerMIR.cpython-310.pyc
[3.732s] byte-compiling /home/eth/ros2_ws/install/autonomous_rov/lib/python3.10/site-packages/autonomous_rov/__init__.py to __init__.cpython-310.pyc
[3.732s] byte-compiling /home/eth/ros2_ws/install/autonomous_rov/lib/python3.10/site-packages/autonomous_rov/video.py to video.cpython-310.pyc
[3.733s] running install_data
[3.734s] copying resource/autonomous_rov -> /home/eth/ros2_ws/install/autonomous_rov/share/ament_index/resource_index/packages
[3.734s] copying package.xml -> /home/eth/ros2_ws/install/autonomous_rov/share/autonomous_rov
[3.734s] copying launch/run_autonomous_rov.launch.py -> /home/eth/ros2_ws/install/autonomous_rov/share/autonomous_rov/launch
[3.735s] copying launch/video.launch.py -> /home/eth/ros2_ws/install/autonomous_rov/share/autonomous_rov/launch
[3.735s] copying launch/run_teleop.launch -> /home/eth/ros2_ws/install/autonomous_rov/share/autonomous_rov/launch
[3.735s] copying launch/run_mavros_only.launch -> /home/eth/ros2_ws/install/autonomous_rov/share/autonomous_rov/launch
[3.735s] copying launch/run_mavros_teleop.launch -> /home/eth/ros2_ws/install/autonomous_rov/share/autonomous_rov/launch
[3.736s] copying launch/run_all.launch -> /home/eth/ros2_ws/install/autonomous_rov/share/autonomous_rov/launch
[3.736s] copying config/xbox.config.yaml -> /home/eth/ros2_ws/install/autonomous_rov/share/autonomous_rov/config
[3.736s] running install_egg_info
[3.763s] Copying ../../build/autonomous_rov/autonomous_rov.egg-info to /home/eth/ros2_ws/install/autonomous_rov/lib/python3.10/site-packages/autonomous_rov-0.0.0-py3.10.egg-info
[3.764s] running install_scripts
[4.034s] Installing listenerMIR script to /home/eth/ros2_ws/install/autonomous_rov/lib/autonomous_rov
[4.035s] Installing video script to /home/eth/ros2_ws/install/autonomous_rov/lib/autonomous_rov
[4.035s] writing list of installed files to '/home/eth/ros2_ws/build/autonomous_rov/install.log'
